FICO Xpress v8.8.0, Hyper, solve started 17:52:15, Dec 7, 2022
Heap usage: 7545MB (peak 7655MB, 0MB system)
Detected container-enforced memory limit of 153600 MB
Minimizing LP 
Original problem has:
  24129409 rows     14818513 cols    114913959 elements
Presolved problem has:
   3095932 rows      3316566 cols     12059800 elements
Presolve finished in 44 seconds
Heap usage: 6GB (peak 21GB, 0GB system)

Coefficient range                    original                 solved        
  Coefficients   [min,max] : [ 1.00e+00,  3.68e+04] / [ 1.00e+00,  1.00e+00]
  RHS and bounds [min,max] : [ 1.66e+03,  1.07e+09] / [ 1.66e+03,  1.07e+09]
  Objective      [min,max] : [ 2.01e-05,  4.18e+06] / [ 2.01e-05,  4.80e+01]

Barrier cache sizes : L1=32K L2=25344K
Using AVX support
Cores per CPU (CORESPERCPU): 18
Barrier starts after 47 seconds, using up to 36 threads, 36 cores
Matrix ordering - Dense cols.: 122016   NZ(L):  61731728   Flops:  23662562334
 
  Its   P.inf      D.inf      U.inf      Primal obj.     Dual obj.      Compl.
   0   3.32e+09   4.90e+01   2.22e+07   2.1338383e+12  -1.4220596e+15   5.0e+15
   1   2.01e+09   2.72e+01   1.34e+07   2.3335487e+12  -8.9148887e+14   3.0e+15
   2   9.32e+08   2.35e+01   6.23e+06   2.7498701e+12  -7.8998039e+14   2.7e+15
   3   3.20e+08   6.34e+00   2.14e+06   3.4262648e+12  -2.7391629e+14   9.2e+14
   4   3.25e+07   6.86e-01   2.17e+05   3.9271557e+12  -5.3092845e+13   1.5e+14
   5   1.36e+07   1.37e-01   9.09e+04   3.2807205e+12  -1.2726234e+13   3.7e+13
   6   9.06e+06   6.99e-02   6.06e+04   2.7925387e+12  -7.2768133e+12   2.1e+13
   7   4.76e+06   3.96e-02   3.19e+04   2.1485822e+12  -4.4764798e+12   1.3e+13
   8   1.34e+06   1.14e-02   8.93e+03   1.4165179e+12  -1.6542023e+12   5.7e+12
   9   1.80e+05   1.87e-03   1.20e+03   7.2926415e+11  -3.8282948e+11   1.5e+12
  10   2.82e+04   2.04e-04   1.89e+02   3.4502489e+11  -6.0707695e+10   4.4e+11
  11   8.69e+03   1.15e-04   5.81e+01   1.7823475e+11  -2.6838430e+10   2.2e+11
  12   4.13e+03   5.18e-05   2.76e+01   1.2031193e+11   1.8457682e+09   1.2e+11
  13   3.41e+03   2.88e-05   2.28e+01   1.0854472e+11   1.3774286e+10   9.7e+10
  14   3.20e+03   2.03e-05   2.14e+01   1.0480401e+11   1.8444424e+10   8.8e+10
  15   3.12e+03   1.31e-05   2.09e+01   1.0343395e+11   2.2468494e+10   8.2e+10
  16   3.09e+03   1.02e-05   2.07e+01   1.0286924e+11   2.4308189e+10   7.9e+10
  17   2.24e+03   7.66e-06   1.50e+01   8.5786623e+10   2.6005238e+10   6.0e+10
  18   1.45e+03   4.15e-06   9.71e+00   7.0659941e+10   2.8229393e+10   4.3e+10
  19   8.29e+02   2.39e-06   5.54e+00   5.7522391e+10   2.9638584e+10   2.8e+10
  20   5.39e+02   1.29e-06   3.60e+00   5.0585505e+10   3.0785913e+10   2.0e+10
  21   4.58e+02   9.88e-07   3.06e+00   4.8458008e+10   3.1166500e+10   1.7e+10
  22   3.60e+02   5.64e-07   2.40e+00   4.5777713e+10   3.1748292e+10   1.4e+10
  23   3.45e+02   4.61e-07   2.31e+00   4.5362552e+10   3.1910355e+10   1.4e+10
  24   2.47e+02   2.77e-07   1.65e+00   4.2506997e+10   3.2208982e+10   1.0e+10
  25   1.83e+02   1.45e-07   1.22e+00   4.0529411e+10   3.2478382e+10   8.1e+09
  26   1.30e+02   9.51e-08   8.71e-01   3.8779417e+10   3.2608422e+10   6.2e+09
  27   6.60e+01   4.51e-08   4.41e-01   3.6498914e+10   3.2774444e+10   3.7e+09
  28   4.50e+01   2.90e-08   3.01e-01   3.5627216e+10   3.2860319e+10   2.8e+09
  29   1.95e+01   1.72e-08   1.31e-01   3.4481748e+10   3.2936997e+10   1.5e+09
  30   1.36e+01   9.70e-09   9.09e-02   3.4155466e+10   3.3006530e+10   1.2e+09
  31   9.22e+00   6.77e-09   6.16e-02   3.3892718e+10   3.3037874e+10   8.6e+08
  32   7.38e+00   6.23e-09   4.93e-02   3.3772436e+10   3.3044486e+10   7.3e+08
  33   4.46e+00   5.88e-09   2.98e-02   3.3574189e+10   3.3049108e+10   5.3e+08
  34   2.63e+00   3.62e-09   1.76e-02   3.3436234e+10   3.3081451e+10   3.6e+08
  35   2.09e+00   2.67e-09   1.39e-02   3.3389693e+10   3.3096625e+10   2.9e+08
  36   1.07e+00   1.54e-09   7.19e-03   3.3297693e+10   3.3115518e+10   1.8e+08
  37   5.93e-01   1.04e-09   3.97e-03   3.3245554e+10   3.3125065e+10   1.2e+08
  38   4.46e-01   9.13e-10   2.99e-03   3.3227104e+10   3.3127794e+10   1.0e+08
  39   3.72e-01   7.24e-10   2.49e-03   3.3217160e+10   3.3131944e+10   8.5e+07
  40   2.18e-01   4.89e-10   1.46e-03   3.3195635e+10   3.3137304e+10   5.8e+07
  41   1.29e-01   3.08e-10   8.63e-04   3.3181424e+10   3.3141726e+10   4.0e+07
  42   6.80e-02   2.33e-10   4.56e-04   3.3170215e+10   3.3143852e+10   2.6e+07
  43   2.70e-02   1.53e-10   1.92e-04   3.3161681e+10   3.3146296e+10   1.5e+07
  44   1.53e-02   8.73e-11   1.10e-04   3.3158220e+10   3.3148157e+10   1.0e+07
  45   1.24e-02   5.09e-11   5.60e-05   3.3155533e+10   3.3149321e+10   6.2e+06
  46   1.19e-02   3.27e-11   3.66e-05   3.3154337e+10   3.3149949e+10   4.4e+06
  47   1.65e-02   2.91e-11   1.96e-05   3.3153146e+10   3.3150262e+10   2.9e+06
  48   1.65e-02   2.18e-11   1.36e-05   3.3152653e+10   3.3150501e+10   2.2e+06
  49   1.96e-02   1.79e-11   4.31e-06   3.3151798e+10   3.3150749e+10   1.1e+06
  50   1.15e-02   1.66e-11   2.05e-06   3.3151494e+10   3.3150867e+10   6.3e+05
  51   2.05e-02   2.18e-11   8.48e-07   3.3151291e+10   3.3150928e+10   3.6e+05
  52   2.53e-02   1.46e-11   4.79e-07   3.3151210e+10   3.3150981e+10   2.3e+05
  53   1.79e-02   2.91e-11   1.82e-07   3.3151130e+10   3.3151011e+10   1.2e+05
  54   1.09e-01   2.91e-11   6.41e-08   3.3151086e+10   3.3151021e+10   6.5e+04
  55   1.42e-01   5.82e-11   2.98e-08   3.3151068e+10   3.3151030e+10   3.8e+04
  56   3.34e-01   1.16e-10   2.98e-08   3.3151055e+10   3.3151038e+10   1.7e+04
  57   4.39e+00   1.16e-10   2.98e-08   3.3151053e+10   3.3151039e+10   1.4e+04
  58   1.85e+00   2.33e-10   2.98e-08   3.3151048e+10   3.3151041e+10   6.9e+03
  59   5.92e-01   4.66e-10   2.98e-08   3.3151044e+10   3.3151042e+10   1.8e+03
  60   6.74e+00   4.66e-10   2.98e-08   3.3151043e+10   3.3151043e+10   6.0e+02
  61   1.28e+00   6.98e-10   2.98e-08   3.3151043e+10   3.3151043e+10   2.2e+02
  62   1.24e-01   9.31e-10   2.98e-08   3.3151043e+10   3.3151043e+10   6.7e+01
  63   5.93e-02   2.14e-08   2.98e-08   3.3151043e+10   3.3151043e+10   1.9e+01
  64   7.01e-03   3.73e-09   2.98e-08   3.3151043e+10   3.3151043e+10   2.6e-01
Barrier method finished in 535 seconds
Uncrunching matrix
Optimal solution found
Barrier solved problem
  64 barrier iterations in 589s

Final objective                       : 3.315104268107991e+10
  Max primal violation      (abs/rel) : 7.011e-03 / 7.011e-03
  Max dual violation        (abs/rel) : 1.891e-15 / 1.891e-15
  Max complementarity viol. (abs/rel) : 9.854e-03 / 1.136e-11
FICO Xpress v8.8.0, Hyper, solve started 19:31:42, Dec 7, 2022
Heap usage: 9GB (peak 21GB, 0GB system)
Detected container-enforced memory limit of 153600 MB
Minimizing LP 
Original problem has:
  24162961 rows     14818513 cols    114947511 elements
Presolved problem has:
   3097264 rows      3317924 cols     12062490 elements
Presolve finished in 46 seconds
Heap usage: 7GB (peak 25GB, 0GB system)

Coefficient range                    original                 solved        
  Coefficients   [min,max] : [ 1.00e+00,  3.68e+04] / [ 1.00e+00,  1.00e+00]
  RHS and bounds [min,max] : [ 1.66e+03,  1.07e+09] / [ 1.66e+03,  1.07e+09]
  Objective      [min,max] : [ 2.01e-05,  1.44e+07] / [ 2.01e-05,  1.44e+07]

Barrier cache sizes : L1=32K L2=25344K
Using AVX support
Cores per CPU (CORESPERCPU): 18
Barrier starts after 49 seconds, using up to 36 threads, 36 cores
Matrix ordering - Dense cols.: 122016   NZ(L):  61739515   Flops:  23662567412
 
  Its   P.inf      D.inf      U.inf      Primal obj.     Dual obj.      Compl.
   0   3.35e+09   9.62e+05   2.24e+07   3.7963852e+17  -2.7913982e+19   1.0e+20
   1   2.02e+09   5.30e+05   1.35e+07   4.9337531e+17  -1.7426544e+19   6.0e+19
   2   7.22e+08   4.40e+05   4.82e+06   6.0063647e+17  -1.4930247e+19   5.2e+19
   3   2.64e+08   9.18e+04   1.76e+06   6.0328407e+17  -3.9899799e+18   1.3e+19
   4   4.17e+07   3.27e+04   2.78e+05   5.2034217e+17  -1.8232362e+18   5.8e+18
   5   9.18e+06   5.23e+03   6.13e+04   3.6065612e+17  -4.4278199e+17   1.4e+18
   6   4.18e+06   2.42e+03   2.79e+04   2.3635318e+17  -2.3913601e+17   7.3e+17
   7   2.48e+06   8.91e+02   1.65e+04   1.6924113e+17  -1.0924402e+17   3.7e+17
   8   1.82e+06   4.90e+02   1.21e+04   1.3399477e+17  -6.7853236e+16   2.5e+17
   9   1.34e+06   1.22e+02   8.96e+03   1.0539162e+17  -2.6104572e+16   1.5e+17
  10   4.99e+05   4.83e+01   3.33e+03   4.8453799e+16  -1.4548750e+16   7.6e+16
  11   3.35e+04   9.49e+00   2.24e+02   8.1553457e+15  -4.6449698e+15   1.6e+16
  12   8.93e+03   1.82e+00   5.96e+01   3.4293656e+15  -1.4662130e+15   5.9e+15
  13   2.21e+03   2.52e-01   1.47e+01   1.1355188e+15  -3.3141752e+14   1.7e+15
  14   1.72e+03   1.18e-01   1.15e+01   9.2731037e+14  -1.9428082e+14   1.2e+15
  15   1.36e+03   8.87e-02   9.10e+00   7.6388720e+14  -1.5914521e+14   1.0e+15
  16   1.16e+03   6.37e-02   7.76e+00   6.6837754e+14  -1.2679165e+14   8.7e+14
  17   9.95e+02   3.77e-02   6.64e+00   5.8609612e+14  -9.0447042e+13   7.2e+14
  18   9.44e+02   2.85e-02   6.30e+00   5.6023318e+14  -7.6160427e+13   6.7e+14
  19   6.77e+02   1.32e-02   4.52e+00   4.2451055e+14  -5.0922659e+13   5.1e+14
  20   5.90e+02   1.11e-02   3.94e+00   3.7791315e+14  -4.6394693e+13   4.5e+14
  21   4.40e+02   7.45e-03   2.94e+00   2.9577418e+14  -3.7416919e+13   3.5e+14
  22   2.48e+02   2.97e-03   1.66e+00   1.8648843e+14  -2.3761697e+13   2.2e+14
  23   1.33e+01   1.20e-03   8.89e-02   3.8640591e+13  -1.5059909e+13   6.3e+13
  24   6.45e+00   4.80e-04   4.30e-02   2.3846579e+13  -7.4543127e+12   3.5e+13
  25   4.90e+00   3.95e-04   3.27e-02   1.9459586e+13  -6.3664062e+12   2.8e+13
  26   5.35e+00   2.18e-04   1.96e-02   1.3486717e+13  -3.9836195e+12   1.9e+13
  27   3.85e+01   7.61e-05   9.01e-03   7.8601303e+12  -1.8206578e+12   1.0e+13
  28   3.60e+01   1.07e-05   3.00e-03   3.7414755e+12  -5.1365021e+11   4.3e+12
  29   1.03e+02   3.87e-06   7.30e-04   1.4995419e+12  -2.3015344e+11   1.7e+12
  30   5.75e+01   5.39e-02   4.07e-04   9.8074345e+11  -1.6277204e+11   1.2e+12
  31   4.61e+01   1.52e-01   3.26e-04   8.7347889e+11  -1.1913895e+11   9.5e+11
  32   2.28e+01   8.93e-01   1.61e-04   6.4681716e+11  -7.9031619e+10   6.2e+11
  33   1.50e+01   8.63e-01   1.06e-04   5.5856736e+11  -6.3320697e+10   4.9e+11
  34   8.75e+00   1.75e+00   6.19e-05   4.8204154e+11  -2.9433581e+10   3.4e+11
  35   3.92e+00   5.70e+00   2.76e-05   4.1349851e+11  -1.2518375e+09   1.9e+11
  36   6.35e+00   5.12e+00   9.16e-06   3.6282035e+11   2.4648952e+09   9.0e+10
  37   2.99e+00   3.88e+00   4.32e-06   3.4610843e+11   7.9187265e+09   6.0e+10
  38   1.47e+00   3.46e+00   2.14e-06   3.3672805e+11   1.4691760e+10   3.8e+10
  39   2.23e+00   3.83e+00   5.07e-07   3.2779475e+11   1.8331353e+10   1.9e+10
  40   1.09e+00   4.08e+00   2.47e-07   3.2529551e+11   1.9725305e+10   1.2e+10
  41   2.77e+00   4.69e+00   2.98e-08   3.2246747e+11   1.9150060e+10   7.3e+09
Barrier method finished in 894 seconds
?250 Warning: too many numerical errors
Uncrunching matrix
 
   Its         Obj Value      S   Ninf  Nneg        Sum Inf  Time
     0       3.36728E+11      B  63450     0      92.954444   946
Problem is unsolved
SERA directory not specified in input arguments, setting to default directory
STARTING DATA PRE-PROCESSING 
Processing Temporal Data
Processing Nodes
Processing Demand
Processing Existings
Processing Links
Processing Pathways
Creating Infrastructure options
 52.440771 seconds (222.18 M allocations: 22.670 GiB, 18.64% gc time, 0.87% compilation time)

OPTIMIZING FROM 2026 TO 2049 

STARTING OPTIMIZATION MODEL CREATION
CREATING VARIABLES AND EXPRESSIONS
908.596444 seconds (1.35 G allocations: 80.839 GiB, 86.37% gc time, 1.41% compilation time)
POPULATING EXPRESSIONS
500.393975 seconds (1.22 G allocations: 175.870 GiB, 25.01% gc time, 0.05% compilation time)
CREATING CONSTRAINTS
1061.681636 seconds (795.60 M allocations: 54.496 GiB, 87.47% gc time, 0.27% compilation time)
POPULATED CORE OPTIMIZATION MODEL, STARTING ITERATIONS
READING COST DATA FOR ITERATION 1
468.789833 seconds (286.45 M allocations: 25.561 GiB, 81.15% gc time, 0.22% compilation time)
CREATING EXPRESSIONS FOR CAPITAL AND FIXED COST
2977.387677 seconds (644.61 M allocations: 52.003 GiB, 97.94% gc time, 0.09% compilation time)
BUILDING OBJECTIVE FUNCTION
178.918205 seconds (140.13 M allocations: 5.142 GiB, 82.68% gc time, 0.70% compilation time)
Optimizing for iteration 1
3808.761701 seconds (1.21 G allocations: 52.463 GiB, 68.71% gc time, 1.24% compilation time)
OPTIMAL
3.3151042681069294e10
ϵ =  1.0
READING COST DATA FOR ITERATION 2
775.511087 seconds (229.75 M allocations: 24.355 GiB, 88.99% gc time, 0.43% compilation time)
CREATING EXPRESSIONS FOR CAPITAL AND FIXED COST
4110.397513 seconds (647.92 M allocations: 51.907 GiB, 98.47% gc time, 0.00% compilation time)
BUILDING OBJECTIVE FUNCTION
278.977760 seconds (158.23 M allocations: 5.712 GiB, 87.43% gc time)
Optimizing for iteration 2
950.227608 seconds (162 allocations: 184.354 MiB, 0.34% gc time)
NUMERICAL_ERROR
