FICO Xpress v8.8.0, Hyper, solve started 17:58:44, Dec 2, 2022
Heap usage: 2823MB (peak 2869MB, 0MB system)
Detected container-enforced memory limit of 191752 MB
Minimizing LP 
Original problem has:
  10053920 rows      6174381 cols     35006900 elements
Presolved problem has:
    572677 rows       660442 cols      2181732 elements
Presolve finished in 11 seconds
Heap usage: 2282MB (peak 8226MB, 0MB system)

Coefficient range                    original                 solved        
  Coefficients   [min,max] : [ 1.00e+00,  1.00e+01] / [ 1.00e+00,  1.00e+00]
  RHS and bounds [min,max] : [ 1.66e+03,  2.86e+08] / [ 1.66e+03,  2.86e+08]
  Objective      [min,max] : [ 5.48e-05,  1.11e+06] / [ 5.48e-05,  4.03e+01]

Barrier cache sizes : L1=32K L2=25344K
Using AVX support
Cores per CPU (CORESPERCPU): 18
Barrier starts after 12 seconds, using up to 36 threads, 36 cores
Matrix ordering - Dense cols.:      0   NZ(L):  12524049   Flops:   1637978796
 
  Its   P.inf      D.inf      U.inf      Primal obj.     Dual obj.      Compl.
   0   5.76e+08   4.13e+01   1.01e+07   7.0856440e+11  -2.2207657e+14   5.0e+14
   1   2.91e+08   2.28e+01   5.12e+06   8.2081105e+11  -1.3238737e+14   3.0e+14
   2   8.39e+07   1.35e+01   1.47e+06   1.0157073e+12  -8.3576706e+13   2.0e+14
   3   2.25e+07   2.55e+00   3.94e+05   1.1709360e+12  -2.0342055e+13   5.0e+13
   4   4.29e+06   3.13e-01   7.53e+04   8.0940737e+11  -2.6382303e+12   6.9e+12
   5   1.50e+06   5.01e-02   2.63e+04   5.3088866e+11  -5.6831741e+11   1.8e+12
   6   1.72e+05   1.11e-02   3.02e+03   2.3418795e+11  -1.6951434e+11   5.7e+11
   7   2.64e+04   1.88e-03   4.64e+02   1.1434544e+11  -3.6077286e+10   1.7e+11
   8   8.28e+03   5.63e-04   1.45e+02   6.2783260e+10  -7.0375373e+09   7.4e+10
   9   6.22e+03   2.02e-04   1.09e+02   5.2960548e+10   3.1190510e+09   5.1e+10
  10   5.66e+03   1.59e-04   9.93e+01   4.9911265e+10   4.4398394e+09   4.7e+10
  11   2.12e+03   9.19e-05   3.72e+01   2.9185828e+10   6.8097871e+09   2.3e+10
  12   8.28e+02   4.59e-05   1.45e+01   2.0520433e+10   8.6475730e+09   1.2e+10
  13   4.94e+02   2.37e-05   8.68e+00   1.7566420e+10   9.6993664e+09   7.9e+09
  14   1.95e+02   9.73e-06   3.42e+00   1.4513927e+10   1.0440025e+10   4.1e+09
  15   6.28e+01   6.33e-06   1.10e+00   1.2745189e+10   1.0664797e+10   2.1e+09
  16   2.59e+01   3.47e-06   4.56e-01   1.2054971e+10   1.0884417e+10   1.2e+09
  17   2.24e+01   3.19e-06   3.93e-01   1.1966873e+10   1.0908455e+10   1.1e+09
  18   8.62e+00   1.78e-06   1.51e-01   1.1615919e+10   1.1029932e+10   5.9e+08
  19   4.82e+00   1.03e-06   8.47e-02   1.1484059e+10   1.1101309e+10   3.8e+08
  20   2.36e+00   6.67e-07   4.15e-02   1.1380853e+10   1.1137923e+10   2.4e+08
  21   1.30e+00   3.76e-07   2.28e-02   1.1325570e+10   1.1169142e+10   1.6e+08
  22   5.94e-01   8.97e-08   1.04e-02   1.1281193e+10   1.1201945e+10   7.9e+07
  23   3.63e-01   5.07e-08   6.37e-03   1.1260932e+10   1.1207612e+10   5.3e+07
  24   6.71e-02   2.67e-08   1.18e-03   1.1230667e+10   1.1211642e+10   1.9e+07
  25   3.56e-02   1.10e-08   6.29e-04   1.1225964e+10   1.1214670e+10   1.1e+07
  26   1.61e-02   9.60e-09   2.87e-04   1.1222322e+10   1.1214964e+10   7.4e+06
  27   5.56e-03   3.30e-09   8.99e-05   1.1219777e+10   1.1216391e+10   3.4e+06
  28   7.67e-03   1.62e-09   5.91e-05   1.1219149e+10   1.1216835e+10   2.3e+06
  29   7.41e-03   1.11e-09   2.04e-05   1.1218235e+10   1.1216984e+10   1.3e+06
  30   1.63e-02   5.46e-10   4.83e-06   1.1217733e+10   1.1217161e+10   5.7e+05
  31   1.20e-02   2.62e-10   1.18e-06   1.1217528e+10   1.1217269e+10   2.6e+05
  32   1.44e-02   1.46e-10   5.02e-07   1.1217460e+10   1.1217326e+10   1.3e+05
  33   1.26e-02   1.16e-10   2.98e-08   1.1217381e+10   1.1217360e+10   2.1e+04
  34   1.21e-02   2.10e-09   2.98e-08   1.1217374e+10   1.1217364e+10   9.8e+03
  35   1.05e-02   4.66e-10   2.98e-08   1.1217366e+10   1.1217365e+10   4.3e+02
  36   1.31e-02   4.66e-10   2.98e-08   1.1217365e+10   1.1217365e+10   1.4e+00
Barrier method finished in 30 seconds
Uncrunching matrix
Optimal solution found
Barrier solved problem
  36 barrier iterations in 44s

Final objective                       : 1.121736533129779e+10
  Max primal violation      (abs/rel) : 1.311e-02 / 1.311e-02
  Max dual violation        (abs/rel) : 8.177e-14 / 8.177e-14
  Max complementarity viol. (abs/rel) : 2.292e-03 / 1.296e-11
FICO Xpress v8.8.0, Hyper, solve started 18:08:02, Dec 2, 2022
Heap usage: 3661MB (peak 8226MB, 0MB system)
Detected container-enforced memory limit of 191752 MB
Minimizing LP 
Original problem has:
  10067900 rows      6174381 cols     35020880 elements
Presolved problem has:
    573774 rows       661565 cols      2184186 elements
Presolve finished in 12 seconds
Heap usage: 2848MB (peak 9739MB, 0MB system)

Coefficient range                    original                 solved        
  Coefficients   [min,max] : [ 1.00e+00,  1.00e+01] / [ 1.00e+00,  1.00e+00]
  RHS and bounds [min,max] : [ 1.66e+03,  2.86e+08] / [ 1.66e+03,  2.86e+08]
  Objective      [min,max] : [ 5.48e-05,  1.34e+07] / [ 5.48e-05,  1.34e+07]

Barrier cache sizes : L1=32K L2=25344K
Using AVX support
Cores per CPU (CORESPERCPU): 18
Barrier starts after 12 seconds, using up to 36 threads, 36 cores
Matrix ordering - Dense cols.:      0   NZ(L):  12532287   Flops:   1638019352
 
  Its   P.inf      D.inf      U.inf      Primal obj.     Dual obj.      Compl.
   0   5.86e+08   4.57e+05   1.02e+07   1.3981105e+17  -2.4621784e+18   5.6e+18
   1   3.01e+08   2.48e+05   5.26e+06   1.5197796e+17  -1.4445682e+18   3.3e+18
   2   9.34e+07   1.48e+05   1.63e+06   1.4601665e+17  -9.1342248e+17   2.1e+18
   3   2.51e+07   2.28e+04   4.38e+05   1.1632162e+17  -1.9776827e+17   5.0e+17
   4   2.43e+06   3.91e+03   4.24e+04   4.0640106e+16  -4.3086035e+16   1.1e+17
   5   6.50e+05   1.55e+03   1.14e+04   1.9417362e+16  -2.0102047e+16   5.4e+16
   6   1.04e+05   1.14e+02   1.81e+03   5.3611375e+15  -2.4136072e+15   9.1e+15
   7   4.10e+03   6.97e+00   7.16e+01   4.2841589e+14  -2.2705277e+14   7.5e+14
   8   3.09e+03   1.57e+00   5.40e+01   3.4402571e+14  -7.5016190e+13   4.4e+14
   9   1.88e+03   7.26e-01   3.29e+01   2.2878769e+14  -4.4513682e+13   3.0e+14
  10   1.07e+03   2.55e-01   1.88e+01   1.4533017e+14  -2.3430739e+13   1.8e+14
  11   1.37e+02   1.44e-01   2.39e+00   3.1416908e+13  -1.5388384e+13   5.7e+13
  12   2.48e+01   3.19e-02   4.34e-01   1.1359404e+13  -5.1567521e+12   2.0e+13
  13   1.22e+01   1.34e-02   2.13e-01   6.9158583e+12  -2.5890198e+12   1.1e+13
  14   3.24e+00   3.88e-03   5.65e-02   3.0009813e+12  -1.0349023e+12   4.5e+12
  15   1.06e+00   1.25e-03   1.74e-02   1.4249716e+12  -4.2777099e+11   2.0e+12
  16   2.05e+00   4.56e-04   6.35e-03   7.4368450e+11  -1.8077058e+11   9.6e+11
  17   2.74e+00   1.75e-04   2.03e-03   3.6528839e+11  -7.0581376e+10   4.5e+11
  18   8.89e-01   7.59e-05   4.08e-04   1.5543285e+11  -2.2507882e+10   1.8e+11
  19   4.05e-01   4.32e-05   1.29e-04   8.9084306e+10  -3.0350299e+09   9.3e+10
  20   8.41e-02   3.58e-06   1.40e-06   4.3589947e+10   2.2917173e+10   2.1e+10
  21   4.61e-02   2.86e-06   6.21e-07   3.6636033e+10   2.5662600e+10   1.1e+10
  22   2.74e-02   3.81e-06   3.13e-07   3.2969410e+10   2.6572241e+10   6.4e+09
  23   1.17e-02   7.63e-06   7.72e-08   2.9697224e+10   2.7092245e+10   2.6e+09
  24   5.24e-03   1.14e-05   2.98e-08   2.8470684e+10   2.7249899e+10   1.2e+09
  25   2.17e-03   1.53e-05   2.98e-08   2.7815862e+10   2.7436287e+10   3.8e+08
  26   2.21e-03   3.81e-04   2.98e-08   2.7694216e+10   2.7487822e+10   2.1e+08
  27   4.78e-03   2.14e-04   2.98e-08   2.7616079e+10   2.7507324e+10   1.1e+08
  28   4.91e-03   1.22e-04   2.98e-08   2.7584038e+10   2.7522140e+10   6.2e+07
  29   4.40e-03   6.10e-05   2.98e-08   2.7557967e+10   2.7531923e+10   2.6e+07
  30   6.95e-03   3.05e-04   2.98e-08   2.7549325e+10   2.7534763e+10   1.5e+07
  31   7.61e-03   2.44e-04   2.98e-08   2.7545350e+10   2.7538543e+10   6.8e+06
  32   5.35e-03   2.44e-04   2.98e-08   2.7542451e+10   2.7539400e+10   3.1e+06
  33   6.02e-03   4.88e-04   2.98e-08   2.7541503e+10   2.7539820e+10   1.7e+06
  34   6.00e-03   9.77e-04   2.98e-08   2.7541198e+10   2.7540173e+10   1.0e+06
  35   6.76e-03   9.77e-04   2.98e-08   2.7541021e+10   2.7540333e+10   6.9e+05
  36   4.51e-03   1.95e-03   2.98e-08   2.7540695e+10   2.7540493e+10   2.0e+05
  37   1.37e-02   7.81e-03   2.98e-08   2.7540634e+10   2.7540548e+10   8.6e+04
  38   8.20e-03   5.31e-01   2.98e-08   2.7540596e+10   2.7540564e+10   3.2e+04
  39   2.76e-03   4.69e-02   2.98e-08   2.7540570e+10   2.7540566e+10   3.4e+03
  40   1.59e-02   1.25e-01   2.98e-08   2.7540567e+10   2.7540567e+10   6.7e+02
  41   6.82e-01   2.50e-01   2.98e-08   2.7540567e+10   2.7540567e+10   1.7e+02
  42   1.53e-02   2.50e-01   2.98e-08   2.7540567e+10   2.7540567e+10   6.5e-01
  43   7.55e-03   2.50e-01   2.98e-08   2.7540567e+10   2.7540567e+10   8.2e-04
  44   4.50e-03   1.25e-01   2.98e-08   2.7540567e+10   2.7540567e+10   3.2e-04
  45   1.64e-03   1.25e-01   2.98e-08   2.7540567e+10   2.7540567e+10   1.4e-04
  46   1.15e-03   1.25e-01   2.98e-08   2.7540567e+10   2.7540567e+10   1.1e-04
  47   8.60e-04   1.25e-01   2.98e-08   2.7540567e+10   2.7540567e+10   8.1e-05
  48   1.38e-02   1.25e-01   2.98e-08   2.7540567e+10   2.7540567e+10   3.4e-05
  49   1.38e-02   1.25e-01   2.98e-08   2.7540567e+10   2.7540567e+10   6.0e-03
  50   1.28e-01   1.25e-01   2.98e-08   2.7540567e+10   2.7540567e+10   5.8e-03
  51   1.27e-01   1.25e-01   2.98e-08   2.7540567e+10   2.7540567e+10   3.8e-03
  52   1.05e-01   1.25e-01   2.98e-08   2.7540567e+10   2.7540567e+10   3.7e-03
  53   6.34e-02   1.25e-01   2.98e-08   2.7540567e+10   2.7540567e+10   6.6e-04
Barrier method finished in 63 seconds
Uncrunching matrix
Optimal solution found
Barrier solved problem
  53 barrier iterations in 78s

Final objective                       : 2.754069451590277e+10
  Max primal violation      (abs/rel) : 4.508e-03 / 4.508e-03
  Max dual violation        (abs/rel) : 3.356e-07 / 3.356e-07
  Max complementarity viol. (abs/rel) : 3.960e+01 / 7.105e-14
FICO Xpress v8.8.0, Hyper, solve started 18:17:32, Dec 2, 2022
Heap usage: 3701MB (peak 9739MB, 0MB system)
Detected container-enforced memory limit of 191752 MB
Minimizing LP 
Original problem has:
  10081880 rows      6174381 cols     35034860 elements
Presolved problem has:
    573787 rows       661578 cols      2184212 elements
Presolve finished in 12 seconds
Heap usage: 2888MB (peak 9780MB, 0MB system)

Coefficient range                    original                 solved        
  Coefficients   [min,max] : [ 1.00e+00,  1.00e+01] / [ 1.00e+00,  1.00e+00]
  RHS and bounds [min,max] : [ 1.66e+03,  2.86e+08] / [ 1.66e+03,  2.86e+08]
  Objective      [min,max] : [ 5.48e-05,  1.34e+07] / [ 5.48e-05,  1.34e+07]

Barrier cache sizes : L1=32K L2=25344K
Using AVX support
Cores per CPU (CORESPERCPU): 18
Barrier starts after 12 seconds, using up to 36 threads, 36 cores
Matrix ordering - Dense cols.:      0   NZ(L):  12532365   Flops:   1638019534
 
  Its   P.inf      D.inf      U.inf      Primal obj.     Dual obj.      Compl.
   0   5.86e+08   4.57e+05   1.02e+07   1.4165802e+17  -2.4621780e+18   5.6e+18
   1   3.01e+08   2.47e+05   5.26e+06   1.5427629e+17  -1.4401988e+18   3.3e+18
   2   9.34e+07   1.47e+05   1.63e+06   1.4847533e+17  -9.1160610e+17   2.1e+18
   3   1.97e+07   2.13e+04   3.44e+05   1.0860133e+17  -1.7392622e+17   4.4e+17
   4   3.62e+06   5.75e+03   6.32e+04   5.2966791e+16  -5.9685014e+16   1.6e+17
   5   1.62e+06   1.45e+03   2.84e+04   3.2874570e+16  -2.0254818e+16   6.8e+16
   6   2.83e+05   3.19e+02   4.94e+03   1.1721439e+16  -6.6532493e+15   2.4e+16
   7   1.87e+04   2.33e+01   3.27e+02   1.6864803e+15  -8.0440406e+14   2.9e+15
   8   3.22e+03   2.35e+00   5.63e+01   3.5438605e+14  -1.0565613e+14   5.1e+14
   9   1.63e+03   5.75e-01   2.84e+01   1.9902750e+14  -3.6869159e+13   2.5e+14
  10   1.06e+03   2.06e-01   1.85e+01   1.3967480e+14  -1.9743939e+13   1.7e+14
  11   1.14e+02   9.00e-02   2.00e+00   3.3013431e+13  -1.2401288e+13   6.0e+13
  12   7.60e+00   1.14e-02   1.33e-01   6.2935530e+12  -2.6452103e+12   1.1e+13
  13   2.51e+00   6.28e-03   4.39e-02   3.2033573e+12  -1.6358126e+12   5.9e+12
  14   1.14e+00   1.32e-03   1.21e-02   1.5790083e+12  -4.9450615e+11   2.3e+12
  15   3.51e+00   1.66e-04   1.34e-03   5.0356175e+11  -9.9366710e+10   6.2e+11
  16   1.50e+00   3.00e-05   4.85e-04   2.6326204e+11  -1.1525939e+10   2.8e+11
  17   3.18e-01   9.54e-07   3.92e-05   7.2690497e+10   1.6901643e+10   5.6e+10
  18   8.48e-02   4.77e-07   7.50e-06   3.9667109e+10   2.1562125e+10   1.8e+10
  19   1.80e-02   2.38e-06   9.96e-07   2.7441796e+10   2.2691803e+10   4.8e+09
  20   7.09e-03   9.54e-07   2.61e-07   2.5034890e+10   2.2960830e+10   2.1e+09
  21   3.83e-03   9.54e-07   6.07e-08   2.4027691e+10   2.3118381e+10   9.1e+08
  22   2.26e-03   9.54e-06   2.98e-08   2.3717618e+10   2.3245324e+10   4.7e+08
  23   1.12e-02   3.81e-06   2.98e-08   2.3538089e+10   2.3309590e+10   2.3e+08
  24   6.91e-03   7.63e-06   2.98e-08   2.3454774e+10   2.3336458e+10   1.2e+08
  25   6.81e-03   7.63e-06   2.98e-08   2.3428682e+10   2.3350206e+10   7.9e+07
  26   7.18e-03   7.63e-06   2.98e-08   2.3403661e+10   2.3357210e+10   4.7e+07
  27   8.88e-03   1.53e-05   2.98e-08   2.3382562e+10   2.3363538e+10   1.9e+07
  28   1.11e-02   3.05e-05   2.98e-08   2.3374796e+10   2.3365908e+10   8.9e+06
  29   1.17e-02   3.05e-05   2.98e-08   2.3371125e+10   2.3366930e+10   4.2e+06
  30   7.36e-03   6.10e-05   2.98e-08   2.3369650e+10   2.3367569e+10   2.1e+06
  31   5.99e-03   1.22e-04   2.98e-08   2.3368953e+10   2.3367946e+10   1.0e+06
  32   6.49e-03   1.00e-02   2.98e-08   2.3368552e+10   2.3368213e+10   3.4e+05
  33   7.06e-03   3.42e-03   2.98e-08   2.3368388e+10   2.3368260e+10   1.3e+05
  34   5.69e-03   7.81e-03   2.98e-08   2.3368315e+10   2.3368288e+10   2.7e+04
  35   3.02e-03   3.91e-03   2.98e-08   2.3368300e+10   2.3368291e+10   8.2e+03
  36   3.60e-03   3.91e-03   2.98e-08   2.3368293e+10   2.3368293e+10   1.8e+02
  37   1.15e-03   3.91e-03   2.98e-08   2.3368293e+10   2.3368293e+10   2.1e-01
Barrier method finished in 35 seconds
Uncrunching matrix
Optimal solution found
Barrier solved problem
  37 barrier iterations in 49s

Final objective                       : 2.336829270220034e+10
  Max primal violation      (abs/rel) : 1.152e-03 / 1.152e-03
  Max dual violation        (abs/rel) : 1.019e-10 / 1.019e-10
  Max complementarity viol. (abs/rel) : 6.352e-04 / 8.910e-19
FICO Xpress v8.8.0, Hyper, solve started 18:26:22, Dec 2, 2022
Heap usage: 3701MB (peak 9780MB, 0MB system)
Detected container-enforced memory limit of 191752 MB
Minimizing LP 
Original problem has:
  10095860 rows      6174381 cols     35048840 elements
Presolved problem has:
    573790 rows       661581 cols      2184218 elements
Presolve finished in 12 seconds
Heap usage: 2888MB (peak 9782MB, 0MB system)

Coefficient range                    original                 solved        
  Coefficients   [min,max] : [ 1.00e+00,  1.00e+01] / [ 1.00e+00,  1.00e+00]
  RHS and bounds [min,max] : [ 1.66e+03,  2.86e+08] / [ 1.66e+03,  2.86e+08]
  Objective      [min,max] : [ 5.48e-05,  1.34e+07] / [ 5.48e-05,  1.34e+07]

Barrier cache sizes : L1=32K L2=25344K
Using AVX support
Cores per CPU (CORESPERCPU): 18
Barrier starts after 12 seconds, using up to 36 threads, 36 cores
Matrix ordering - Dense cols.:      0   NZ(L):  12532383   Flops:   1638019576
 
  Its   P.inf      D.inf      U.inf      Primal obj.     Dual obj.      Compl.
   0   5.86e+08   4.57e+05   1.02e+07   1.4175647e+17  -2.4621781e+18   5.6e+18
   1   3.01e+08   2.47e+05   5.26e+06   1.5439462e+17  -1.4368753e+18   3.3e+18
   2   9.35e+07   1.46e+05   1.63e+06   1.4856024e+17  -9.0615656e+17   2.1e+18
   3   1.63e+07   1.81e+04   2.84e+05   1.0289997e+17  -1.4881799e+17   3.9e+17
   4   4.81e+06   8.95e+03   8.41e+04   5.7220846e+16  -8.1726244e+16   2.0e+17
   5   2.55e+06   2.84e+03   4.46e+04   3.7812597e+16  -2.9862984e+16   8.8e+16
   6   5.02e+05   1.05e+03   8.77e+03   1.4962226e+16  -1.3407157e+16   3.9e+16
   7   1.19e+05   1.76e+02   2.08e+03   6.5244192e+15  -3.4712974e+15   1.2e+16
   8   4.65e+03   1.09e+01   8.14e+01   5.2489748e+14  -3.0601901e+14   1.0e+15
   9   2.12e+03   2.20e+00   3.70e+01   2.8146362e+14  -8.3460866e+13   4.1e+14
  10   8.80e+02   8.67e-01   1.54e+01   1.3763617e+14  -4.0586362e+13   2.0e+14
  11   2.54e+02   2.46e-01   4.44e+00   5.6167862e+13  -1.7205046e+13   8.3e+13
  12   2.01e+01   5.50e-02   8.17e-02   1.0763262e+13  -6.3549740e+12   2.2e+13
  13   9.58e+00   1.67e-02   3.65e-02   6.1972268e+12  -2.4178355e+12   1.0e+13
  14   4.34e+00   5.56e-03   1.39e-02   3.2787935e+12  -1.0485446e+12   4.9e+12
  15   9.91e-01   1.40e-03   2.48e-03   1.2162108e+12  -3.7992357e+11   1.7e+12
  16   1.06e+00   2.24e-04   1.06e-03   6.9333476e+11  -8.7800778e+10   8.0e+11
  17   1.14e+00   3.19e-05   8.05e-05   1.4726482e+11  -3.9795059e+09   1.5e+11
  18   4.11e-01   5.25e-06   2.34e-05   7.7275586e+10   1.6113146e+10   6.1e+10
  19   3.42e-02   1.91e-06   1.58e-06   3.0982536e+10   2.0827791e+10   1.0e+10
  20   1.37e-02   1.91e-06   3.57e-07   2.5984009e+10   2.1733641e+10   4.3e+09
  21   6.68e-03   1.14e-05   5.96e-08   2.3663054e+10   2.2398025e+10   1.3e+09
  22   4.39e-03   6.87e-05   2.98e-08   2.3262533e+10   2.2569226e+10   7.0e+08
  23   2.77e-03   3.05e-05   2.98e-08   2.2999551e+10   2.2678480e+10   3.2e+08
  24   5.64e-03   1.53e-05   2.98e-08   2.2905998e+10   2.2719550e+10   1.9e+08
  25   5.72e-03   3.05e-05   2.98e-08   2.2844145e+10   2.2749361e+10   9.5e+07
  26   8.84e-03   6.10e-05   2.98e-08   2.2818645e+10   2.2768082e+10   5.1e+07
  27   6.40e-03   1.22e-04   2.98e-08   2.2803142e+10   2.2778698e+10   2.4e+07
  28   9.07e-03   6.10e-04   2.98e-08   2.2797795e+10   2.2783492e+10   1.4e+07
  29   7.36e-03   2.44e-04   2.98e-08   2.2793807e+10   2.2786617e+10   7.2e+06
  30   9.12e-03   2.93e-03   2.98e-08   2.2791696e+10   2.2788750e+10   3.0e+06
  31   7.77e-03   3.42e-03   2.98e-08   2.2790511e+10   2.2789161e+10   1.4e+06
  32   1.20e-02   1.95e-03   2.98e-08   2.2789961e+10   2.2789525e+10   4.4e+05
  33   1.80e-02   1.76e-02   2.98e-08   2.2789735e+10   2.2789584e+10   1.5e+05
  34   1.88e-02   3.12e-02   2.98e-08   2.2789658e+10   2.2789601e+10   5.7e+04
  35   8.89e-03   7.81e-03   2.98e-08   2.2789625e+10   2.2789610e+10   1.5e+04
  36   9.04e-03   2.81e-01   2.98e-08   2.2789618e+10   2.2789612e+10   5.8e+03
  37   4.07e-03   4.69e-02   2.98e-08   2.2789613e+10   2.2789612e+10   1.5e+02
  38   8.07e-03   3.12e-02   2.98e-08   2.2789612e+10   2.2789612e+10   2.8e-01
Barrier method finished in 35 seconds
Uncrunching matrix
Optimal solution found
Barrier solved problem
  38 barrier iterations in 49s

Final objective                       : 2.278961244130254e+10
  Max primal violation      (abs/rel) : 8.071e-03 / 8.071e-03
  Max dual violation        (abs/rel) : 1.019e-10 / 1.019e-10
  Max complementarity viol. (abs/rel) : 2.234e-03 / 3.056e-19
FICO Xpress v8.8.0, Hyper, solve started 18:35:13, Dec 2, 2022
Heap usage: 3701MB (peak 9782MB, 0MB system)
Detected container-enforced memory limit of 191752 MB
Minimizing LP 
Original problem has:
  10109840 rows      6174381 cols     35062820 elements
Presolved problem has:
    573791 rows       661582 cols      2184220 elements
Presolve finished in 12 seconds
Heap usage: 2888MB (peak 9783MB, 0MB system)

Coefficient range                    original                 solved        
  Coefficients   [min,max] : [ 1.00e+00,  1.00e+01] / [ 1.00e+00,  1.00e+00]
  RHS and bounds [min,max] : [ 1.66e+03,  2.86e+08] / [ 1.66e+03,  2.86e+08]
  Objective      [min,max] : [ 5.48e-05,  1.34e+07] / [ 5.48e-05,  1.34e+07]

Barrier cache sizes : L1=32K L2=25344K
Using AVX support
Cores per CPU (CORESPERCPU): 18
Barrier starts after 12 seconds, using up to 36 threads, 36 cores
Matrix ordering - Dense cols.:      0   NZ(L):  12532389   Flops:   1638019590
 
  Its   P.inf      D.inf      U.inf      Primal obj.     Dual obj.      Compl.
   0   5.86e+08   4.57e+05   1.02e+07   1.4177508e+17  -2.4621780e+18   5.6e+18
   1   3.01e+08   2.47e+05   5.26e+06   1.5442019e+17  -1.4366451e+18   3.3e+18
   2   9.49e+07   1.46e+05   1.66e+06   1.4863527e+17  -9.0306598e+17   2.1e+18
   3   1.66e+07   1.70e+04   2.90e+05   1.0320379e+17  -1.4314349e+17   3.7e+17
   4   3.57e+06   5.13e+03   6.24e+04   5.1234902e+16  -5.4317283e+16   1.5e+17
   5   1.42e+06   1.07e+03   2.47e+04   2.9640894e+16  -1.6330264e+16   5.8e+16
   6   3.41e+05   2.39e+02   5.95e+03   1.1858681e+16  -5.5065561e+15   2.1e+16
   7   2.52e+04   3.00e+01   4.41e+02   1.8084813e+15  -1.0019714e+15   3.4e+15
   8   2.49e+03   2.43e+00   4.35e+01   2.8385391e+14  -1.1928038e+14   4.7e+14
   9   2.25e+03   1.81e+00   3.93e+01   2.6129849e+14  -9.3364980e+13   4.0e+14
  10   9.65e+02   8.06e-01   1.69e+01   1.3570160e+14  -4.9633126e+13   2.1e+14
  11   4.17e+02   2.35e-01   7.28e+00   7.2483479e+13  -2.0482768e+13   1.1e+14
  12   3.74e+01   6.98e-02   5.63e-01   1.7159421e+13  -8.9859537e+12   3.4e+13
  13   6.81e+00   5.56e-03   8.85e-02   4.2850107e+12  -1.1336463e+12   6.1e+12
  14   2.45e+00   1.74e-03   2.12e-02   1.7428647e+12  -4.9715849e+11   2.4e+12
  15   1.12e+00   3.47e-04   7.29e-03   8.6822345e+11  -1.4679812e+11   1.0e+12
  16   1.57e+00   7.42e-05   9.87e-04   2.8533775e+11  -3.9643437e+10   3.3e+11
  17   1.08e+00   9.66e-06   1.53e-04   1.1023055e+11   6.6055498e+09   1.0e+11
  18   1.98e-01   1.43e-06   1.18e-05   4.4894969e+10   1.9570583e+10   2.5e+10
  19   6.78e-02   9.54e-07   3.07e-06   3.1690734e+10   2.1669095e+10   1.0e+10
  20   1.46e-02   3.81e-06   2.60e-07   2.5043163e+10   2.2106782e+10   2.9e+09
  21   5.64e-03   3.81e-06   5.96e-08   2.3571987e+10   2.2295367e+10   1.3e+09
  22   3.06e-03   4.96e-05   2.98e-08   2.3218060e+10   2.2563835e+10   6.6e+08
  23   2.06e-03   1.11e-04   2.98e-08   2.3000506e+10   2.2642462e+10   3.6e+08
  24   3.35e-03   8.39e-05   2.98e-08   2.2883930e+10   2.2660154e+10   2.2e+08
  25   9.00e-03   4.58e-05   2.98e-08   2.2793593e+10   2.2684540e+10   1.1e+08
  26   8.90e-03   3.05e-05   2.98e-08   2.2771683e+10   2.2698380e+10   7.4e+07
  27   4.91e-03   3.05e-05   2.98e-08   2.2742707e+10   2.2705385e+10   3.7e+07
  28   9.83e-03   3.05e-05   2.98e-08   2.2732447e+10   2.2711430e+10   2.1e+07
  29   1.06e-02   6.10e-05   2.98e-08   2.2728230e+10   2.2715661e+10   1.3e+07
  30   1.54e-02   6.10e-05   2.98e-08   2.2723786e+10   2.2717877e+10   5.9e+06
  31   9.10e-03   1.22e-04   2.98e-08   2.2721190e+10   2.2719018e+10   2.2e+06
  32   1.02e-02   4.88e-03   2.98e-08   2.2720405e+10   2.2719549e+10   8.6e+05
  33   1.18e-02   5.37e-03   2.98e-08   2.2719975e+10   2.2719648e+10   3.3e+05
  34   1.67e-02   9.77e-03   2.98e-08   2.2719859e+10   2.2719734e+10   1.3e+05
  35   4.86e-02   1.76e-02   2.98e-08   2.2719790e+10   2.2719765e+10   2.6e+04
  36   2.62e-02   3.91e-02   2.98e-08   2.2719774e+10   2.2719767e+10   7.2e+03
  37   8.49e-02   4.69e-02   2.98e-08   2.2719769e+10   2.2719768e+10   7.3e+02
  38   3.21e-02   1.56e-02   2.98e-08   2.2719768e+10   2.2719768e+10   2.3e+00
Barrier method finished in 35 seconds
Uncrunching matrix
Optimal solution found
Barrier solved problem
  38 barrier iterations in 49s

Final objective                       : 2.271976807586617e+10
  Max primal violation      (abs/rel) : 3.209e-02 / 3.209e-02
  Max dual violation        (abs/rel) : 8.731e-11 / 8.731e-11
  Max complementarity viol. (abs/rel) : 4.777e-03 / 1.508e-18
FICO Xpress v8.8.0, Hyper, solve started 18:43:49, Dec 2, 2022
Heap usage: 3701MB (peak 9783MB, 0MB system)
Detected container-enforced memory limit of 191752 MB
Minimizing LP 
Original problem has:
  10123820 rows      6174381 cols     35076800 elements
Presolved problem has:
    573791 rows       661582 cols      2184220 elements
Presolve finished in 12 seconds
Heap usage: 2888MB (peak 9785MB, 0MB system)

Coefficient range                    original                 solved        
  Coefficients   [min,max] : [ 1.00e+00,  1.00e+01] / [ 1.00e+00,  1.00e+00]
  RHS and bounds [min,max] : [ 1.66e+03,  2.86e+08] / [ 1.66e+03,  2.86e+08]
  Objective      [min,max] : [ 5.48e-05,  1.34e+07] / [ 5.48e-05,  1.34e+07]

Barrier cache sizes : L1=32K L2=25344K
Using AVX support
Cores per CPU (CORESPERCPU): 18
Barrier starts after 12 seconds, using up to 36 threads, 36 cores
Matrix ordering - Dense cols.:      0   NZ(L):  12532389   Flops:   1638019590
 
  Its   P.inf      D.inf      U.inf      Primal obj.     Dual obj.      Compl.
   0   5.86e+08   4.57e+05   1.02e+07   1.4178172e+17  -2.4621780e+18   5.6e+18
   1   3.01e+08   2.47e+05   5.26e+06   1.5442887e+17  -1.4366137e+18   3.3e+18
   2   9.49e+07   1.46e+05   1.66e+06   1.4864581e+17  -9.0277636e+17   2.1e+18
   3   1.66e+07   1.72e+04   2.90e+05   1.0322204e+17  -1.4386532e+17   3.8e+17
   4   3.48e+06   5.03e+03   6.09e+04   5.0987133e+16  -5.3594539e+16   1.5e+17
   5   1.42e+06   9.67e+02   2.48e+04   2.9820010e+16  -1.5356992e+16   5.6e+16
   6   2.84e+05   2.30e+02   4.96e+03   1.0807179e+16  -5.4110830e+15   2.0e+16
   7   1.48e+04   1.95e+01   2.59e+02   1.3427412e+15  -7.2182750e+14   2.5e+15
   8   2.17e+03   2.68e+00   3.79e+01   3.5988173e+14  -1.5787194e+14   5.8e+14
   9   1.16e+03   5.72e-01   2.03e+01   2.1336691e+14  -4.6049457e+13   2.8e+14
  10   9.82e+02   2.46e-01   1.72e+01   1.8543396e+14  -2.6215127e+13   2.2e+14
  11   8.40e+02   8.32e-02   1.47e+01   1.6242646e+14  -1.4782192e+13   1.8e+14
  12   7.49e+02   4.73e-02   1.31e+01   1.4712318e+14  -1.1516540e+13   1.6e+14
  13   1.93e+01   1.62e-02   3.37e-01   1.7259277e+13  -6.8528199e+12   2.9e+13
  14   4.55e+00   2.23e-03   7.96e-02   5.8784242e+12  -1.4078661e+12   7.9e+12
  15   2.01e+00   5.04e-04   2.76e-02   2.8577762e+12  -5.2934411e+11   3.5e+12
  16   4.89e+00   1.13e-04   1.11e-02   1.5000830e+12  -1.9800778e+11   1.7e+12
  17   7.00e+00   5.01e-06   5.71e-04   3.6565682e+11  -4.2089728e+10   4.1e+11
  18   1.87e+00   9.54e-07   1.25e-04   1.5212180e+11   4.8294304e+09   1.5e+11
  19   5.45e-01   7.15e-06   1.92e-05   6.0188224e+10   1.8770566e+10   4.2e+10
  20   6.47e-02   9.54e-07   1.10e-06   2.9543160e+10   2.1596074e+10   8.0e+09
  21   2.60e-02   2.86e-06   3.43e-07   2.5635289e+10   2.2127262e+10   3.5e+09
  22   1.46e-02   2.86e-06   1.62e-07   2.4385881e+10   2.2393335e+10   2.0e+09
  23   8.28e-03   3.81e-06   7.93e-08   2.3681655e+10   2.2457350e+10   1.2e+09
  24   4.60e-03   1.91e-06   5.96e-08   2.3250741e+10   2.2568902e+10   6.8e+08
  25   8.97e-03   1.14e-05   2.98e-08   2.2823603e+10   2.2622197e+10   2.0e+08
  26   2.27e-02   1.45e-04   2.98e-08   2.2742071e+10   2.2641641e+10   1.0e+08
  27   1.10e-02   1.07e-04   2.98e-08   2.2702119e+10   2.2652956e+10   4.9e+07
  28   7.00e-03   6.10e-05   2.98e-08   2.2688924e+10   2.2662295e+10   2.7e+07
  29   1.23e-02   6.10e-05   2.98e-08   2.2681752e+10   2.2666002e+10   1.6e+07
  30   1.22e-02   6.10e-05   2.98e-08   2.2674357e+10   2.2667970e+10   6.4e+06
  31   8.74e-03   6.10e-05   2.98e-08   2.2671393e+10   2.2668685e+10   2.7e+06
  32   1.79e-02   1.22e-04   2.98e-08   2.2670440e+10   2.2669013e+10   1.4e+06
  33   9.45e-03   4.88e-04   2.98e-08   2.2669967e+10   2.2669434e+10   5.4e+05
  34   1.51e-02   9.77e-04   2.98e-08   2.2669774e+10   2.2669528e+10   2.5e+05
  35   2.68e-02   2.93e-03   2.98e-08   2.2669640e+10   2.2669572e+10   6.8e+04
  36   9.83e-03   5.86e-03   2.98e-08   2.2669598e+10   2.2669582e+10   1.6e+04
  37   4.29e-02   3.91e-03   2.98e-08   2.2669586e+10   2.2669583e+10   3.5e+03
  38   1.01e-02   7.81e-03   2.98e-08   2.2669583e+10   2.2669583e+10   3.5e+01
  39   1.96e-03   7.81e-03   2.98e-08   2.2669583e+10   2.2669583e+10   3.7e-02
Barrier method finished in 37 seconds
Uncrunching matrix
Optimal solution found
Barrier solved problem
  39 barrier iterations in 51s

Final objective                       : 2.266958330321180e+10
  Max primal violation      (abs/rel) : 1.963e-03 / 1.963e-03
  Max dual violation        (abs/rel) : 8.731e-11 / 8.731e-11
  Max complementarity viol. (abs/rel) : 2.547e-03 / 1.274e-18
FICO Xpress v8.8.0, Hyper, solve started 18:52:44, Dec 2, 2022
Heap usage: 3701MB (peak 9785MB, 0MB system)
Detected container-enforced memory limit of 191752 MB
Minimizing LP 
Original problem has:
  10137800 rows      6174381 cols     35090780 elements
Presolved problem has:
    573791 rows       661582 cols      2184220 elements
Presolve finished in 11 seconds
Heap usage: 2888MB (peak 9786MB, 0MB system)

Coefficient range                    original                 solved        
  Coefficients   [min,max] : [ 1.00e+00,  1.00e+01] / [ 1.00e+00,  1.00e+00]
  RHS and bounds [min,max] : [ 1.66e+03,  2.86e+08] / [ 1.66e+03,  2.86e+08]
  Objective      [min,max] : [ 5.48e-05,  1.34e+07] / [ 5.48e-05,  1.34e+07]

Barrier cache sizes : L1=32K L2=25344K
Using AVX support
Cores per CPU (CORESPERCPU): 18
Barrier starts after 12 seconds, using up to 36 threads, 36 cores
Matrix ordering - Dense cols.:      0   NZ(L):  12532389   Flops:   1638019590
 
  Its   P.inf      D.inf      U.inf      Primal obj.     Dual obj.      Compl.
   0   5.86e+08   4.57e+05   1.02e+07   1.4178172e+17  -2.4621780e+18   5.6e+18
   1   3.01e+08   2.47e+05   5.26e+06   1.5442887e+17  -1.4366137e+18   3.3e+18
   2   9.49e+07   1.46e+05   1.66e+06   1.4864581e+17  -9.0277636e+17   2.1e+18
   3   1.66e+07   1.72e+04   2.90e+05   1.0322204e+17  -1.4386532e+17   3.8e+17
   4   3.48e+06   5.03e+03   6.09e+04   5.0987133e+16  -5.3594535e+16   1.5e+17
   5   1.42e+06   9.67e+02   2.48e+04   2.9820011e+16  -1.5356993e+16   5.6e+16
   6   2.84e+05   2.30e+02   4.96e+03   1.0807180e+16  -5.4110833e+15   2.0e+16
   7   1.48e+04   1.95e+01   2.59e+02   1.3427416e+15  -7.2182823e+14   2.5e+15
   8   2.17e+03   2.68e+00   3.79e+01   3.5988288e+14  -1.5786687e+14   5.8e+14
   9   1.16e+03   5.73e-01   2.03e+01   2.1347823e+14  -4.6100036e+13   2.8e+14
  10   9.83e+02   2.45e-01   1.72e+01   1.8565418e+14  -2.6163948e+13   2.2e+14
  11   8.23e+02   8.34e-02   1.44e+01   1.5967625e+14  -1.4804266e+13   1.8e+14
  12   7.25e+02   4.61e-02   1.27e+01   1.4314462e+14  -1.1363045e+13   1.6e+14
  13   1.48e+01   1.56e-02   1.49e-01   1.5601924e+13  -6.8353345e+12   2.7e+13
  14   5.26e+00   2.20e-03   4.88e-02   6.7654501e+12  -1.4415053e+12   8.9e+12
  15   2.26e+00   6.10e-04   1.64e-02   3.2032407e+12  -6.2212631e+11   4.0e+12
  16   4.39e+00   2.45e-04   6.15e-03   1.6079034e+12  -3.2138143e+11   2.0e+12
  17   6.33e+00   1.62e-05   7.68e-04   5.0234740e+11  -6.1450831e+10   5.7e+11
  18   8.85e-01   1.91e-06   5.90e-05   1.2572178e+11   3.5713141e+09   1.2e+11
  19   2.38e-01   9.54e-07   1.03e-05   5.7826766e+10   1.8236503e+10   4.0e+10
  20   7.74e-02   4.29e-05   1.65e-06   3.3129631e+10   2.1207338e+10   1.2e+10
  21   2.44e-02   1.62e-05   4.30e-07   2.6139535e+10   2.1969595e+10   4.2e+09
  22   1.01e-02   7.63e-06   1.26e-07   2.4186943e+10   2.2320289e+10   1.9e+09
  23   5.63e-03   3.81e-06   5.96e-08   2.3540784e+10   2.2435350e+10   1.1e+09
  24   2.54e-03   7.63e-06   2.98e-08   2.3017291e+10   2.2566695e+10   4.5e+08
  25   2.03e-03   7.63e-06   2.98e-08   2.2825768e+10   2.2610729e+10   2.2e+08
  26   3.09e-03   1.53e-05   2.98e-08   2.2747429e+10   2.2632289e+10   1.2e+08
  27   4.27e-03   1.53e-05   2.98e-08   2.2716361e+10   2.2644174e+10   7.2e+07
  28   4.83e-03   1.53e-05   2.98e-08   2.2695686e+10   2.2650122e+10   4.6e+07
  29   7.33e-03   1.53e-05   2.98e-08   2.2676957e+10   2.2655888e+10   2.1e+07
  30   8.92e-03   6.10e-05   2.98e-08   2.2668788e+10   2.2660451e+10   8.4e+06
  31   7.11e-03   1.22e-04   2.98e-08   2.2666430e+10   2.2661975e+10   4.5e+06
  32   1.17e-02   6.10e-05   2.98e-08   2.2664291e+10   2.2662507e+10   1.8e+06
  33   8.76e-03   2.44e-04   2.98e-08   2.2663598e+10   2.2662901e+10   7.0e+05
  34   1.01e-02   9.77e-04   2.98e-08   2.2663272e+10   2.2663044e+10   2.3e+05
  35   1.13e-02   1.95e-03   2.98e-08   2.2663163e+10   2.2663106e+10   5.7e+04
  36   5.18e-02   7.81e-03   2.98e-08   2.2663121e+10   2.2663115e+10   5.7e+03
  37   1.19e-02   7.50e-01   2.98e-08   2.2663118e+10   2.2663116e+10   1.8e+03
  38   1.70e-02   5.00e-01   2.98e-08   2.2663116e+10   2.2663116e+10   1.2e+01
  39   1.80e-02   5.00e-01   2.98e-08   2.2663116e+10   2.2663116e+10   1.6e-02
  40   1.28e-02   5.00e-01   2.98e-08   2.2663116e+10   2.2663116e+10   2.0e-03
  41   3.86e-03   5.00e-01   2.98e-08   2.2663116e+10   2.2663116e+10   1.2e-03
  42   6.80e-03   2.50e-01   2.98e-08   2.2663116e+10   2.2663116e+10   7.8e-04
  43   6.05e-03   2.50e-01   2.98e-08   2.2663116e+10   2.2663116e+10   7.1e-04
  44   1.31e-02   2.50e-01   2.98e-08   2.2663116e+10   2.2663116e+10   3.3e-04
  45   1.28e-02   5.00e-01   2.98e-08   2.2663116e+10   2.2663116e+10   1.3e-04
  46   8.95e-03   2.50e-01   2.98e-08   2.2663116e+10   2.2663116e+10   8.9e-05
  47   6.24e-03   5.00e-01   2.98e-08   2.2663116e+10   2.2663116e+10   7.2e-05
  48   3.01e-03   5.00e-01   2.98e-08   2.2663116e+10   2.2663116e+10   4.0e-05
  49   2.43e-03   2.50e-01   2.98e-08   2.2663116e+10   2.2663116e+10   3.4e-05
Barrier method finished in 47 seconds
Uncrunching matrix
Optimal solution found
Barrier solved problem
  49 barrier iterations in 61s

Final objective                       : 2.266316311430437e+10
  Max primal violation      (abs/rel) : 1.131e-02 / 1.131e-02
  Max dual violation        (abs/rel) : 5.274e-08 / 5.274e-08
  Max complementarity viol. (abs/rel) : 1.685e+00 / 2.604e-15
FICO Xpress v8.8.0, Hyper, solve started 20:02:44, Dec 2, 2022
Heap usage: 2824MB (peak 2869MB, 0MB system)
Detected container-enforced memory limit of 191752 MB
Minimizing LP 
Original problem has:
  10053921 rows      6174381 cols     35020651 elements
Presolved problem has:
    581392 rows       716865 cols      2322572 elements
Presolve finished in 12 seconds
Heap usage: 2305MB (peak 8227MB, 0MB system)

Coefficient range                    original                 solved        
  Coefficients   [min,max] : [ 1.00e+00,  3.68e+04] / [ 1.00e+00,  1.00e+00]
  RHS and bounds [min,max] : [ 1.17e-02,  8.94e+08] / [ 1.17e-02,  8.94e+08]
  Objective      [min,max] : [ 2.70e-05,  2.06e+06] / [ 2.70e-05,  2.06e+06]

Barrier cache sizes : L1=32K L2=25344K
Using AVX support
Cores per CPU (CORESPERCPU): 18
Barrier starts after 12 seconds, using up to 36 threads, 36 cores
Matrix ordering - Dense cols.:      0   NZ(L):  13336904   Flops:   1808475850
 
  Its   P.inf      D.inf      U.inf      Primal obj.     Dual obj.      Compl.
   0   5.43e+09   2.06e+06   7.67e+07   2.2518416e+17  -1.1283216e+19   1.2e+20
   1   2.48e+09   1.09e+06   3.51e+07   3.2093946e+17  -8.2405057e+18   6.9e+19
   2   1.13e+09   6.11e+05   1.59e+07   3.7629418e+17  -5.8267285e+18   4.1e+19
   3   2.58e+08   1.31e+05   3.64e+06   4.9073968e+17  -2.6946206e+18   1.4e+19
   4   8.01e+06   6.59e+03   1.13e+05   3.7223632e+17  -3.2825192e+17   1.2e+18
   5   2.56e+06   1.51e+03   3.61e+04   2.0033491e+17  -1.1866603e+17   4.5e+17
   6   1.19e+06   5.69e+02   1.68e+04   1.1778347e+17  -5.6423729e+16   2.3e+17
   7   1.13e+06   4.34e+02   1.60e+04   1.1316029e+17  -4.4940149e+16   2.0e+17
   8   1.06e+06   3.07e+02   1.50e+04   1.0722984e+17  -3.4234442e+16   1.8e+17
   9   1.04e+06   2.14e+02   1.46e+04   1.0522302e+17  -2.6403407e+16   1.6e+17
  10   8.11e+05   1.28e+02   1.14e+04   8.5679818e+16  -1.9005848e+16   1.2e+17
  11   7.58e+05   9.05e+01   1.07e+04   8.0759977e+16  -1.5438186e+16   1.1e+17
  12   5.72e+05   6.51e+01   8.07e+03   6.3580105e+16  -1.2731408e+16   8.9e+16
  13   5.33e+05   5.59e+01   7.53e+03   5.9905584e+16  -1.1509605e+16   8.3e+16
  14   3.98e+05   4.53e+01   5.62e+03   4.6926002e+16  -1.0039161e+16   6.7e+16
  15   3.75e+05   3.65e+01   5.29e+03   4.4583023e+16  -8.5877700e+15   6.2e+16
  16   3.19e+05   3.44e+01   4.50e+03   3.8874346e+16  -8.2434169e+15   5.5e+16
  17   2.79e+05   3.34e+01   3.94e+03   3.4799238e+16  -8.0690645e+15   5.1e+16
  18   1.87e+05   1.83e+01   2.64e+03   2.5109933e+16  -5.3875499e+15   3.6e+16
  19   1.01e+05   1.44e+01   1.43e+03   1.5363562e+16  -4.5715699e+15   2.4e+16
  20   8.38e+04   1.07e+01   1.18e+03   1.3159509e+16  -3.6211177e+15   2.0e+16
  21   3.36e+04   5.85e+00   4.75e+02   6.6509042e+15  -2.3253082e+15   1.1e+16
  22   1.57e+04   3.77e+00   2.21e+02   3.8904692e+15  -1.6298386e+15   7.2e+15
  23   1.01e+04   1.53e+00   1.42e+02   2.8645873e+15  -7.2144928e+14   4.3e+15
  24   3.53e+03   8.71e-01   4.98e+01   1.4648777e+15  -3.9258283e+14   2.3e+15
  25   1.96e+03   4.21e-01   2.76e+01   1.0378053e+15  -1.1451543e+14   1.4e+15
  26   1.05e+03   1.83e-01   1.48e+01   7.4895335e+14   6.0252224e+13   8.1e+14
  27   5.88e+02   9.58e-02   8.30e+00   5.7400687e+14   1.3829118e+14   5.1e+14
  28   1.94e+02   5.28e-02   2.74e+00   4.0442289e+14   1.8386832e+14   2.7e+14
  29   6.85e+01   2.92e-02   9.67e-01   3.3408929e+14   2.1462875e+14   1.5e+14
  30   3.47e+01   1.54e-02   4.89e-01   3.0898727e+14   2.3536967e+14   8.9e+13
  31   7.34e+00   1.00e-02   1.04e-01   2.8363283e+14   2.4455520e+14   5.0e+13
  32   4.17e+00   3.67e-03   5.19e-02   2.7802036e+14   2.5651654e+14   2.5e+13
  33   2.15e+00   1.47e-03   1.42e-02   2.7179811e+14   2.6138940e+14   1.2e+13
  34   5.00e+00   6.57e-04   2.64e-03   2.6841870e+14   2.6357865e+14   5.3e+12
  35   2.64e+01   2.28e-04   7.93e-04   2.6723264e+14   2.6494054e+14   2.4e+12
  36   9.09e+01   1.76e-04   2.17e-04   2.6654433e+14   2.6524504e+14   1.3e+12
  37   2.18e+01   9.93e+00   3.70e-05   2.6628905e+14   2.6554734e+14   7.1e+11
  38   1.07e+01   2.75e+01   1.81e-05   2.6622783e+14   2.6576744e+14   3.4e+11
  39   7.74e+00   2.33e+01   1.31e-05   2.6620054e+14   2.6589241e+14   2.3e+11
  40   1.82e+00   2.47e+01   3.08e-06   2.6613080e+14   2.6590237e+14   9.1e+10
  41   6.88e-01   3.78e+01   1.15e-06   2.6611378e+14   2.6591521e+14   4.2e+10
  42   1.97e+00   4.44e+01   4.58e-07   2.6610466e+14   2.6587396e+14   2.2e+10
  43   1.48e+00   7.82e+01   3.75e-08   2.6609629e+14   2.6585011e+14   1.0e+10
  44   2.19e-01   2.60e+01   2.98e-08   2.6609532e+14   2.6587288e+14   7.9e+09
  45   1.42e-01   1.16e+02   4.08e-08   2.6609490e+14   2.6587443e+14   4.9e+09
  46   9.24e-02   1.05e+02   5.09e-08   2.6609465e+14   2.6582466e+14   3.2e+09
  47   1.71e-01   1.01e+02   4.94e-08   2.6609445e+14   2.6585371e+14   1.9e+09
  48   7.77e-02   8.53e+01   3.60e-08   2.6609430e+14   2.6575170e+14   1.1e+09
  49   5.67e-02   8.81e+01   3.70e-08   2.6609427e+14   2.6575117e+14   8.7e+08
  50   3.66e-02   8.75e+01   3.45e-08   2.6609424e+14   2.6576139e+14   6.6e+08
  51   1.01e-01   8.67e+01   4.84e-08   2.6609424e+14   2.6576470e+14   6.4e+08
  52   9.35e-02   2.37e+03   5.96e-08   2.6609424e+14   2.6557775e+14   6.3e+08
Barrier method finished in 174 seconds
?250 Warning: too many numerical errors
Uncrunching matrix
 
   Its         Obj Value      S   Ninf  Nneg        Sum Inf  Time
     0       2.66095E+14      B  24292     0     194.665259   187
Problem is unsolved
SERA directory not specified in input arguments, setting to default directory
STARTING DATA PRE-PROCESSING 
Processing Temporal Data
Processing Nodes
Processing Demand
Processing Existings
Processing Links
Processing Pathways
Creating Infrastructure options
 58.041012 seconds (222.18 M allocations: 22.670 GiB, 24.05% gc time, 0.80% compilation time)

OPTIMIZING FROM 2026 TO 2035 

STARTING OPTIMIZATION MODEL CREATION
CREATING VARIABLES AND EXPRESSIONS
243.853592 seconds (581.49 M allocations: 34.751 GiB, 76.46% gc time, 9.06% compilation time)
POPULATING EXPRESSIONS
 96.094971 seconds (228.34 M allocations: 32.487 GiB, 29.67% gc time, 0.27% compilation time)
CREATING CONSTRAINTS
274.195427 seconds (332.26 M allocations: 19.219 GiB, 81.57% gc time, 0.98% compilation time)
POPULATED CORE OPTIMIZATION MODEL, STARTING ITERATIONS
READING COST DATA FOR ITERATION 1
111.086520 seconds (114.70 M allocations: 10.557 GiB, 69.96% gc time, 0.85% compilation time)
CREATING EXPRESSIONS FOR CAPITAL AND FIXED COST
214.078449 seconds (117.37 M allocations: 7.841 GiB, 94.61% gc time, 1.54% compilation time)
BUILDING OBJECTIVE FUNCTION
 22.632709 seconds (54.17 M allocations: 2.019 GiB, 54.00% gc time, 5.76% compilation time)
Optimizing for iteration 1
593.899329 seconds (462.84 M allocations: 21.044 GiB, 73.41% gc time, 7.37% compilation time)
OPTIMAL
1.121736533132878e10
ϵ =  1.0
READING COST DATA FOR ITERATION 2
139.961065 seconds (89.99 M allocations: 9.918 GiB, 77.17% gc time, 0.03% compilation time)
CREATING EXPRESSIONS FOR CAPITAL AND FIXED COST
266.907299 seconds (114.89 M allocations: 7.659 GiB, 96.53% gc time, 0.04% compilation time)
BUILDING OBJECTIVE FUNCTION
 38.859250 seconds (60.97 M allocations: 2.218 GiB, 74.12% gc time)
Optimizing for iteration 2
 79.274507 seconds (134 allocations: 76.817 MiB, 1.36% gc time)
OPTIMAL
2.754069451590267e10
ϵ =  0.5926985310838632
READING COST DATA FOR ITERATION 3
139.902401 seconds (89.08 M allocations: 9.979 GiB, 77.22% gc time)
CREATING EXPRESSIONS FOR CAPITAL AND FIXED COST
267.366370 seconds (114.74 M allocations: 7.651 GiB, 96.45% gc time)
BUILDING OBJECTIVE FUNCTION
 39.684971 seconds (60.97 M allocations: 2.218 GiB, 73.63% gc time)
Optimizing for iteration 3
 50.043292 seconds (132 allocations: 76.923 MiB, 0.03% gc time)
OPTIMAL
2.336829270219816e10
ϵ =  0.17854970694155883
READING COST DATA FOR ITERATION 4
139.624958 seconds (89.03 M allocations: 9.946 GiB, 77.45% gc time)
CREATING EXPRESSIONS FOR CAPITAL AND FIXED COST
267.309244 seconds (114.74 M allocations: 7.651 GiB, 96.50% gc time)
BUILDING OBJECTIVE FUNCTION
 39.157254 seconds (60.97 M allocations: 2.218 GiB, 73.97% gc time)
Optimizing for iteration 4
 49.883152 seconds (132 allocations: 77.030 MiB, 0.03% gc time)
OPTIMAL
2.2789612441310287e10
ϵ =  0.02539228178575932
READING COST DATA FOR ITERATION 5
139.743257 seconds (89.03 M allocations: 10.009 GiB, 77.39% gc time)
CREATING EXPRESSIONS FOR CAPITAL AND FIXED COST
268.220456 seconds (114.74 M allocations: 7.651 GiB, 96.41% gc time)
BUILDING OBJECTIVE FUNCTION
 39.754665 seconds (60.97 M allocations: 2.218 GiB, 73.72% gc time)
Optimizing for iteration 5
 49.376633 seconds (132 allocations: 77.136 MiB, 0.03% gc time)
OPTIMAL
2.271976807595103e10
ϵ =  0.0030741671835354096
READING COST DATA FOR ITERATION 6
139.441175 seconds (89.03 M allocations: 9.898 GiB, 77.50% gc time)
CREATING EXPRESSIONS FOR CAPITAL AND FIXED COST
252.714351 seconds (114.74 M allocations: 7.651 GiB, 96.30% gc time)
BUILDING OBJECTIVE FUNCTION
 39.541075 seconds (60.97 M allocations: 2.218 GiB, 73.95% gc time)
Optimizing for iteration 6
 51.643189 seconds (132 allocations: 77.243 MiB, 0.04% gc time)
OPTIMAL
2.2669583303219833e10
ϵ =  0.002213749233196502
READING COST DATA FOR ITERATION 7
140.412076 seconds (89.03 M allocations: 9.994 GiB, 77.44% gc time)
CREATING EXPRESSIONS FOR CAPITAL AND FIXED COST
269.053289 seconds (114.74 M allocations: 7.651 GiB, 96.43% gc time)
BUILDING OBJECTIVE FUNCTION
 39.837628 seconds (60.97 M allocations: 2.218 GiB, 73.61% gc time)
Optimizing for iteration 7
 61.739515 seconds (132 allocations: 77.350 MiB, 0.03% gc time)
OPTIMAL
2.266316311430708e10
ϵ =  0.0002832874155760055
ITERATIONS COMPLETED
WRITING RESULTS TO FILE
 80.046991 seconds (87.81 M allocations: 3.588 GiB, 84.33% gc time, 1.78% compilation time)

OPTIMIZING FROM 2036 TO 2045 

STARTING OPTIMIZATION MODEL CREATION
CREATING VARIABLES AND EXPRESSIONS
1508.788452 seconds (564.97 M allocations: 33.858 GiB, 96.20% gc time)
POPULATING EXPRESSIONS
120.766204 seconds (227.97 M allocations: 32.476 GiB, 42.95% gc time)
CREATING CONSTRAINTS
657.119812 seconds (327.69 M allocations: 18.971 GiB, 92.25% gc time)
POPULATED CORE OPTIMIZATION MODEL, STARTING ITERATIONS
READING COST DATA FOR ITERATION 1
152.431957 seconds (88.24 M allocations: 9.901 GiB, 79.48% gc time)
CREATING EXPRESSIONS FOR CAPITAL AND FIXED COST
402.944502 seconds (113.75 M allocations: 8.565 GiB, 97.65% gc time, 0.01% compilation time)
BUILDING OBJECTIVE FUNCTION
 34.032092 seconds (52.91 M allocations: 1.953 GiB, 70.15% gc time)
Optimizing for iteration 1
1296.794780 seconds (442.29 M allocations: 19.940 GiB, 77.49% gc time)
NUMERICAL_ERROR
