FICO Xpress v8.8.0, Hyper, solve started 16:14:37, Dec 2, 2022
Heap usage: 4237MB (peak 4306MB, 0MB system)
Detected container-enforced memory limit of 191752 MB
Minimizing LP 
Original problem has:
  15080881 rows      9261571 cols     59450251 elements
Presolved problem has:
   1249009 rows      1382822 cols      4806748 elements
Presolve finished in 20 seconds
Heap usage: 3GB (peak 12GB, 0GB system)

Coefficient range                    original                 solved        
  Coefficients   [min,max] : [ 1.00e+00,  3.68e+04] / [ 1.00e+00,  1.00e+00]
  RHS and bounds [min,max] : [ 1.66e+03,  5.94e+08] / [ 1.66e+03,  5.94e+08]
  Objective      [min,max] : [ 3.81e-05,  2.12e+06] / [ 3.81e-05,  4.49e+01]

Barrier cache sizes : L1=32K L2=25344K
Using AVX support
Cores per CPU (CORESPERCPU): 18
Barrier starts after 22 seconds, using up to 36 threads, 36 cores
Matrix ordering - Dense cols.:      0   NZ(L):  34609626   Flops:   5657703642
 
  Its   P.inf      D.inf      U.inf      Primal obj.     Dual obj.      Compl.
   0   1.32e+09   4.59e+01   1.53e+07   1.2427531e+12  -5.3890778e+14   1.5e+15
   1   7.28e+08   2.47e+01   8.43e+06   1.4017932e+12  -3.2027396e+14   8.8e+14
   2   2.48e+08   1.62e+01   2.87e+06   1.7304810e+12  -2.2351947e+14   6.3e+14
   3   6.22e+07   4.70e+00   7.21e+05   1.9852572e+12  -8.2277700e+13   2.1e+14
   4   4.16e+06   5.27e-01   4.82e+04   1.8433832e+12  -1.3639229e+13   3.1e+13
   5   2.36e+06   2.39e-01   2.73e+04   1.5490078e+12  -6.9291318e+12   1.7e+13
   6   1.70e+06   1.25e-01   1.98e+04   1.3598538e+12  -3.9246229e+12   9.8e+12
   7   4.24e+05   2.58e-02   4.91e+03   8.3792075e+11  -1.0710377e+12   3.2e+12
   8   1.21e+05   5.62e-03   1.40e+03   5.0204869e+11  -3.1275491e+11   1.1e+12
   9   4.82e+04   1.89e-03   5.59e+02   3.0986585e+11  -1.1865550e+11   5.2e+11
  10   6.32e+03   5.07e-04   7.32e+01   1.2791743e+11  -3.0949312e+10   1.7e+11
  11   2.63e+03   2.13e-04   3.05e+01   8.1442581e+10  -4.9414987e+09   9.1e+10
  12   2.36e+03   1.31e-04   2.73e+01   7.6657637e+10   3.4693011e+09   7.6e+10
  13   2.19e+03   8.50e-05   2.53e+01   7.3409972e+10   8.3604681e+09   6.7e+10
  14   1.59e+03   4.99e-05   1.84e+01   6.1735853e+10   1.2172181e+10   5.0e+10
  15   1.13e+03   3.27e-05   1.31e+01   5.1942386e+10   1.4242572e+10   3.8e+10
  16   9.32e+02   1.58e-05   1.08e+01   4.7458706e+10   1.6499557e+10   3.1e+10
  17   7.14e+02   9.56e-06   8.27e+00   4.2219043e+10   1.7424907e+10   2.5e+10
  18   3.77e+02   3.80e-06   4.37e+00   3.3640614e+10   1.8424777e+10   1.5e+10
  19   1.21e+02   1.36e-06   1.40e+00   2.6060903e+10   1.9072771e+10   7.0e+09
  20   7.70e+01   7.43e-07   8.92e-01   2.4277976e+10   1.9372495e+10   4.9e+09
  21   3.21e+01   3.46e-07   3.72e-01   2.2245545e+10   1.9603521e+10   2.7e+09
  22   1.61e+01   2.85e-07   1.86e-01   2.1330287e+10   1.9653654e+10   1.7e+09
  23   9.74e+00   1.75e-07   1.13e-01   2.0907701e+10   1.9756892e+10   1.2e+09
  24   7.69e+00   1.28e-07   8.91e-02   2.0752517e+10   1.9805702e+10   9.5e+08
  25   3.47e+00   8.50e-08   4.03e-02   2.0413552e+10   1.9852430e+10   5.6e+08
  26   2.05e+00   5.72e-08   2.37e-02   2.0273008e+10   1.9887294e+10   3.9e+08
  27   1.36e+00   4.61e-08   1.57e-02   2.0194955e+10   1.9902317e+10   2.9e+08
  28   1.27e+00   2.95e-08   1.48e-02   2.0184578e+10   1.9925897e+10   2.6e+08
  29   1.23e+00   2.07e-08   1.43e-02   2.0179410e+10   1.9938529e+10   2.4e+08
  30   7.92e-01   1.34e-08   9.17e-03   2.0118176e+10   1.9949911e+10   1.7e+08
  31   1.58e-01   8.71e-09   1.84e-03   2.0027977e+10   1.9957472e+10   7.1e+07
  32   1.53e-01   8.38e-09   1.79e-03   2.0026764e+10   1.9958134e+10   6.9e+07
  33   1.24e-01   4.72e-09   1.44e-03   2.0019528e+10   1.9965568e+10   5.4e+07
  34   1.23e-01   4.65e-09   1.43e-03   2.0019246e+10   1.9965716e+10   5.4e+07
  35   9.56e-02   3.04e-09   1.12e-03   2.0011955e+10   1.9969104e+10   4.3e+07
  36   4.78e-02   2.15e-09   5.62e-04   1.9998310e+10   1.9971081e+10   2.7e+07
  37   2.53e-02   1.43e-09   2.73e-04   1.9989854e+10   1.9972894e+10   1.7e+07
  38   1.77e-02   8.59e-10   1.27e-04   1.9984676e+10   1.9974466e+10   1.0e+07
  39   1.39e-02   5.25e-10   4.55e-05   1.9981078e+10   1.9975468e+10   5.6e+06
  40   1.65e-02   3.35e-10   2.36e-05   1.9979732e+10   1.9976113e+10   3.6e+06
  41   1.54e-02   2.18e-10   1.32e-05   1.9978944e+10   1.9976531e+10   2.4e+06
  42   1.62e-02   1.31e-10   3.28e-06   1.9978041e+10   1.9976883e+10   1.2e+06
  43   1.73e-02   8.73e-11   1.22e-06   1.9977721e+10   1.9977069e+10   6.5e+05
  44   1.76e-02   5.82e-11   4.98e-07   1.9977559e+10   1.9977226e+10   3.3e+05
  45   2.25e-02   1.16e-10   2.18e-07   1.9977466e+10   1.9977284e+10   1.8e+05
  46   1.56e-02   5.82e-11   1.03e-07   1.9977414e+10   1.9977307e+10   1.1e+05
  47   2.70e-02   2.33e-10   5.96e-08   1.9977379e+10   1.9977325e+10   5.3e+04
  48   1.78e-02   2.33e-10   2.98e-08   1.9977356e+10   1.9977332e+10   2.5e+04
  49   4.94e-02   4.66e-10   2.98e-08   1.9977347e+10   1.9977334e+10   1.3e+04
  50   1.19e-02   6.98e-10   2.98e-08   1.9977339e+10   1.9977337e+10   2.1e+03
  51   8.05e-02   9.31e-10   2.98e-08   1.9977338e+10   1.9977337e+10   7.1e+02
  52   9.66e-01   9.31e-10   2.98e-08   1.9977337e+10   1.9977337e+10   2.2e+02
  53   8.29e-01   1.86e-09   2.98e-08   1.9977337e+10   1.9977337e+10   1.5e+02
  54   2.09e-01   1.86e-09   2.98e-08   1.9977337e+10   1.9977337e+10   1.3e+01
Barrier method finished in 115 seconds
Uncrunching matrix
Optimal solution found
Barrier solved problem
  54 barrier iterations in 140s

Final objective                       : 1.997733716171419e+10
  Max primal violation      (abs/rel) : 2.094e-01 / 2.094e-01
  Max dual violation        (abs/rel) : 9.021e-16 / 9.021e-16
  Max complementarity viol. (abs/rel) : 3.021e-02 / 7.105e-11
FICO Xpress v8.8.0, Hyper, solve started 16:48:24, Dec 2, 2022
Heap usage: 5GB (peak 12GB, 0GB system)
Detected container-enforced memory limit of 191752 MB
Minimizing LP 
Original problem has:
  15101851 rows      9261571 cols     59471221 elements
Presolved problem has:
   1250779 rows      1384618 cols      4810678 elements
Presolve finished in 20 seconds
Heap usage: 4GB (peak 14GB, 0GB system)

Coefficient range                    original                 solved        
  Coefficients   [min,max] : [ 1.00e+00,  3.68e+04] / [ 1.00e+00,  1.00e+00]
  RHS and bounds [min,max] : [ 1.66e+03,  5.94e+08] / [ 1.66e+03,  5.94e+08]
  Objective      [min,max] : [ 3.81e-05,  1.37e+07] / [ 3.81e-05,  1.37e+07]

Barrier cache sizes : L1=32K L2=25344K
Using AVX support
Cores per CPU (CORESPERCPU): 18
Barrier starts after 21 seconds, using up to 36 threads, 36 cores
Matrix ordering - Dense cols.:      0   NZ(L):  34625396   Flops:   5657836308
 
  Its   P.inf      D.inf      U.inf      Primal obj.     Dual obj.      Compl.
   0   1.34e+09   6.74e+05   1.54e+07   2.3451013e+17  -7.9231946e+18   2.2e+19
   1   7.58e+08   3.60e+05   8.74e+06   2.8549368e+17  -4.6948474e+18   1.3e+19
   2   2.81e+08   2.56e+05   3.24e+06   3.1238774e+17  -3.5007811e+18   9.8e+18
   3   6.61e+07   4.42e+04   7.63e+05   2.8296714e+17  -8.1706183e+17   2.3e+18
   4   5.42e+06   5.35e+03   6.25e+04   1.4384959e+17  -1.4253319e+17   4.3e+17
   5   2.07e+06   2.40e+03   2.38e+04   8.1563826e+16  -7.4647343e+16   2.3e+17
   6   9.49e+05   7.58e+02   1.09e+04   4.9890264e+16  -3.0828840e+16   1.1e+17
   7   1.86e+05   1.84e+02   2.15e+03   1.8553016e+16  -1.1089087e+16   4.0e+16
   8   3.70e+04   3.41e+01   4.27e+02   7.0845592e+15  -3.4687467e+15   1.4e+16
   9   1.92e+03   2.66e+00   2.21e+01   6.2534154e+14  -3.6226698e+14   1.3e+15
  10   6.19e+02   4.74e-01   7.13e+00   2.9627416e+14  -1.0761793e+14   4.7e+14
  11   5.50e+02   2.99e-01   6.34e+00   2.6925506e+14  -7.5423187e+13   3.9e+14
  12   4.96e+02   1.85e-01   5.72e+00   2.4722192e+14  -5.3108225e+13   3.3e+14
  13   4.49e+02   1.12e-01   5.18e+00   2.2720352e+14  -3.7746768e+13   2.8e+14
  14   3.29e+02   6.65e-02   3.80e+00   1.7536770e+14  -2.7438130e+13   2.2e+14
  15   1.40e+02   4.08e-02   1.62e+00   8.9232278e+13  -2.0231947e+13   1.2e+14
  16   2.97e+01   1.32e-02   3.42e-01   2.8676217e+13  -9.1957316e+12   4.5e+13
  17   1.10e+01   3.12e-03   1.27e-01   1.3850280e+13  -3.2235250e+12   1.9e+13
  18   6.60e+00   9.42e-04   7.61e-02   9.4047650e+12  -1.4691562e+12   1.1e+13
  19   3.76e+00   2.25e-04   3.24e-02   5.0135094e+12  -6.5536353e+11   5.8e+12
  20   3.65e+00   9.94e-05   8.20e-03   1.9880920e+12  -3.8281280e+11   2.4e+12
  21   4.72e+00   6.12e-05   3.57e-03   1.1164923e+12  -2.4741974e+11   1.4e+12
  22   5.32e+00   2.77e-05   2.02e-03   7.5236122e+11  -1.0852175e+11   8.7e+11
  23   4.10e+00   1.44e-05   2.37e-04   2.6050432e+11  -4.5276406e+10   3.1e+11
  24   1.80e+00   5.84e-06   7.75e-05   1.5432016e+11   7.6669740e+09   1.5e+11
  25   8.65e-01   3.34e-06   2.56e-05   1.0123537e+11   4.2016676e+10   5.9e+10
  26   5.81e-01   1.91e-06   1.70e-05   8.7216214e+10   4.4560341e+10   4.3e+10
  27   3.61e-01   4.77e-07   3.53e-06   6.3371078e+10   4.7906579e+10   1.6e+10
  28   1.18e-01   9.54e-07   8.89e-07   5.5246527e+10   4.9220977e+10   6.0e+09
  29   4.61e-02   9.54e-07   3.02e-07   5.2303376e+10   4.9535465e+10   2.8e+09
  30   1.61e-02   1.91e-06   7.47e-08   5.0838261e+10   4.9691486e+10   1.2e+09
  31   9.16e-03   3.81e-06   5.96e-08   5.0440900e+10   4.9769125e+10   6.7e+08
  32   5.00e-03   1.91e-06   2.98e-08   5.0199585e+10   4.9807713e+10   3.9e+08
  33   2.42e-03   3.81e-06   2.98e-08   5.0048587e+10   4.9849578e+10   2.0e+08
  34   2.79e-03   3.81e-06   2.98e-08   5.0009468e+10   4.9865319e+10   1.4e+08
  35   7.17e-03   3.81e-06   2.98e-08   4.9948697e+10   4.9872856e+10   7.6e+07
  36   1.08e-02   7.63e-06   2.98e-08   4.9921477e+10   4.9880181e+10   4.1e+07
  37   8.80e-03   7.63e-06   2.98e-08   4.9908257e+10   4.9883990e+10   2.4e+07
  38   7.27e-03   7.63e-06   2.98e-08   4.9898951e+10   4.9885280e+10   1.4e+07
  39   8.67e-03   2.29e-05   2.98e-08   4.9893498e+10   4.9886817e+10   6.7e+06
  40   8.09e-03   1.53e-05   2.98e-08   4.9891395e+10   4.9887765e+10   3.6e+06
  41   8.50e-03   1.53e-05   2.98e-08   4.9890320e+10   4.9888138e+10   2.2e+06
  42   6.44e-03   3.05e-05   2.98e-08   4.9889656e+10   4.9888507e+10   1.2e+06
  43   8.37e-03   6.10e-05   2.98e-08   4.9889260e+10   4.9888718e+10   5.4e+05
  44   8.05e-03   1.22e-04   2.98e-08   4.9889077e+10   4.9888842e+10   2.4e+05
  45   4.80e-02   1.22e-04   2.98e-08   4.9888985e+10   4.9888874e+10   1.1e+05
  46   1.38e-02   2.44e-04   2.98e-08   4.9888916e+10   4.9888880e+10   3.7e+04
  47   2.28e-02   9.77e-04   2.98e-08   4.9888896e+10   4.9888889e+10   7.4e+03
  48   2.24e-02   9.77e-04   2.98e-08   4.9888890e+10   4.9888890e+10   6.8e+02
  49   4.71e-02   1.46e-03   2.98e-08   4.9888890e+10   4.9888890e+10   1.3e+00
Barrier method finished in 119 seconds
Uncrunching matrix
Optimal solution found
Barrier solved problem
  49 barrier iterations in 144s

Final objective                       : 4.988888977460670e+10
  Max primal violation      (abs/rel) : 4.714e-02 / 4.714e-02
  Max dual violation        (abs/rel) : 1.019e-10 / 1.019e-10
  Max complementarity viol. (abs/rel) : 6.873e-03 / 2.386e-17
