FICO Xpress v8.8.0, Hyper, solve started 20:10:35, Nov 1, 2022
Heap usage: 386MB (peak 392MB, 0MB system)
Detected container-enforced memory limit of 94979 MB
Minimizing LP 
Original problem has:
   1430275 rows       901591 cols      4548700 elements
Presolved problem has:
    239943 rows       310706 cols       922772 elements
Presolve finished in 1 seconds
Heap usage: 367MB (peak 1136MB, 0MB system)

Coefficient range                    original                 solved        
  Coefficients   [min,max] : [ 1.00e+00,  5.00e+00] / [ 1.00e+00,  1.00e+00]
  RHS and bounds [min,max] : [ 3.26e+02,  1.46e+08] / [ 3.26e+02,  1.46e+08]
  Objective      [min,max] : [ 7.69e-05,  4.50e+05] / [ 7.69e-05,  1.12e+01]

Barrier cache sizes : L1=32K L2=25344K
Using AVX support
Cores per CPU (CORESPERCPU): 18
Barrier starts after 2 seconds, using up to 36 threads, 36 cores
Matrix ordering - Dense cols.:      0   NZ(L):   4374120   Flops:    639873642
 
  Its   P.inf      D.inf      U.inf      Primal obj.     Dual obj.      Compl.
   0   1.50e+08   1.22e+01   5.14e+06   2.1878438e+11  -2.6483677e+13   4.6e+13
   1   5.60e+07   7.84e+00   1.92e+06   2.7546891e+11  -1.7654990e+13   3.2e+13
   2   1.99e+07   2.83e+00   6.81e+05   3.1909079e+11  -7.0616801e+12   1.4e+13
   3   1.53e+06   1.52e-01   5.24e+04   2.5016258e+11  -5.0863301e+11   1.1e+12
   4   3.73e+05   3.83e-02   1.28e+04   1.4541174e+11  -1.5542430e+11   4.1e+11
   5   4.48e+04   6.72e-03   1.54e+03   5.1057693e+10  -2.8757690e+10   9.4e+10
   6   1.11e+04   1.41e-03   3.81e+02   2.6869393e+10  -5.1065712e+09   3.4e+10
   7   2.21e+03   2.86e-04   7.59e+01   1.3056714e+10   1.3316693e+09   1.2e+10
   8   8.70e+02   1.39e-04   2.99e+01   8.8087634e+09   2.5488962e+09   6.3e+09
   9   4.08e+02   6.96e-05   1.40e+01   6.8523198e+09   3.2036156e+09   3.7e+09
  10   1.76e+02   4.27e-05   6.03e+00   5.6159362e+09   3.4912864e+09   2.1e+09
  11   7.36e+01   2.51e-05   2.53e+00   4.9228655e+09   3.7002318e+09   1.2e+09
  12   2.85e+01   1.74e-05   9.77e-01   4.5238957e+09   3.8004578e+09   7.2e+08
  13   8.84e+00   9.77e-06   3.03e-01   4.2924046e+09   3.9064289e+09   3.9e+08
  14   2.59e+00   4.26e-06   8.89e-02   4.1773525e+09   3.9885361e+09   1.9e+08
  15   7.60e-01   2.90e-06   2.61e-02   4.1197299e+09   4.0106341e+09   1.1e+08
  16   2.42e-01   1.14e-06   8.29e-03   4.0940873e+09   4.0406339e+09   5.3e+07
  17   8.07e-02   3.98e-07   2.77e-03   4.0797518e+09   4.0544312e+09   2.5e+07
  18   2.31e-02   1.66e-07   7.93e-04   4.0712151e+09   4.0592562e+09   1.2e+07
  19   7.68e-03   9.19e-08   2.65e-04   4.0674231e+09   4.0609805e+09   6.4e+06
  20   2.13e-03   4.63e-08   7.58e-05   4.0653920e+09   4.0621231e+09   3.3e+06
  21   6.25e-04   2.64e-08   2.29e-05   4.0644488e+09   4.0626656e+09   1.8e+06
  22   4.62e-04   1.12e-08   3.95e-06   4.0638851e+09   4.0631091e+09   7.8e+05
  23   5.83e-04   4.19e-09   1.75e-06   4.0637341e+09   4.0633333e+09   4.0e+05
  24   1.15e-03   1.16e-09   4.56e-07   4.0635983e+09   4.0634356e+09   1.6e+05
  25   1.93e-03   5.82e-10   2.37e-07   4.0635557e+09   4.0634592e+09   9.7e+04
  26   1.79e-03   4.66e-10   2.98e-08   4.0634953e+09   4.0634757e+09   2.0e+04
  27   1.99e-03   1.12e-08   2.98e-08   4.0634885e+09   4.0634796e+09   8.8e+03
  28   6.30e-03   2.70e-08   2.98e-08   4.0634827e+09   4.0634819e+09   8.5e+02
  29   1.14e-03   2.79e-09   2.98e-08   4.0634820e+09   4.0634820e+09   3.3e+00
Barrier method finished in 8 seconds
Crossover starts
Starting parallel crossover, using up to 8 threads
 
   Its         Obj Value      S   Ninf  Nneg        Sum Inf  Time
174468       4063481957.     PP      1     0        .000000    16
174468       4063481955.      P      0     0        .000000    16
 11853       4063481955.      N      0     0        .000000    16
  5673       4063481955.     PD      0     0        .000000    17
  5673       4063481955.      D      0 79736        .000000    17
Crossover successful
Objective function value:  4063481954. time: 7
     0       4063481954.      P      0 79731        .000000    17
  2332       4063481954.      P      0 78683        .000000    20
  5922       4063481954.      P      0 74747        .000000    24
  8534       4063481954.      P      0 72342        .000000    27
 10732       4063481954.      P      0 70928        .000000    31
 12201       4063481954.      P      0 69667        .000000    34
 13670       4063481954.      P      0 69050        .000000    37
 15015       4063481954.      P      0 70242        .000000    41
 16400       4063481954.      P      0 67592        .000000    44
 17453       4063481954.      P      0 68518        .000000    47
 18896       4063481954.      P      0 66677        .000000    50
 20117       4063481954.      P      0 66357        .000000    53
 21031       4063481954.      P      0 67160        .000000    57
 21785       4063481954.      P      0 65003        .000000    60
 22402       4063481954.      P      0 66121        .000000    62
 
   Its         Obj Value      S   Ninf  Nneg        Sum Inf  Time
 23054       4063481954.      P      0 64616        .000000    65
 23767       4063481954.      P      0 65867        .000000    68
 24540       4063481954.      P      0 64142        .000000    71
 25408       4063481954.      P      0 63751        .000000    74
 26006       4063481954.      P      0 64770        .000000    77
 26872       4063481954.      P      0 63303        .000000    80
 27683       4063481954.      P      0 60158        .000000    84
 28442       4063481954.      P      0 62430        .000000    87
 29113       4063481954.      P      0 60669        .000000    90
 29794       4063481954.      P      0 61611        .000000    92
 30586       4063481954.      P      0 60157        .000000    95
 31224       4063481954.      P      0 61468        .000000    98
 31918       4063481954.      P      0 62203        .000000   101
 32800       4063481954.      P      0 59445        .000000   104
 33495       4063481954.      P      0 57699        .000000   108
 34144       4063481954.      P      0 59369        .000000   110
 34956       4063481954.      P      0 56990        .000000   114
 35720       4063481954.      P      0 58180        .000000   117
 36649       4063481954.      P      0 57989        .000000   120
 37642       4063481954.      P      0 54670        .000000   123
 
   Its         Obj Value      S   Ninf  Nneg        Sum Inf  Time
 38403       4063481954.      P      0 54908        .000000   126
 39112       4063481954.      P      0 55169        .000000   129
 39899       4063481954.      P      0 58183        .000000   132
 40613       4063481954.      P      0 56355        .000000   135
 41485       4063481954.      P      0 54129        .000000   138
 42360       4063481954.      P      0 55220        .000000   141
 43227       4063481954.      P      0 52595        .000000   145
 44029       4063481954.      P      0 52240        .000000   148
 45116       4063481954.      P      0 49252        .000000   151
 45929       4063481954.      P      0 49412        .000000   154
 46809       4063481954.      P      0 53210        .000000   157
 47916       4063481954.      P      0 47441        .000000   160
 48862       4063481954.      P      0 47885        .000000   164
 49887       4063481954.      P      0 46890        .000000   167
 50907       4063481954.      P      0 50484        .000000   170
 51948       4063481954.      P      0 47791        .000000   173
 53097       4063481954.      P      0 41812        .000000   176
 54045       4063481954.      P      0 45114        .000000   180
 55211       4063481954.      P      0 42941        .000000   183
 56176       4063481954.      P      0 43363        .000000   186
 
   Its         Obj Value      S   Ninf  Nneg        Sum Inf  Time
 57503       4063481954.      P      0 41264        .000000   189
 58584       4063481954.      P      0 40558        .000000   192
 59631       4063481954.      P      0 40076        .000000   196
 60552       4063481954.      P      0 37853        .000000   199
 61740       4063481954.      P      0 41292        .000000   202
 62693       4063481954.      P      0 37824        .000000   205
 63880       4063481954.      P      0 37368        .000000   208
 65153       4063481954.      P      0 36160        .000000   211
 66056       4063481954.      P      0 33528        .000000   214
 66936       4063481954.      P      0 34471        .000000   217
 68007       4063481954.      P      0 34293        .000000   221
 68942       4063481954.      P      0 33207        .000000   224
 69868       4063481954.      P      0 34619        .000000   227
 71216       4063481954.      P      0 30827        .000000   230
 72538       4063481954.      P      0 30038        .000000   233
 73869       4063481954.      P      0 27575        .000000   236
 75073       4063481954.      P      0 27518        .000000   239
 76446       4063481954.      P      0 24724        .000000   242
 78017       4063481954.      P      0 25102        .000000   245
 79137       4063481954.      P      0 22860        .000000   248
 
   Its         Obj Value      S   Ninf  Nneg        Sum Inf  Time
 80290       4063481954.      P      0 25473        .000000   251
 81813       4063481954.      P      0 24725        .000000   254
 82916       4063481954.      P      0 21777        .000000   257
 83800       4063481954.      P      0 20573        .000000   260
 84900       4063481954.      P      0 19886        .000000   263
 85909       4063481954.      P      0 18539        .000000   266
 87378       4063481954.      P      0 17395        .000000   269
 88974       4063481954.      P      0 15282        .000000   272
 89759       4063481954.      P      0 15049        .000000   275
 90604       4063481954.      P      0 15620        .000000   278
 91458       4063481954.      P      0 16021        .000000   281
 92699       4063481954.      P      0 13444        .000000   284
 93571       4063481954.      P      0 12090        .000000   287
 95014       4063481954.      P      0  9915        .000000   290
 95916       4063481954.      P      0 10902        .000000   292
 96991       4063481954.      P      0  9618        .000000   295
 98156       4063481954.      P      0  8064        .000000   298
 99407       4063481954.      P      0  6705        .000000   301
100777       4063481954.      P      0  5507        .000000   304
101804       4063481954.      P      0  5945        .000000   306
 
   Its         Obj Value      S   Ninf  Nneg        Sum Inf  Time
102881       4063481954.      P      0  3827        .000000   309
103856       4063481954.      P      0  2940        .000000   312
104855       4063481954.      P      0  1889        .000000   314
105937       4063481954.      P      0   923        .000000   317
106770       4063481954.      P      4     0        .000000   319
Starting parallel dual simplex, using up to 8 threads
106775       4063481954.      P      0     0        .000000   319
Uncrunching matrix
Optimal solution found
Barrier solved problem
  29 barrier and 286916 simplex iterations in 320s

Final objective                       : 4.063481953967979e+09
  Max primal violation      (abs/rel) : 1.560e-08 / 1.560e-08
  Max dual violation        (abs/rel) : 6.752e-07 / 6.752e-07
  Max complementarity viol. (abs/rel) :       0.0 /       0.0
All values within tolerances
FICO Xpress v8.8.0, Hyper, solve started 20:17:24, Nov 1, 2022
Heap usage: 659MB (peak 1136MB, 0MB system)
Detected container-enforced memory limit of 94979 MB
Minimizing LP 
Original problem has:
   1437265 rows       901591 cols      4555690 elements
Presolved problem has:
    240999 rows       311762 cols       924884 elements
Presolve finished in 1 seconds
Heap usage: 601MB (peak 1501MB, 0MB system)

Coefficient range                    original                 solved        
  Coefficients   [min,max] : [ 1.00e+00,  5.00e+00] / [ 1.00e+00,  1.00e+00]
  RHS and bounds [min,max] : [ 3.26e+02,  1.46e+08] / [ 3.26e+02,  1.46e+08]
  Objective      [min,max] : [ 7.69e-05,  1.34e+07] / [ 7.69e-05,  1.34e+07]

Barrier cache sizes : L1=32K L2=25344K
Using AVX support
Cores per CPU (CORESPERCPU): 18
Barrier starts after 2 seconds, using up to 36 threads, 36 cores
Matrix ordering - Dense cols.:      0   NZ(L):   4379706   Flops:    639883926
 
  Its   P.inf      D.inf      U.inf      Primal obj.     Dual obj.      Compl.
   0   1.50e+08   2.45e+05   5.14e+06   7.7535574e+16  -5.3180356e+17   9.7e+17
   1   5.19e+07   1.62e+05   1.78e+06   6.1966331e+16  -3.6368755e+17   6.6e+17
   2   2.15e+07   8.91e+04   7.38e+05   5.0556997e+16  -2.1124731e+17   3.9e+17
   3   5.48e+06   4.21e+04   1.88e+05   3.3928871e+16  -1.0710235e+17   2.0e+17
   4   1.82e+06   8.12e+03   6.23e+04   1.9925545e+16  -2.4816777e+16   5.7e+16
   5   5.42e+05   2.45e+03   1.86e+04   1.0015030e+16  -9.0957883e+15   2.4e+16
   6   5.50e+04   3.23e+02   1.89e+03   2.1927407e+15  -1.6153044e+15   4.6e+15
   7   5.57e+03   1.18e+01   1.91e+02   3.1434545e+14  -9.2963702e+13   4.4e+14
   8   2.35e+03   3.24e+00   8.07e+01   1.6160565e+14  -3.7992650e+13   2.2e+14
   9   4.19e+02   1.01e+00   1.44e+01   4.9798161e+13  -1.7702052e+13   8.5e+13
  10   9.19e+01   1.61e-01   3.15e+00   1.8731755e+13  -5.4940879e+12   2.8e+13
  11   1.15e+01   3.55e-02   3.94e-01   4.1614773e+12  -1.6656160e+12   7.0e+12
  12   1.61e+00   4.77e-03   5.53e-02   1.4585222e+12  -4.2184813e+11   2.1e+12
  13   8.61e-01   1.90e-03   2.95e-02   9.4970974e+11  -1.8814044e+11   1.2e+12
  14   1.33e+00   4.48e-05   4.25e-03   2.7694506e+11   1.0038364e+10   2.7e+11
  15   5.69e-01   2.18e-05   1.10e-03   1.3243508e+11   1.9661200e+10   1.1e+11
  16   2.14e-01   9.54e-07   1.54e-04   6.7140042e+10   3.3309810e+10   3.4e+10
  17   1.07e-01   2.38e-06   2.53e-05   4.6259404e+10   3.6101407e+10   1.0e+10
  18   9.14e-03   4.77e-07   7.61e-07   3.8184884e+10   3.6929087e+10   1.3e+09
  19   5.92e-03   4.77e-07   2.19e-07   3.7595897e+10   3.7024806e+10   5.7e+08
  20   3.00e-03   1.91e-06   5.96e-08   3.7305347e+10   3.7077171e+10   2.3e+08
  21   1.58e-03   3.81e-06   2.98e-08   3.7206969e+10   3.7106014e+10   1.0e+08
  22   6.43e-04   2.67e-05   2.98e-08   3.7170437e+10   3.7120582e+10   5.0e+07
  23   4.75e-04   1.53e-05   2.98e-08   3.7154514e+10   3.7131332e+10   2.3e+07
  24   5.42e-04   2.59e-04   2.98e-08   3.7148106e+10   3.7135945e+10   1.2e+07
  25   4.65e-04   1.22e-04   2.98e-08   3.7143505e+10   3.7137812e+10   5.7e+06
  26   6.20e-04   4.27e-04   2.98e-08   3.7142104e+10   3.7139179e+10   2.9e+06
  27   1.42e-03   1.22e-04   2.98e-08   3.7140947e+10   3.7139670e+10   1.3e+06
  28   7.38e-04   1.22e-04   2.98e-08   3.7140471e+10   3.7139877e+10   5.9e+05
  29   7.45e-04   7.32e-04   2.98e-08   3.7140289e+10   3.7140055e+10   2.3e+05
  30   1.63e-03   4.88e-04   2.98e-08   3.7140199e+10   3.7140101e+10   9.9e+04
  31   1.62e-03   5.86e-03   2.98e-08   3.7140175e+10   3.7140136e+10   4.0e+04
  32   4.16e-03   7.81e-03   2.98e-08   3.7140154e+10   3.7140143e+10   1.1e+04
  33   4.76e-04   3.12e-02   2.98e-08   3.7140149e+10   3.7140148e+10   1.3e+03
  34   7.45e-04   3.12e-02   2.98e-08   3.7140148e+10   3.7140148e+10   1.8e+01
Barrier method finished in 10 seconds
Crossover starts
Starting parallel crossover, using up to 8 threads
 
   Its         Obj Value      S   Ninf  Nneg        Sum Inf  Time
 94054       3.71401E+10     PP      1     0        .000000    18
 94054       3.71401E+10      P      0     0        .000000    18
 68738       3.71401E+10      N      0     0        .000000    18
  6012       3.71401E+10     PD      0     0        .000000    19
  6012       3.71401E+10      D      0 44218        .000000    19
Crossover successful
Objective function value:  3.71401E+10 time: 6
     0       3.71401E+10      P      0 44217        .000000    19
  4406       3.71401E+10      P      0 43221        .000000    23
  6401       3.71401E+10      P      0 42604        .000000    26
  7940       3.71401E+10      P      0 44667        .000000    30
  9023       3.71401E+10      P      0 44073        .000000    33
 10133       3.71401E+10      P      0 42049        .000000    36
 11445       3.71401E+10      P      0 40725        .000000    39
 12825       3.71401E+10      P      0 41425        .000000    42
 13882       3.71401E+10      P      0 40542        .000000    45
 15048       3.71401E+10      P      0 40918        .000000    49
 16047       3.71401E+10      P      0 40875        .000000    52
 17180       3.71401E+10      P      0 39978        .000000    55
 18146       3.71401E+10      P      0 38604        .000000    58
 19092       3.71401E+10      P      0 41955        .000000    61
 20196       3.71401E+10      P      0 38913        .000000    65
 
   Its         Obj Value      S   Ninf  Nneg        Sum Inf  Time
 21199       3.71401E+10      P      0 38621        .000000    68
 22125       3.71401E+10      P      0 36845        .000000    71
 23262       3.71401E+10      P      0 36728        .000000    74
 24135       3.71401E+10      P      0 37131        .000000    77
 25146       3.71401E+10      P      0 37274        .000000    80
 26140       3.71401E+10      P      0 37386        .000000    84
 27052       3.71401E+10      P      0 38628        .000000    87
 28005       3.71401E+10      P      0 36348        .000000    90
 28950       3.71401E+10      P      0 38437        .000000    93
 29928       3.71401E+10      P      0 35533        .000000    96
 30956       3.71401E+10      P      0 35500        .000000    99
 31933       3.71401E+10      P      0 34972        .000000   103
 32951       3.71401E+10      P      0 35098        .000000   106
 34169       3.71401E+10      P      0 36716        .000000   109
 35066       3.71401E+10      P      0 35738        .000000   112
 36051       3.71401E+10      P      0 33707        .000000   115
 36968       3.71401E+10      P      0 33180        .000000   119
 38054       3.71401E+10      P      0 32452        .000000   122
 39016       3.71401E+10      P      0 34154        .000000   125
 39985       3.71401E+10      P      0 31743        .000000   128
 
   Its         Obj Value      S   Ninf  Nneg        Sum Inf  Time
 41066       3.71401E+10      P      0 30748        .000000   131
 42130       3.71401E+10      P      0 31821        .000000   134
 43204       3.71401E+10      P      0 32043        .000000   137
 44239       3.71401E+10      P      0 31554        .000000   141
 45248       3.71401E+10      P      0 29136        .000000   144
 46260       3.71401E+10      P      0 29637        .000000   147
 47321       3.71401E+10      P      0 27993        .000000   150
 48551       3.71401E+10      P      0 27588        .000000   153
 49644       3.71401E+10      P      0 26646        .000000   156
 50653       3.71401E+10      P      0 27859        .000000   159
 51697       3.71401E+10      P      0 26755        .000000   162
 52724       3.71401E+10      P      0 25312        .000000   165
 53893       3.71401E+10      P      0 26410        .000000   168
 55135       3.71401E+10      P      0 25695        .000000   172
 56131       3.71401E+10      P      0 28319        .000000   175
 57255       3.71401E+10      P      0 24983        .000000   178
 58299       3.71401E+10      P      0 25174        .000000   181
 59475       3.71401E+10      P      0 24887        .000000   184
 60415       3.71401E+10      P      0 27131        .000000   187
 61525       3.71401E+10      P      0 22867        .000000   190
 
   Its         Obj Value      S   Ninf  Nneg        Sum Inf  Time
 62601       3.71401E+10      P      0 24939        .000000   193
 63578       3.71401E+10      P      0 23394        .000000   196
 64775       3.71401E+10      P      0 23853        .000000   199
 65921       3.71401E+10      P      0 21627        .000000   202
 67183       3.71401E+10      P      0 21086        .000000   205
 68240       3.71401E+10      P      0 21109        .000000   208
 69313       3.71401E+10      P      0 20608        .000000   211
 70409       3.71401E+10      P      0 20089        .000000   214
 71632       3.71401E+10      P      0 20795        .000000   217
 72776       3.71401E+10      P      0 19393        .000000   220
 73804       3.71401E+10      P      0 18042        .000000   223
 74858       3.71401E+10      P      0 19336        .000000   226
 76002       3.71401E+10      P      0 18408        .000000   229
 77247       3.71401E+10      P      0 16913        .000000   232
 78591       3.71401E+10      P      0 15746        .000000   235
 80016       3.71401E+10      P      0 15161        .000000   238
 81751       3.71401E+10      P      0 14220        .000000   241
 83097       3.71401E+10      P      0 13149        .000000   244
 84538       3.71401E+10      P      0 13496        .000000   247
 86101       3.71401E+10      P      0 11191        .000000   250
 
   Its         Obj Value      S   Ninf  Nneg        Sum Inf  Time
 87788       3.71401E+10      P      0 10556        .000000   253
 89382       3.71401E+10      P      0  8609        .000000   256
 91159       3.71401E+10      P      0  7855        .000000   258
 92858       3.71401E+10      P      0  6463        .000000   261
 94803       3.71401E+10      P      0  4283        .000000   264
 96897       3.71401E+10      P      0  3388        .000000   267
 99460       3.71401E+10      P      0   358        .000000   270
 99823       3.71401E+10      P      0     0        .000000   270
Starting parallel dual simplex, using up to 8 threads
 99927       3.71401E+10      P      0     0        .000000   270
Uncrunching matrix
Optimal solution found
Barrier solved problem
  34 barrier and 199993 simplex iterations in 271s

Final objective                       : 3.714014806945943e+10
  Max primal violation      (abs/rel) : 9.895e-09 / 9.895e-09
  Max dual violation        (abs/rel) : 7.276e-12 / 7.276e-12
  Max complementarity viol. (abs/rel) :       0.0 /       0.0
All values within tolerances
FICO Xpress v8.8.0, Hyper, solve started 20:23:23, Nov 1, 2022
Heap usage: 665MB (peak 1501MB, 0MB system)
Detected container-enforced memory limit of 94979 MB
Minimizing LP 
Original problem has:
   1444255 rows       901591 cols      4562680 elements
Presolved problem has:
    241009 rows       311772 cols       924904 elements
Presolve finished in 2 seconds
Heap usage: 607MB (peak 1507MB, 0MB system)

Coefficient range                    original                 solved        
  Coefficients   [min,max] : [ 1.00e+00,  5.00e+00] / [ 1.00e+00,  1.00e+00]
  RHS and bounds [min,max] : [ 3.26e+02,  1.46e+08] / [ 3.26e+02,  1.46e+08]
  Objective      [min,max] : [ 7.69e-05,  1.34e+07] / [ 7.69e-05,  1.34e+07]

Barrier cache sizes : L1=32K L2=25344K
Using AVX support
Cores per CPU (CORESPERCPU): 18
Barrier starts after 2 seconds, using up to 36 threads, 36 cores
Matrix ordering - Dense cols.:      0   NZ(L):   4379766   Flops:    639884066
 
  Its   P.inf      D.inf      U.inf      Primal obj.     Dual obj.      Compl.
   0   1.50e+08   2.45e+05   5.14e+06   7.8343313e+16  -5.3180345e+17   9.7e+17
   1   5.11e+07   1.61e+05   1.75e+06   6.2616170e+16  -3.6326431e+17   6.6e+17
   2   2.13e+07   9.20e+04   7.32e+05   5.1243675e+16  -2.1739936e+17   4.0e+17
   3   4.99e+06   4.36e+04   1.71e+05   3.3656407e+16  -1.1001178e+17   2.1e+17
   4   2.03e+06   1.16e+04   6.98e+04   2.2596782e+16  -3.4463507e+16   7.5e+16
   5   2.89e+05   3.24e+03   9.91e+03   9.7300495e+15  -1.1796896e+16   2.8e+16
   6   6.18e+04   4.77e+02   2.12e+03   3.5055132e+15  -2.2955079e+15   7.0e+15
   7   3.53e+03   4.79e+01   1.21e+02   4.1071399e+14  -3.0045202e+14   8.6e+14
   8   5.98e+02   3.92e+00   2.05e+01   1.0578895e+14  -3.8271944e+13   1.6e+14
   9   2.06e+02   1.37e+00   7.08e+00   4.8564323e+13  -1.7404158e+13   7.9e+13
  10   3.90e+01   2.29e-01   1.34e+00   1.6611448e+13  -5.3446389e+12   2.5e+13
  11   8.21e+00   2.76e-02   2.82e-01   4.7831913e+12  -1.0418443e+12   6.4e+12
  12   9.69e-01   7.87e-03   3.32e-02   1.3173078e+12  -4.3926178e+11   2.0e+12
  13   2.89e-01   2.43e-03   7.11e-03   5.4845635e+11  -1.6150423e+11   7.7e+11
  14   9.80e-01   7.89e-04   7.20e-04   1.7398447e+11  -4.3920097e+10   2.3e+11
  15   4.76e-01   4.61e-05   1.39e-04   8.1954333e+10   2.1970415e+10   6.0e+10
  16   1.74e-01   1.86e-05   3.38e-05   5.0055001e+10   2.6603572e+10   2.4e+10
  17   3.99e-02   1.22e-05   4.80e-06   3.5737876e+10   2.7420307e+10   8.3e+09
  18   1.88e-02   2.19e-05   1.63e-06   3.2572435e+10   2.9216644e+10   3.4e+09
  19   6.18e-03   1.53e-05   2.95e-07   3.0304362e+10   2.9477997e+10   8.3e+08
  20   6.14e-03   5.72e-06   5.96e-08   2.9825327e+10   2.9535244e+10   2.9e+08
  21   3.41e-03   7.63e-06   2.98e-08   2.9687550e+10   2.9574749e+10   1.1e+08
  22   1.61e-03   7.63e-06   2.98e-08   2.9642286e+10   2.9585754e+10   5.7e+07
  23   5.44e-04   1.14e-05   2.98e-08   2.9614510e+10   2.9591374e+10   2.3e+07
  24   7.07e-04   1.53e-05   2.98e-08   2.9606115e+10   2.9594362e+10   1.2e+07
  25   7.34e-04   3.05e-05   2.98e-08   2.9603451e+10   2.9597018e+10   6.4e+06
  26   7.26e-04   3.05e-05   2.98e-08   2.9600860e+10   2.9597969e+10   2.9e+06
  27   5.52e-04   3.05e-05   2.98e-08   2.9599744e+10   2.9598327e+10   1.4e+06
  28   4.53e-04   1.22e-04   2.98e-08   2.9599297e+10   2.9598643e+10   6.5e+05
  29   4.55e-04   3.91e-03   2.98e-08   2.9599083e+10   2.9598807e+10   2.8e+05
  30   5.53e-04   7.32e-04   2.98e-08   2.9598961e+10   2.9598880e+10   8.1e+04
  31   4.30e-04   9.77e-04   2.98e-08   2.9598926e+10   2.9598891e+10   3.5e+04
  32   7.01e-04   1.95e-03   2.98e-08   2.9598909e+10   2.9598898e+10   1.0e+04
  33   1.95e-03   3.91e-03   2.98e-08   2.9598903e+10   2.9598899e+10   3.8e+03
  34   1.86e-03   7.81e-03   2.98e-08   2.9598900e+10   2.9598899e+10   7.7e+02
  35   3.37e-03   1.56e-02   2.98e-08   2.9598899e+10   2.9598899e+10   4.2e+01
  36   3.81e-03   1.56e-02   2.98e-08   2.9598899e+10   2.9598899e+10   1.1e-01
Barrier method finished in 11 seconds
Crossover starts
Starting parallel crossover, using up to 8 threads
 
   Its         Obj Value      S   Ninf  Nneg        Sum Inf  Time
 67282       2.95989E+10     PP      1     0        .000000    16
 67282       2.95989E+10      P      0     0        .000000    16
 69315       2.95989E+10      N      0     0        .000000    16
  8748       2.95989E+10     PD      0     0        .000000    18
  8748       2.95989E+10      D      0 32548        .000000    18
Crossover successful
Objective function value:  2.95989E+10 time: 5
     0       2.95989E+10      P      0 32547        .000000    18
  4360       2.95989E+10      P      0 29548        .000000    21
  6902       2.95989E+10      P      0 27659        .000000    24
  9526       2.95989E+10      P      0 26331        .000000    28
 11296       2.95989E+10      P      0 26171        .000000    31
 12704       2.95989E+10      P      0 25250        .000000    34
 14143       2.95989E+10      P      0 26089        .000000    36
 15906       2.95989E+10      P      0 24397        .000000    40
 17461       2.95989E+10      P      0 24517        .000000    43
 18771       2.95989E+10      P      0 23392        .000000    45
 20194       2.95989E+10      P      0 23073        .000000    48
 21645       2.95989E+10      P      0 22178        .000000    51
 22946       2.95989E+10      P      0 21250        .000000    54
 24319       2.95989E+10      P      0 20245        .000000    57
 25893       2.95989E+10      P      0 19419        .000000    60
 
   Its         Obj Value      S   Ninf  Nneg        Sum Inf  Time
 27193       2.95989E+10      P      0 19539        .000000    62
 28399       2.95989E+10      P      0 18638        .000000    65
 30115       2.95989E+10      P      0 16822        .000000    68
 31528       2.95989E+10      P      0 16212        .000000    71
 33026       2.95989E+10      P      0 16384        .000000    74
 34682       2.95989E+10      P      0 15393        .000000    77
 36516       2.95989E+10      P      0 13660        .000000    79
 38321       2.95989E+10      P      0 12903        .000000    82
 40051       2.95989E+10      P      0 11745        .000000    85
 42007       2.95989E+10      P      0 10195        .000000    88
 44161       2.95989E+10      P      0  8403        .000000    91
 46278       2.95989E+10      P      0  6472        .000000    94
 48623       2.95989E+10      P      0  4314        .000000    97
 51099       2.95989E+10      P      0  1622        .000000    99
 52920       2.95989E+10      P      0     0        .000000   101
Starting parallel dual simplex, using up to 8 threads
 52983       2.95989E+10      D      0     0        .000000   101
Uncrunching matrix
Optimal solution found
Barrier solved problem
  36 barrier and 129013 simplex iterations in 102s

Final objective                       : 2.959889942101644e+10
  Max primal violation      (abs/rel) : 3.725e-09 / 3.725e-09
  Max dual violation        (abs/rel) : 3.006e-07 / 3.006e-07
  Max complementarity viol. (abs/rel) :       0.0 /       0.0
All values within tolerances
FICO Xpress v8.8.0, Hyper, solve started 20:26:33, Nov 1, 2022
Heap usage: 665MB (peak 1507MB, 0MB system)
Detected container-enforced memory limit of 94979 MB
Minimizing LP 
Original problem has:
   1451245 rows       901591 cols      4569670 elements
Presolved problem has:
    241015 rows       311778 cols       924916 elements
Presolve finished in 1 seconds
Heap usage: 607MB (peak 1508MB, 0MB system)

Coefficient range                    original                 solved        
  Coefficients   [min,max] : [ 1.00e+00,  5.00e+00] / [ 1.00e+00,  1.00e+00]
  RHS and bounds [min,max] : [ 3.26e+02,  1.46e+08] / [ 3.26e+02,  1.46e+08]
  Objective      [min,max] : [ 7.69e-05,  1.34e+07] / [ 7.69e-05,  1.34e+07]

Barrier cache sizes : L1=32K L2=25344K
Using AVX support
Cores per CPU (CORESPERCPU): 18
Barrier starts after 2 seconds, using up to 36 threads, 36 cores
Matrix ordering - Dense cols.:      0   NZ(L):   4379802   Flops:    639884150
 
  Its   P.inf      D.inf      U.inf      Primal obj.     Dual obj.      Compl.
   0   1.50e+08   2.45e+05   5.14e+06   7.8448780e+16  -5.3180345e+17   9.7e+17
   1   5.08e+07   1.61e+05   1.74e+06   6.2685042e+16  -3.6344614e+17   6.6e+17
   2   2.13e+07   9.40e+04   7.31e+05   5.1355434e+16  -2.2156598e+17   4.1e+17
   3   5.25e+06   4.79e+04   1.80e+05   3.6677911e+16  -1.2057487e+17   2.3e+17
   4   2.08e+06   7.52e+03   7.13e+04   2.3742609e+16  -2.4395856e+16   6.1e+16
   5   2.51e+05   3.02e+03   8.62e+03   8.4120434e+15  -1.1222483e+16   2.7e+16
   6   4.27e+04   3.48e+02   1.46e+03   3.2353467e+15  -2.0140398e+15   6.4e+15
   7   2.29e+03   2.75e+01   7.87e+01   4.1763948e+14  -2.4233851e+14   7.8e+14
   8   3.89e+02   1.84e+00   1.33e+01   8.3361818e+13  -2.0927273e+13   1.1e+14
   9   1.39e+02   6.87e-01   4.79e+00   3.8347563e+13  -1.0558491e+13   5.7e+13
  10   3.05e+01   1.07e-01   1.05e+00   1.3703039e+13  -3.4431305e+12   1.9e+13
  11   2.23e+00   2.38e-02   7.65e-02   2.7693705e+12  -1.1826995e+12   4.6e+12
  12   5.66e-01   9.51e-03   1.94e-02   1.2187732e+12  -5.5763866e+11   2.0e+12
  13   2.41e-01   8.50e-04   4.05e-03   5.3141985e+11  -8.7429243e+10   6.4e+11
  14   5.08e-01   5.38e-05   5.07e-04   1.6364688e+11   7.9751017e+09   1.6e+11
  15   2.17e-01   6.68e-06   5.74e-05   5.8217584e+10   2.3353168e+10   3.5e+10
  16   5.23e-02   2.38e-06   4.21e-06   3.5872308e+10   2.6579000e+10   9.3e+09
  17   1.78e-02   2.86e-06   1.02e-06   3.0937088e+10   2.7750572e+10   3.2e+09
  18   6.62e-03   2.86e-06   1.54e-07   2.8724273e+10   2.7923597e+10   8.0e+08
  19   5.26e-03   1.91e-06   5.96e-08   2.8408988e+10   2.8012973e+10   4.0e+08
  20   3.28e-03   7.63e-06   2.98e-08   2.8250342e+10   2.8072169e+10   1.8e+08
  21   1.94e-03   1.53e-04   2.98e-08   2.8187296e+10   2.8088913e+10   9.8e+07
  22   1.21e-03   9.54e-05   2.98e-08   2.8160473e+10   2.8096062e+10   6.4e+07
  23   6.32e-04   4.96e-05   2.98e-08   2.8133929e+10   2.8102461e+10   3.1e+07
  24   3.30e-04   3.05e-05   2.98e-08   2.8123625e+10   2.8105806e+10   1.8e+07
  25   3.56e-04   1.53e-05   2.98e-08   2.8118934e+10   2.8108105e+10   1.1e+07
  26   2.13e-04   3.05e-05   2.98e-08   2.8114679e+10   2.8109960e+10   4.7e+06
  27   2.34e-04   6.26e-04   2.98e-08   2.8113064e+10   2.8110458e+10   2.6e+06
  28   2.69e-04   2.14e-04   2.98e-08   2.8111919e+10   2.8110838e+10   1.1e+06
  29   4.56e-04   1.83e-04   2.98e-08   2.8111443e+10   2.8110970e+10   4.7e+05
  30   8.31e-04   1.22e-04   2.98e-08   2.8111237e+10   2.8111042e+10   1.9e+05
  31   9.28e-04   3.96e-02   2.98e-08   2.8111155e+10   2.8111097e+10   5.8e+04
  32   5.28e-04   1.17e-02   2.98e-08   2.8111128e+10   2.8111104e+10   2.4e+04
  33   1.39e-03   6.84e-03   2.98e-08   2.8111119e+10   2.8111106e+10   1.3e+04
  34   1.45e-03   5.37e-03   2.98e-08   2.8111110e+10   2.8111106e+10   3.7e+03
  35   9.30e-04   7.81e-03   2.98e-08   2.8111109e+10   2.8111108e+10   4.0e+02
  36   1.06e-04   3.91e-03   2.98e-08   2.8111108e+10   2.8111108e+10   1.6e+00
Barrier method finished in 11 seconds
Crossover starts
Starting parallel crossover, using up to 8 threads
 
   Its         Obj Value      S   Ninf  Nneg        Sum Inf  Time
 88723       2.81111E+10     PP      1     0        .000000    17
 88723       2.81111E+10      P      0     0        .000000    17
 68535       2.81111E+10      N      0     0        .000000    17
  6643       2.81111E+10     PD      0     0        .000000    19
  6643       2.81111E+10      D      0 42615        .000000    19
Crossover successful
Objective function value:  2.81111E+10 time: 6
     0       2.81111E+10      P      0 42613        .000000    19
  4335       2.81111E+10      P      0 40107        .000000    22
  6938       2.81111E+10      P      0 38723        .000000    26
  8336       2.81111E+10      P      0 37818        .000000    29
  9766       2.81111E+10      P      0 39831        .000000    32
 11408       2.81111E+10      P      0 38522        .000000    35
 12626       2.81111E+10      P      0 38887        .000000    38
 13683       2.81111E+10      P      0 39017        .000000    41
 14849       2.81111E+10      P      0 37558        .000000    44
 16187       2.81111E+10      P      0 38839        .000000    47
 17387       2.81111E+10      P      0 36771        .000000    50
 18650       2.81111E+10      P      0 36186        .000000    53
 19871       2.81111E+10      P      0 37872        .000000    56
 20844       2.81111E+10      P      0 38505        .000000    59
 21842       2.81111E+10      P      0 36142        .000000    62
 
   Its         Obj Value      S   Ninf  Nneg        Sum Inf  Time
 23135       2.81111E+10      P      0 36258        .000000    65
 24124       2.81111E+10      P      0 35522        .000000    68
 25143       2.81111E+10      P      0 34074        .000000    71
 26195       2.81111E+10      P      0 35817        .000000    74
 27285       2.81111E+10      P      0 34411        .000000    77
 28433       2.81111E+10      P      0 34041        .000000    80
 29512       2.81111E+10      P      0 33534        .000000    83
 30616       2.81111E+10      P      0 33377        .000000    86
 31605       2.81111E+10      P      0 35357        .000000    89
 32631       2.81111E+10      P      0 33427        .000000    93
 33733       2.81111E+10      P      0 32789        .000000    96
 34808       2.81111E+10      P      0 31270        .000000    99
 35896       2.81111E+10      P      0 31455        .000000   102
 37310       2.81111E+10      P      0 29796        .000000   105
 38429       2.81111E+10      P      0 28655        .000000   108
 39680       2.81111E+10      P      0 29245        .000000   111
 40828       2.81111E+10      P      0 28958        .000000   114
 42067       2.81111E+10      P      0 29277        .000000   117
 43198       2.81111E+10      P      0 29175        .000000   120
 44345       2.81111E+10      P      0 28422        .000000   123
 
   Its         Obj Value      S   Ninf  Nneg        Sum Inf  Time
 45423       2.81111E+10      P      0 27164        .000000   126
 46498       2.81111E+10      P      0 28357        .000000   129
 47713       2.81111E+10      P      0 27346        .000000   132
 48924       2.81111E+10      P      0 27551        .000000   135
 50183       2.81111E+10      P      0 26762        .000000   138
 51468       2.81111E+10      P      0 25819        .000000   141
 52718       2.81111E+10      P      0 26827        .000000   144
 53921       2.81111E+10      P      0 24235        .000000   147
 55456       2.81111E+10      P      0 24749        .000000   150
 56695       2.81111E+10      P      0 23552        .000000   154
 57879       2.81111E+10      P      0 22252        .000000   157
 59195       2.81111E+10      P      0 20683        .000000   160
 60433       2.81111E+10      P      0 21732        .000000   163
 61597       2.81111E+10      P      0 22853        .000000   166
 62828       2.81111E+10      P      0 21982        .000000   169
 64138       2.81111E+10      P      0 20781        .000000   172
 65630       2.81111E+10      P      0 19819        .000000   175
 66993       2.81111E+10      P      0 18144        .000000   178
 68146       2.81111E+10      P      0 19527        .000000   181
 69560       2.81111E+10      P      0 17547        .000000   184
 
   Its         Obj Value      S   Ninf  Nneg        Sum Inf  Time
 71017       2.81111E+10      P      0 15618        .000000   187
 72414       2.81111E+10      P      0 16580        .000000   190
 73938       2.81111E+10      P      0 13764        .000000   193
 75356       2.81111E+10      P      0 14176        .000000   196
 76973       2.81111E+10      P      0 12714        .000000   199
 78747       2.81111E+10      P      0 10557        .000000   202
 80585       2.81111E+10      P      0  9917        .000000   205
 82456       2.81111E+10      P      0  9869        .000000   208
 84123       2.81111E+10      P      0  7733        .000000   210
 85917       2.81111E+10      P      0  6703        .000000   213
 88107       2.81111E+10      P      0  4681        .000000   216
 90367       2.81111E+10      P      0  3261        .000000   219
 93229       2.81111E+10      P      0    20        .000000   222
 93251       2.81111E+10      P      0     0        .000000   222
Starting parallel dual simplex, using up to 8 threads
 93361       2.81111E+10      D      0     0        .000000   222
Uncrunching matrix
Optimal solution found
Barrier solved problem
  36 barrier and 188727 simplex iterations in 223s

Final objective                       : 2.811110823818251e+10
  Max primal violation      (abs/rel) : 9.313e-10 / 9.313e-10
  Max dual violation        (abs/rel) : 5.648e-07 / 5.648e-07
  Max complementarity viol. (abs/rel) :       0.0 /       0.0
All values within tolerances
FICO Xpress v8.8.0, Hyper, solve started 20:31:45, Nov 1, 2022
Heap usage: 665MB (peak 1508MB, 0MB system)
Detected container-enforced memory limit of 94979 MB
Minimizing LP 
Original problem has:
   1458235 rows       901591 cols      4576660 elements
Presolved problem has:
    241016 rows       311779 cols       924918 elements
Presolve finished in 2 seconds
Heap usage: 607MB (peak 1509MB, 0MB system)

Coefficient range                    original                 solved        
  Coefficients   [min,max] : [ 1.00e+00,  5.00e+00] / [ 1.00e+00,  1.00e+00]
  RHS and bounds [min,max] : [ 3.26e+02,  1.46e+08] / [ 3.26e+02,  1.46e+08]
  Objective      [min,max] : [ 7.69e-05,  1.34e+07] / [ 7.69e-05,  1.34e+07]

Barrier cache sizes : L1=32K L2=25344K
Using AVX support
Cores per CPU (CORESPERCPU): 18
Barrier starts after 2 seconds, using up to 36 threads, 36 cores
Matrix ordering - Dense cols.:      0   NZ(L):   4379808   Flops:    639884164
 
  Its   P.inf      D.inf      U.inf      Primal obj.     Dual obj.      Compl.
   0   1.50e+08   2.45e+05   5.14e+06   7.8462049e+16  -5.3180345e+17   9.7e+17
   1   5.08e+07   1.61e+05   1.74e+06   6.2692731e+16  -3.6342049e+17   6.6e+17
   2   2.13e+07   9.42e+04   7.30e+05   5.1368503e+16  -2.2187128e+17   4.1e+17
   3   5.22e+06   4.80e+04   1.79e+05   3.6681417e+16  -1.2082776e+17   2.3e+17
   4   2.07e+06   7.18e+03   7.09e+04   2.3704074e+16  -2.3523534e+16   5.9e+16
   5   2.89e+05   3.11e+03   9.92e+03   8.6191145e+15  -1.1486992e+16   2.7e+16
   6   6.56e+04   4.12e+02   2.25e+03   3.6961713e+15  -2.2519664e+15   7.1e+15
   7   2.70e+03   3.44e+01   9.25e+01   3.8696512e+14  -2.6657238e+14   7.8e+14
   8   3.95e+02   1.97e+00   1.35e+01   6.8600856e+13  -1.9724328e+13   9.7e+13
   9   1.94e+02   8.20e-01   6.64e+00   3.9293521e+13  -1.0393083e+13   5.5e+13
  10   3.11e+01   1.97e-01   1.07e+00   1.1759153e+13  -4.0552343e+12   1.8e+13
  11   2.32e+00   4.16e-02   7.96e-02   2.7025327e+12  -1.2988659e+12   4.9e+12
  12   7.97e-01   1.43e-02   2.36e-02   1.3003122e+12  -5.4746950e+11   2.2e+12
  13   3.71e-01   1.64e-03   5.23e-03   5.6860844e+11  -1.0388913e+11   7.1e+11
  14   9.07e-01   1.15e-04   4.77e-04   1.6456476e+11   2.9054358e+09   1.6e+11
  15   2.83e-01   1.38e-05   8.07e-05   6.9481253e+10   2.1910135e+10   4.8e+10
  16   7.74e-02   4.05e-06   9.56e-06   3.8853583e+10   2.5667824e+10   1.3e+10
  17   2.08e-02   5.25e-06   1.93e-06   3.1317675e+10   2.7481881e+10   3.8e+09
  18   1.05e-02   3.81e-06   2.03e-07   2.8617832e+10   2.7753480e+10   8.7e+08
  19   7.66e-03   3.81e-06   9.72e-08   2.8323312e+10   2.7819309e+10   5.0e+08
  20   2.74e-03   1.91e-06   2.98e-08   2.8043015e+10   2.7853138e+10   1.9e+08
  21   2.30e-03   3.81e-06   2.98e-08   2.8017384e+10   2.7870028e+10   1.5e+08
  22   1.47e-03   3.81e-06   2.98e-08   2.7966456e+10   2.7883366e+10   8.3e+07
  23   9.81e-04   3.81e-06   2.98e-08   2.7944307e+10   2.7892708e+10   5.2e+07
  24   3.35e-04   7.63e-06   2.98e-08   2.7920321e+10   2.7897651e+10   2.3e+07
  25   1.90e-04   1.53e-05   2.98e-08   2.7911852e+10   2.7900026e+10   1.2e+07
  26   1.75e-04   1.53e-05   2.98e-08   2.7909503e+10   2.7901096e+10   8.4e+06
  27   1.82e-04   3.05e-05   2.98e-08   2.7906391e+10   2.7902646e+10   3.7e+06
  28   1.99e-04   6.10e-05   2.98e-08   2.7905434e+10   2.7903124e+10   2.3e+06
  29   2.07e-04   6.10e-05   2.98e-08   2.7904664e+10   2.7903550e+10   1.1e+06
  30   4.03e-04   1.22e-04   2.98e-08   2.7904266e+10   2.7903706e+10   5.6e+05
  31   5.60e-04   1.22e-04   2.98e-08   2.7904105e+10   2.7903828e+10   2.8e+05
  32   4.20e-04   2.44e-04   2.98e-08   2.7903965e+10   2.7903884e+10   8.1e+04
  33   5.37e-04   4.88e-04   2.98e-08   2.7903923e+10   2.7903894e+10   2.9e+04
  34   3.97e-04   6.84e-03   2.98e-08   2.7903915e+10   2.7903898e+10   1.7e+04
  35   5.32e-04   1.46e-03   2.98e-08   2.7903903e+10   2.7903900e+10   3.2e+03
  36   2.28e-03   5.86e-03   2.98e-08   2.7903901e+10   2.7903901e+10   4.6e+02
  37   1.39e-02   1.95e-03   2.98e-08   2.7903901e+10   2.7903901e+10   3.4e+00
Barrier method finished in 11 seconds
Crossover starts
Starting parallel crossover, using up to 8 threads
 
   Its         Obj Value      S   Ninf  Nneg        Sum Inf  Time
 90480       2.79039E+10     PP      1     0        .000000    18
 90480       2.79039E+10      P      0     0        .000000    18
 68509       2.79039E+10      N      0     0        .000000    18
  6507       2.79039E+10     PD      0     0        .000000    19
  6507       2.79039E+10      D      0 44309        .000000    19
Crossover successful
Objective function value:  2.79039E+10 time: 6
     0       2.79039E+10      P      0 44309        .000000    19
  4240       2.79039E+10      P      0 43263        .000000    23
  6442       2.79039E+10      P      0 40718        .000000    27
  8192       2.79039E+10      P      0 39338        .000000    30
  9676       2.79039E+10      P      0 39598        .000000    33
 11185       2.79039E+10      P      0 41031        .000000    37
 12503       2.79039E+10      P      0 37755        .000000    40
 13605       2.79039E+10      P      0 38107        .000000    43
 14868       2.79039E+10      P      0 38067        .000000    46
 16211       2.79039E+10      P      0 36620        .000000    49
 17353       2.79039E+10      P      0 36608        .000000    53
 18799       2.79039E+10      P      0 37039        .000000    56
 20120       2.79039E+10      P      0 35101        .000000    59
 21200       2.79039E+10      P      0 35749        .000000    62
 22338       2.79039E+10      P      0 34732        .000000    66
 
   Its         Obj Value      S   Ninf  Nneg        Sum Inf  Time
 23471       2.79039E+10      P      0 33478        .000000    69
 25186       2.79039E+10      P      0 33978        .000000    72
 26308       2.79039E+10      P      0 32207        .000000    75
 27419       2.79039E+10      P      0 32688        .000000    79
 28412       2.79039E+10      P      0 32678        .000000    82
 29510       2.79039E+10      P      0 33365        .000000    85
 30563       2.79039E+10      P      0 31226        .000000    88
 31646       2.79039E+10      P      0 31192        .000000    91
 32758       2.79039E+10      P      0 31470        .000000    94
 33845       2.79039E+10      P      0 29709        .000000    98
 35238       2.79039E+10      P      0 29289        .000000   101
 36405       2.79039E+10      P      0 29649        .000000   104
 37420       2.79039E+10      P      0 29291        .000000   107
 38528       2.79039E+10      P      0 30273        .000000   110
 39667       2.79039E+10      P      0 28283        .000000   113
 40760       2.79039E+10      P      0 27900        .000000   116
 42020       2.79039E+10      P      0 30671        .000000   120
 43425       2.79039E+10      P      0 26038        .000000   123
 44630       2.79039E+10      P      0 27235        .000000   126
 45710       2.79039E+10      P      0 25610        .000000   129
 
   Its         Obj Value      S   Ninf  Nneg        Sum Inf  Time
 46997       2.79039E+10      P      0 26235        .000000   132
 48354       2.79039E+10      P      0 24788        .000000   135
 49516       2.79039E+10      P      0 25126        .000000   138
 50652       2.79039E+10      P      0 22561        .000000   141
 51893       2.79039E+10      P      0 23303        .000000   144
 53102       2.79039E+10      P      0 22369        .000000   147
 54586       2.79039E+10      P      0 21969        .000000   151
 55832       2.79039E+10      P      0 20685        .000000   154
 57074       2.79039E+10      P      0 18728        .000000   157
 58576       2.79039E+10      P      0 19198        .000000   160
 60002       2.79039E+10      P      0 17294        .000000   163
 61219       2.79039E+10      P      0 15401        .000000   166
 62945       2.79039E+10      P      0 16138        .000000   169
 64469       2.79039E+10      P      0 14642        .000000   172
 66018       2.79039E+10      P      0 13224        .000000   175
 67408       2.79039E+10      P      0 13049        .000000   178
 69201       2.79039E+10      P      0 10972        .000000   181
 70881       2.79039E+10      P      0 11072        .000000   184
 72521       2.79039E+10      P      0 11761        .000000   187
 74318       2.79039E+10      P      0 10089        .000000   190
 
   Its         Obj Value      S   Ninf  Nneg        Sum Inf  Time
 76075       2.79039E+10      P      0  7896        .000000   193
 78330       2.79039E+10      P      0  5260        .000000   195
 80577       2.79039E+10      P      0  2833        .000000   198
 83559       2.79039E+10      P      0    29        .000000   201
 83591       2.79039E+10      P      0     0        .000000   201
Starting parallel dual simplex, using up to 8 threads
 83735       2.79039E+10      P      0     0        .000000   202
Uncrunching matrix
Optimal solution found
Barrier solved problem
  37 barrier and 180722 simplex iterations in 202s

Final objective                       : 2.790390076351843e+10
  Max primal violation      (abs/rel) : 1.863e-09 / 1.863e-09
  Max dual violation        (abs/rel) : 1.185e-13 / 1.185e-13
  Max complementarity viol. (abs/rel) :       0.0 /       0.0
All values within tolerances
FICO Xpress v8.8.0, Hyper, solve started 20:36:37, Nov 1, 2022
Heap usage: 665MB (peak 1509MB, 0MB system)
Detected container-enforced memory limit of 94979 MB
Minimizing LP 
Original problem has:
   1465225 rows       901591 cols      4583650 elements
Presolved problem has:
    241016 rows       311779 cols       924918 elements
Presolve finished in 1 seconds
Heap usage: 607MB (peak 1510MB, 0MB system)

Coefficient range                    original                 solved        
  Coefficients   [min,max] : [ 1.00e+00,  5.00e+00] / [ 1.00e+00,  1.00e+00]
  RHS and bounds [min,max] : [ 3.26e+02,  1.46e+08] / [ 3.26e+02,  1.46e+08]
  Objective      [min,max] : [ 7.69e-05,  1.34e+07] / [ 7.69e-05,  1.34e+07]

Barrier cache sizes : L1=32K L2=25344K
Using AVX support
Cores per CPU (CORESPERCPU): 18
Barrier starts after 2 seconds, using up to 36 threads, 36 cores
Matrix ordering - Dense cols.:      0   NZ(L):   4379808   Flops:    639884164
 
  Its   P.inf      D.inf      U.inf      Primal obj.     Dual obj.      Compl.
   0   1.50e+08   2.45e+05   5.14e+06   7.8465259e+16  -5.3180345e+17   9.7e+17
   1   5.08e+07   1.61e+05   1.74e+06   6.2695434e+16  -3.6341859e+17   6.6e+17
   2   2.13e+07   9.41e+04   7.30e+05   5.1371035e+16  -2.2185095e+17   4.1e+17
   3   5.22e+06   4.80e+04   1.79e+05   3.6680832e+16  -1.2079144e+17   2.3e+17
   4   2.07e+06   7.21e+03   7.10e+04   2.3718122e+16  -2.3600865e+16   6.0e+16
   5   2.83e+05   3.12e+03   9.71e+03   8.5801909e+15  -1.1511371e+16   2.7e+16
   6   6.61e+04   4.18e+02   2.27e+03   3.7187056e+15  -2.2688528e+15   7.2e+15
   7   2.93e+03   3.30e+01   1.01e+02   4.0663350e+14  -2.6063808e+14   7.9e+14
   8   4.31e+02   1.75e+00   1.48e+01   7.2956660e+13  -1.8767331e+13   9.9e+13
   9   1.48e+02   7.89e-01   5.08e+00   3.2626924e+13  -1.0553711e+13   5.2e+13
  10   2.68e+01   8.13e-02   9.20e-01   8.1569523e+12  -1.8140682e+12   1.1e+13
  11   4.78e+00   3.86e-02   1.64e-01   2.6275012e+12  -1.0719178e+12   4.5e+12
  12   8.85e-01   5.50e-03   3.04e-02   1.0068814e+12  -2.6596798e+11   1.4e+12
  13   2.45e-01   9.27e-04   3.22e-03   3.2840998e+11  -5.9930075e+10   4.0e+11
  14   3.78e-01   1.09e-04   6.76e-04   1.3955272e+11   8.7963077e+09   1.3e+11
  15   2.16e-01   5.25e-06   3.92e-05   4.7221910e+10   2.5018414e+10   2.2e+10
  16   7.00e-02   2.62e-06   8.32e-06   3.5003272e+10   2.6773275e+10   8.2e+09
  17   8.37e-03   2.38e-06   5.71e-07   2.8958451e+10   2.7595042e+10   1.4e+09
  18   7.70e-03   9.54e-07   2.39e-07   2.8470051e+10   2.7750955e+10   7.2e+08
  19   6.37e-03   9.54e-07   5.96e-08   2.8123921e+10   2.7778764e+10   3.5e+08
  20   3.55e-03   9.54e-07   2.98e-08   2.8014455e+10   2.7820792e+10   1.9e+08
  21   2.38e-03   2.82e-04   2.98e-08   2.7969425e+10   2.7861250e+10   1.1e+08
  22   1.36e-03   1.39e-04   2.98e-08   2.7936146e+10   2.7876372e+10   6.0e+07
  23   5.12e-04   6.48e-05   2.98e-08   2.7911820e+10   2.7884578e+10   2.7e+07
  24   3.13e-04   3.81e-05   2.98e-08   2.7903693e+10   2.7888433e+10   1.5e+07
  25   1.67e-04   3.05e-05   2.98e-08   2.7898871e+10   2.7890402e+10   8.5e+06
  26   1.45e-04   3.05e-05   2.98e-08   2.7896687e+10   2.7892242e+10   4.4e+06
  27   1.58e-04   7.02e-04   2.98e-08   2.7895282e+10   2.7893254e+10   2.0e+06
  28   2.84e-04   1.22e-04   2.98e-08   2.7894701e+10   2.7893859e+10   8.4e+05
  29   4.33e-04   4.52e-03   2.98e-08   2.7894404e+10   2.7894011e+10   3.9e+05
  30   8.84e-04   2.20e-03   2.98e-08   2.7894202e+10   2.7894052e+10   1.5e+05
  31   8.57e-04   8.79e-03   2.98e-08   2.7894155e+10   2.7894076e+10   7.9e+04
  32   9.66e-04   7.81e-03   2.98e-08   2.7894129e+10   2.7894096e+10   3.4e+04
  33   5.51e-04   3.91e-03   2.98e-08   2.7894119e+10   2.7894102e+10   1.7e+04
  34   5.32e-04   3.91e-03   2.98e-08   2.7894110e+10   2.7894108e+10   1.7e+03
  35   1.08e-02   1.17e-02   2.98e-08   2.7894109e+10   2.7894108e+10   3.5e+02
  36   3.14e-03   1.17e-02   2.98e-08   2.7894108e+10   2.7894108e+10   1.1e+00
Barrier method finished in 11 seconds
Crossover starts
Starting parallel crossover, using up to 8 threads
 
   Its         Obj Value      S   Ninf  Nneg        Sum Inf  Time
 87186       2.78941E+10     PP      1     0        .000000    17
 87186       2.78941E+10      P      0     0        .000000    17
 68542       2.78941E+10      N      0     0        .000000    17
  6754       2.78941E+10     PD      0     0        .000000    18
  6754       2.78941E+10      D      0 42684        .000000    18
Crossover successful
Objective function value:  2.78941E+10 time: 5
     0       2.78941E+10      P      0 42683        .000000    18
  4363       2.78941E+10      P      0 40078        .000000    22
  6701       2.78941E+10      P      0 39399        .000000    25
  8447       2.78941E+10      P      0 38185        .000000    28
  9921       2.78941E+10      P      0 38868        .000000    31
 11282       2.78941E+10      P      0 37766        .000000    34
 12710       2.78941E+10      P      0 36972        .000000    37
 14062       2.78941E+10      P      0 36549        .000000    40
 15077       2.78941E+10      P      0 37119        .000000    43
 16118       2.78941E+10      P      0 36380        .000000    46
 17245       2.78941E+10      P      0 35360        .000000    49
 18477       2.78941E+10      P      0 34955        .000000    52
 19527       2.78941E+10      P      0 34719        .000000    55
 20651       2.78941E+10      P      0 36070        .000000    58
 22043       2.78941E+10      P      0 35296        .000000    61
 
   Its         Obj Value      S   Ninf  Nneg        Sum Inf  Time
 23137       2.78941E+10      P      0 36148        .000000    64
 24560       2.78941E+10      P      0 33497        .000000    67
 25756       2.78941E+10      P      0 32839        .000000    70
 27052       2.78941E+10      P      0 34462        .000000    73
 28089       2.78941E+10      P      0 31494        .000000    76
 29226       2.78941E+10      P      0 30936        .000000    79
 30475       2.78941E+10      P      0 30265        .000000    82
 31597       2.78941E+10      P      0 31241        .000000    85
 32880       2.78941E+10      P      0 30880        .000000    88
 33969       2.78941E+10      P      0 29728        .000000    91
 35258       2.78941E+10      P      0 29348        .000000    94
 36235       2.78941E+10      P      0 28792        .000000    97
 37283       2.78941E+10      P      0 29049        .000000   100
 38327       2.78941E+10      P      0 27276        .000000   102
 39406       2.78941E+10      P      0 27516        .000000   105
 40457       2.78941E+10      P      0 28518        .000000   108
 41580       2.78941E+10      P      0 27019        .000000   111
 42843       2.78941E+10      P      0 26875        .000000   114
 43954       2.78941E+10      P      0 26159        .000000   117
 44974       2.78941E+10      P      0 26866        .000000   120
 
   Its         Obj Value      S   Ninf  Nneg        Sum Inf  Time
 46126       2.78941E+10      P      0 25290        .000000   123
 47429       2.78941E+10      P      0 26076        .000000   126
 48643       2.78941E+10      P      0 26496        .000000   128
 49912       2.78941E+10      P      0 25554        .000000   131
 51164       2.78941E+10      P      0 24707        .000000   134
 52418       2.78941E+10      P      0 22892        .000000   137
 53616       2.78941E+10      P      0 24104        .000000   140
 55089       2.78941E+10      P      0 22464        .000000   143
 56448       2.78941E+10      P      0 21233        .000000   146
 58043       2.78941E+10      P      0 17775        .000000   149
 59309       2.78941E+10      P      0 19719        .000000   152
 60808       2.78941E+10      P      0 18074        .000000   155
 62064       2.78941E+10      P      0 19274        .000000   158
 63503       2.78941E+10      P      0 17532        .000000   161
 65019       2.78941E+10      P      0 17004        .000000   164
 66240       2.78941E+10      P      0 14849        .000000   167
 67701       2.78941E+10      P      0 13781        .000000   170
 68992       2.78941E+10      P      0 13793        .000000   173
 70757       2.78941E+10      P      0 13432        .000000   176
 72343       2.78941E+10      P      0 13564        .000000   179
 
   Its         Obj Value      S   Ninf  Nneg        Sum Inf  Time
 73883       2.78941E+10      P      0 12346        .000000   182
 75510       2.78941E+10      P      0 11570        .000000   185
 77238       2.78941E+10      P      0  9281        .000000   188
 79368       2.78941E+10      P      0  8578        .000000   191
 81236       2.78941E+10      P      0  6390        .000000   193
 83455       2.78941E+10      P      0  4176        .000000   196
 85663       2.78941E+10      P      0  2005        .000000   199
 87732       2.78941E+10      P      6     0    1.20329E-04   202
Starting parallel dual simplex, using up to 8 threads
 87819       2.78941E+10      P      0     0        .000000   202
Uncrunching matrix
Optimal solution found
Barrier solved problem
  36 barrier and 181759 simplex iterations in 202s

Final objective                       : 2.789410830350277e+10
  Max primal violation      (abs/rel) : 4.657e-10 / 4.657e-10
  Max dual violation        (abs/rel) : 1.819e-12 / 1.819e-12
  Max complementarity viol. (abs/rel) :       0.0 /       0.0
All values within tolerances
    Updating registry at `~/.julia/registries/General.toml`
   Resolving package versions...
  No Changes to `~/.julia/environments/v1.7/Project.toml`
  No Changes to `~/.julia/environments/v1.7/Manifest.toml`
    Building Xpress  `~/.julia/scratchspaces/44cfe95a-1eb2-52ea-b672-e2afdf69b78f/5478c650a9aeac6cb02c45802398de02502fee42/build.log`
Precompiling project...
[32m   [39mXpress
  1 dependency successfully precompiled in 5 seconds (37 already precompiled)
  Activating project at `/lustre/eaglefs/projects/sera/SERA2.0/carbon-neutral-california/SERA.jl`
[ Info: Xpress: Found license file /nopt/nrel/apps/xpressmp/8.8.0/bin/xpauth.xpr
[ Info: Xpress: Development license detected.
[ Info: Rolling step not specified in scenaio.yaml file; Setting it to 5 years
[ Info: Number of iterations not specified in scenaio.yaml file; Setting it to 10
[ Info: Production capacity constraints file not specified in scenaio.yaml file; SERA will not create these constraints
[ Info: Utilization constraints file not specified in scenaio.yaml file; SERA will not create these constraints
[ Info: Annualization boolean not specified in scenaio.yaml file; SERA will turn off annualization of capital costs
SERA directory not specified in input arguments, setting to default directory
STARTING DATA PRE-PROCESSING 
Processing Temporal Data
Processing Nodes
Processing Demand
Processing Existings
Processing Links
Processing Pathways
Creating Infrastructure options
  8.262881 seconds (34.68 M allocations: 4.171 GiB, 14.85% gc time, 5.53% compilation time)

OPTIMIZING FROM 2026 TO 2030 

STARTING OPTIMIZATION MODEL CREATION
CREATING VARIABLES AND EXPRESSIONS
 19.819027 seconds (98.42 M allocations: 5.826 GiB, 22.20% gc time, 51.88% compilation time)
POPULATING EXPRESSIONS
 26.002304 seconds (72.93 M allocations: 10.121 GiB, 9.39% gc time, 0.96% compilation time)
CREATING CONSTRAINTS
  9.664066 seconds (52.00 M allocations: 2.864 GiB, 7.71% gc time, 25.71% compilation time)
POPULATED CORE OPTIMIZATION MODEL, STARTING ITERATIONS
READING COST DATA FOR ITERATION 1
 23.777626 seconds (70.40 M allocations: 6.233 GiB, 7.91% gc time, 4.00% compilation time)
CREATING EXPRESSIONS FOR CAPITAL AND FIXED COST
  9.678517 seconds (45.46 M allocations: 3.009 GiB, 41.71% gc time, 25.81% compilation time)
BUILDING OBJECTIVE FUNCTION
  3.110103 seconds (11.22 M allocations: 445.686 MiB, 39.01% compilation time)
Optimizing for iteration 1
337.361445 seconds (82.87 M allocations: 3.971 GiB, 0.65% gc time, 2.58% compilation time)
OPTIMAL
4.063481953968003e9
 =  1.0
READING COST DATA FOR ITERATION 2
 45.456859 seconds (56.06 M allocations: 5.868 GiB, 54.79% gc time, 0.28% compilation time)
CREATING EXPRESSIONS FOR CAPITAL AND FIXED COST
 25.641757 seconds (42.30 M allocations: 2.818 GiB, 85.74% gc time, 0.45% compilation time)
BUILDING OBJECTIVE FUNCTION
  5.144891 seconds (11.34 M allocations: 414.037 MiB, 58.63% gc time)
Optimizing for iteration 2
271.336913 seconds (134 allocations: 10.970 MiB)
OPTIMAL
3.714014806945939e10
 =  0.8905905828278212
READING COST DATA FOR ITERATION 3
 46.228203 seconds (55.81 M allocations: 5.891 GiB, 56.14% gc time)
CREATING EXPRESSIONS FOR CAPITAL AND FIXED COST
 26.449128 seconds (42.15 M allocations: 2.810 GiB, 86.42% gc time)
BUILDING OBJECTIVE FUNCTION
  5.309220 seconds (11.34 M allocations: 414.037 MiB, 59.22% gc time)
Optimizing for iteration 3
102.215960 seconds (132 allocations: 11.023 MiB)
OPTIMAL
2.9598899421016434e10
 =  0.2547813870095587
READING COST DATA FOR ITERATION 4
 46.608490 seconds (55.75 M allocations: 5.830 GiB, 56.66% gc time)
CREATING EXPRESSIONS FOR CAPITAL AND FIXED COST
 26.573883 seconds (42.15 M allocations: 2.810 GiB, 86.87% gc time)
BUILDING OBJECTIVE FUNCTION
  5.325695 seconds (11.34 M allocations: 414.037 MiB, 59.45% gc time)
Optimizing for iteration 4
223.125309 seconds (132 allocations: 11.077 MiB)
OPTIMAL
2.8111108238182606e10
 =  0.0529253834543991
READING COST DATA FOR ITERATION 5
 47.301138 seconds (55.74 M allocations: 5.941 GiB, 57.07% gc time)
CREATING EXPRESSIONS FOR CAPITAL AND FIXED COST
 27.058345 seconds (42.15 M allocations: 2.810 GiB, 86.63% gc time)
BUILDING OBJECTIVE FUNCTION
  5.401265 seconds (11.34 M allocations: 414.037 MiB, 60.33% gc time)
Optimizing for iteration 5
202.428870 seconds (132 allocations: 11.130 MiB)
OPTIMAL
2.7903900763518433e10
 =  0.00742575299489972
READING COST DATA FOR ITERATION 6
 47.047415 seconds (55.74 M allocations: 5.854 GiB, 57.46% gc time)
CREATING EXPRESSIONS FOR CAPITAL AND FIXED COST
 27.058961 seconds (42.15 M allocations: 2.810 GiB, 87.17% gc time)
BUILDING OBJECTIVE FUNCTION
  5.356964 seconds (11.34 M allocations: 414.037 MiB, 60.45% gc time)
Optimizing for iteration 6
202.649532 seconds (132 allocations: 11.183 MiB)
OPTIMAL
2.7894108303502827e10
 =  0.0003510583636198713
ITERATIONS COMPLETED
WRITING RESULTS TO FILE
  9.037681 seconds (22.02 M allocations: 976.011 MiB, 62.50% gc time, 13.84% compilation time)

THE OPTIMIZATION PROBLEM TOOK 32.25 MINUTES TO SOLVE. 
