FICO Xpress v8.8.0, Hyper, solve started 16:59:51, Dec 2, 2022
Heap usage: 6058MB (peak 6150MB, 0MB system)
Detected container-enforced memory limit of 191752 MB
Minimizing LP 
Original problem has:
  20107841 rows     12348761 cols     88449151 elements
Presolved problem has:
   2181633 rows      2363042 cols      8458024 elements
Presolve finished in 32 seconds
Heap usage: 5GB (peak 17GB, 0GB system)

Coefficient range                    original                 solved        
  Coefficients   [min,max] : [ 1.00e+00,  3.68e+04] / [ 1.00e+00,  1.00e+00]
  RHS and bounds [min,max] : [ 1.66e+03,  8.94e+08] / [ 1.66e+03,  8.94e+08]
  Objective      [min,max] : [ 2.70e-05,  3.25e+06] / [ 2.70e-05,  4.80e+01]

Barrier cache sizes : L1=32K L2=25344K
Using AVX support
Cores per CPU (CORESPERCPU): 18
Barrier starts after 35 seconds, using up to 36 threads, 36 cores
Matrix ordering - Dense cols.: 122016   NZ(L):  37444237   Flops:  12097170230
 
  Its   P.inf      D.inf      U.inf      Primal obj.     Dual obj.      Compl.
   0   2.04e+09   4.90e+01   1.77e+07   1.6075058e+12  -1.0085350e+15   3.1e+15
   1   1.20e+09   2.69e+01   1.04e+07   1.7846409e+12  -6.1622010e+14   1.8e+15
   2   3.47e+08   1.70e+01   3.00e+06   2.2947951e+12  -4.1879284e+14   1.3e+15
   3   1.03e+08   5.04e+00   8.92e+05   2.9299662e+12  -1.5213840e+14   4.9e+14
   4   5.80e+06   2.50e-01   5.02e+04   2.8111974e+12  -1.3668178e+13   3.5e+13
   5   3.70e+06   1.16e-01   3.20e+04   2.3554129e+12  -7.1674685e+12   1.9e+13
   6   1.78e+06   2.46e-02   1.54e+04   1.7850187e+12  -2.1504132e+12   6.7e+12
   7   5.09e+05   5.18e-03   4.40e+03   9.9271499e+11  -6.4383137e+11   2.3e+12
   8   7.74e+04   1.01e-03   6.70e+02   4.3965163e+11  -1.7287231e+11   7.3e+11
   9   2.45e+04   3.74e-04   2.12e+02   2.3634654e+11  -6.3028013e+10   3.3e+11
  10   7.99e+03   1.80e-04   6.92e+01   1.3143511e+11  -2.2122977e+10   1.6e+11
  11   3.69e+03   9.12e-05   3.19e+01   8.9787962e+10  -2.4008250e+08   9.3e+10
  12   3.34e+03   5.74e-05   2.89e+01   8.5342374e+10   9.0577925e+09   7.8e+10
  13   1.70e+03   4.09e-05   1.47e+01   6.3344309e+10   1.3655953e+10   5.1e+10
  14   8.53e+02   1.56e-05   7.38e+00   4.9810734e+10   2.1379931e+10   2.9e+10
  15   4.75e+02   8.29e-06   4.11e+00   4.2204649e+10   2.3981085e+10   1.8e+10
  16   4.26e+02   6.15e-06   3.69e+00   4.1051494e+10   2.4838093e+10   1.6e+10
  17   2.90e+02   4.44e-06   2.51e+00   3.7702522e+10   2.5542665e+10   1.2e+10
  18   1.27e+02   2.11e-06   1.10e+00   3.3351237e+10   2.6577114e+10   6.8e+09
  19   6.29e+01   1.37e-06   5.44e-01   3.1187113e+10   2.6970217e+10   4.2e+09
  20   3.92e+01   5.50e-07   3.39e-01   3.0229423e+10   2.7466733e+10   2.8e+09
  21   2.20e+01   3.83e-07   1.91e-01   2.9427636e+10   2.7582120e+10   1.9e+09
  22   1.21e+01   2.40e-07   1.04e-01   2.8894765e+10   2.7693620e+10   1.2e+09
  23   7.36e+00   1.43e-07   6.37e-02   2.8602668e+10   2.7779176e+10   8.3e+08
  24   3.69e+00   5.50e-08   3.20e-02   2.8343639e+10   2.7864403e+10   4.8e+08
  25   3.59e+00   4.29e-08   3.11e-02   2.8335278e+10   2.7878864e+10   4.6e+08
  26   2.29e+00   2.76e-08   1.98e-02   2.8221536e+10   2.7897404e+10   3.3e+08
  27   1.68e+00   1.83e-08   1.46e-02   2.8163189e+10   2.7910206e+10   2.5e+08
  28   9.88e-01   9.88e-09   8.55e-03   2.8091022e+10   2.7923045e+10   1.7e+08
  29   4.32e-01   5.32e-09   3.73e-03   2.8025505e+10   2.7931424e+10   9.4e+07
  30   3.87e-01   3.39e-09   3.34e-03   2.8018978e+10   2.7935911e+10   8.3e+07
  31   3.79e-01   2.47e-09   3.27e-03   2.8017745e+10   2.7938135e+10   8.0e+07
  32   3.78e-01   2.16e-09   3.27e-03   2.8017713e+10   2.7938922e+10   7.9e+07
  33   1.93e-01   1.67e-09   1.67e-03   2.7989287e+10   2.7940129e+10   4.9e+07
  34   9.47e-02   1.03e-09   8.15e-04   2.7971826e+10   2.7942142e+10   3.0e+07
  35   4.48e-02   6.78e-10   3.85e-04   2.7961344e+10   2.7943461e+10   1.8e+07
  36   1.94e-02   4.00e-10   1.61e-04   2.7954745e+10   2.7944695e+10   1.0e+07
  37   1.40e-02   3.13e-10   1.33e-04   2.7953701e+10   2.7945139e+10   8.6e+06
  38   1.09e-02   2.18e-10   8.54e-05   2.7951809e+10   2.7945644e+10   6.2e+06
  39   1.26e-02   1.47e-10   7.47e-05   2.7951334e+10   2.7946023e+10   5.3e+06
  40   1.25e-02   1.38e-10   7.45e-05   2.7951325e+10   2.7946090e+10   5.3e+06
  41   7.45e-03   1.09e-10   4.71e-05   2.7950057e+10   2.7946271e+10   3.8e+06
  42   1.13e-02   8.00e-11   1.82e-05   2.7948576e+10   2.7946489e+10   2.1e+06
  43   1.29e-02   4.37e-11   7.26e-06   2.7947841e+10   2.7946699e+10   1.1e+06
  44   1.67e-02   3.27e-11   4.34e-06   2.7947582e+10   2.7946793e+10   7.9e+05
  45   2.38e-02   2.91e-11   2.61e-06   2.7947405e+10   2.7946834e+10   5.7e+05
  46   2.89e-02   2.91e-11   1.60e-06   2.7947287e+10   2.7946886e+10   4.0e+05
  47   2.84e-02   2.18e-11   5.72e-07   2.7947149e+10   2.7946927e+10   2.2e+05
  48   4.53e-02   4.37e-11   2.37e-07   2.7947086e+10   2.7946969e+10   1.2e+05
  49   4.44e-02   4.37e-11   1.23e-07   2.7947056e+10   2.7946992e+10   6.4e+04
  50   1.97e+00   5.82e-11   3.05e-08   2.7947026e+10   2.7947000e+10   2.5e+04
  51   7.27e-01   1.16e-10   2.98e-08   2.7947010e+10   2.7947003e+10   7.1e+03
  52   1.29e-01   2.68e-09   2.98e-08   2.7947007e+10   2.7947004e+10   2.5e+03
  53   3.87e-01   1.63e-09   2.98e-08   2.7947005e+10   2.7947005e+10   2.6e+02
  54   4.34e-01   1.16e-09   2.98e-08   2.7947005e+10   2.7947005e+10   2.3e+02
  55   3.70e-01   4.66e-10   2.98e-08   2.7947005e+10   2.7947005e+10   4.3e+01
  56   1.42e-01   6.98e-10   2.98e-08   2.7947005e+10   2.7947005e+10   1.5e+01
  57   5.09e-01   6.98e-10   2.98e-08   2.7947005e+10   2.7947005e+10   1.5e+01
  58   6.73e-03   1.16e-09   2.98e-08   2.7947005e+10   2.7947005e+10   1.5e-01
Barrier method finished in 220 seconds
Uncrunching matrix
Optimal solution found
Barrier solved problem
  58 barrier iterations in 260s

Final objective                       : 2.794700464070094e+10
  Max primal violation      (abs/rel) : 6.727e-03 / 6.727e-03
  Max dual violation        (abs/rel) : 2.706e-15 / 2.706e-15
  Max complementarity viol. (abs/rel) : 2.158e-02 / 3.115e-11
FICO Xpress v8.8.0, Hyper, solve started 17:51:12, Dec 2, 2022
Heap usage: 7GB (peak 17GB, 0GB system)
Detected container-enforced memory limit of 191752 MB
Minimizing LP 
Original problem has:
  20135801 rows     12348761 cols     88477111 elements
Presolved problem has:
   2183018 rows      2364453 cols      8460820 elements
Presolve finished in 38 seconds
Heap usage: 6GB (peak 20GB, 0GB system)

Coefficient range                    original                 solved        
  Coefficients   [min,max] : [ 1.00e+00,  3.68e+04] / [ 1.00e+00,  1.00e+00]
  RHS and bounds [min,max] : [ 1.66e+03,  8.94e+08] / [ 1.66e+03,  8.94e+08]
  Objective      [min,max] : [ 2.70e-05,  1.41e+07] / [ 2.70e-05,  1.41e+07]

Barrier cache sizes : L1=32K L2=25344K
Using AVX support
Cores per CPU (CORESPERCPU): 18
Barrier starts after 39 seconds, using up to 36 threads, 36 cores
Matrix ordering - Dense cols.: 132184   NZ(L):  36771032   Flops:  12084042366
 
  Its   P.inf      D.inf      U.inf      Primal obj.     Dual obj.      Compl.
   0   2.07e+09   7.74e+05   1.78e+07   2.9224809e+17  -1.5927899e+19   4.9e+19
   1   1.24e+09   4.24e+05   1.07e+07   3.6953166e+17  -9.7076202e+18   2.9e+19
   2   3.26e+08   2.78e+05   2.81e+06   4.4398614e+17  -6.7959350e+18   2.0e+19
   3   1.18e+08   5.41e+04   1.02e+06   4.3295466e+17  -1.8278536e+18   5.2e+18
   4   1.33e+07   9.18e+03   1.14e+05   2.8954785e+17  -4.6113268e+17   1.3e+18
   5   4.92e+06   2.49e+03   4.24e+04   1.8421112e+17  -1.7033780e+17   5.4e+17
   6   2.28e+06   7.64e+02   1.97e+04   1.1376923e+17  -7.0031856e+16   2.5e+17
   7   1.60e+06   3.04e+02   1.38e+04   8.7324446e+16  -3.5054953e+16   1.5e+17
   8   2.44e+05   7.15e+01   2.10e+03   2.6361034e+16  -1.3642905e+16   4.9e+16
   9   3.48e+04   1.68e+01   3.00e+02   8.2310164e+15  -4.8624107e+15   1.7e+16
  10   3.21e+03   2.10e+00   2.77e+01   1.2602131e+15  -7.9180372e+14   2.7e+15
  11   1.71e+03   4.90e-01   1.47e+01   7.6626213e+14  -2.4447230e+14   1.2e+15
  12   1.61e+03   2.12e-01   1.39e+01   7.3155834e+14  -1.3415877e+14   9.4e+14
  13   1.56e+03   2.06e-01   1.35e+01   7.1141873e+14  -1.3137542e+14   9.1e+14
  14   1.49e+03   1.72e-01   1.29e+01   6.8432528e+14  -1.1641192e+14   8.6e+14
  15   1.27e+03   1.18e-01   1.10e+01   5.9783874e+14  -9.1987216e+13   7.4e+14
  16   8.41e+02   6.85e-02   7.26e+00   4.2347683e+14  -6.6750314e+13   5.2e+14
  17   5.89e+02   2.58e-02   5.08e+00   3.1474571e+14  -3.9179550e+13   3.8e+14
  18   4.12e+02   1.64e-02   3.56e+00   2.3407113e+14  -3.0556204e+13   2.8e+14
  19   2.68e+02   1.33e-02   2.31e+00   1.6396041e+14  -2.6965903e+13   2.1e+14
  20   1.18e+02   1.10e-02   1.02e+00   8.7023332e+13  -2.3765898e+13   1.3e+14
  21   7.17e+00   2.06e-03   5.05e-02   2.0291703e+13  -8.5815579e+12   3.3e+13
  22   4.73e+00   7.53e-04   2.77e-02   1.3434000e+13  -3.9404945e+12   1.9e+13
  23   3.14e+00   5.62e-04   1.63e-02   9.1494188e+12  -3.1178957e+12   1.3e+13
  24   2.12e+00   1.98e-04   8.09e-03   5.6147910e+12  -1.3874591e+12   7.3e+12
  25   1.58e+01   7.35e-05   2.67e-03   2.6730621e+12  -6.4414746e+11   3.4e+12
  26   9.18e+00   2.99e-05   1.18e-03   1.5321593e+12  -2.8911195e+11   1.8e+12
  27   5.49e+00   7.58e-06   4.58e-04   8.2252642e+11  -6.4567088e+10   8.9e+11
  28   3.33e+00   3.87e-06   2.14e-04   4.9921697e+11  -1.3207586e+10   5.2e+11
  29   2.46e+00   2.04e-06   1.10e-04   3.3082021e+11   1.7789202e+10   3.1e+11
  30   1.62e+00   1.19e-06   6.50e-05   2.4448896e+11   3.8431786e+10   2.1e+11
  31   1.19e+00   8.34e-07   4.79e-05   2.0674509e+11   4.5987980e+10   1.6e+11
  32   4.74e-01   7.15e-07   1.31e-05   1.2480351e+11   5.6329223e+10   6.9e+10
  33   2.24e-01   9.54e-07   5.41e-06   9.7636407e+10   6.3154664e+10   3.5e+10
  34   5.28e-02   9.54e-07   9.75e-07   7.6360289e+10   6.5280468e+10   1.1e+10
  35   2.61e-02   9.54e-07   4.01e-07   7.1894938e+10   6.5969004e+10   5.9e+09
  36   1.75e-02   9.54e-07   2.45e-07   7.0341088e+10   6.6383784e+10   4.0e+09
  37   1.17e-02   9.54e-07   1.07e-07   6.8771329e+10   6.6578625e+10   2.2e+09
  38   6.49e-03   9.54e-07   5.96e-08   6.7772392e+10   6.6702737e+10   1.1e+09
  39   6.31e-03   1.91e-06   2.98e-08   6.7479128e+10   6.6758715e+10   7.2e+08
  40   7.30e-03   1.91e-06   2.98e-08   6.7323695e+10   6.6824473e+10   5.0e+08
  41   8.55e-03   1.91e-06   2.98e-08   6.7100180e+10   6.6847650e+10   2.5e+08
  42   9.42e-03   1.91e-06   2.98e-08   6.7016910e+10   6.6864462e+10   1.5e+08
  43   1.08e-02   3.81e-06   2.98e-08   6.6968429e+10   6.6873790e+10   9.5e+07
  44   9.32e-03   3.81e-06   2.98e-08   6.6946620e+10   6.6882105e+10   6.5e+07
  45   9.18e-03   3.81e-06   2.98e-08   6.6945728e+10   6.6885933e+10   6.0e+07
  46   8.94e-03   3.81e-06   2.98e-08   6.6929866e+10   6.6889298e+10   4.1e+07
  47   9.84e-03   3.81e-06   2.98e-08   6.6913215e+10   6.6892926e+10   2.0e+07
  48   1.32e-02   7.63e-06   2.98e-08   6.6906759e+10   6.6894570e+10   1.2e+07
  49   9.11e-03   7.63e-06   2.98e-08   6.6903492e+10   6.6895542e+10   8.0e+06
  50   1.08e-02   7.63e-06   2.98e-08   6.6901017e+10   6.6895949e+10   5.1e+06
  51   1.18e-02   1.53e-05   2.98e-08   6.6899436e+10   6.6896433e+10   3.0e+06
  52   1.50e-02   2.29e-05   2.98e-08   6.6898244e+10   6.6896566e+10   1.7e+06
  53   1.50e-02   3.05e-05   2.98e-08   6.6897490e+10   6.6896699e+10   7.9e+05
  54   4.11e-02   9.16e-05   2.98e-08   6.6897159e+10   6.6896768e+10   3.9e+05
  55   4.03e-02   9.16e-05   2.98e-08   6.6897077e+10   6.6896775e+10   3.0e+05
  56   5.34e-02   1.22e-04   2.98e-08   6.6896960e+10   6.6896814e+10   1.5e+05
  57   3.94e-02   1.22e-04   2.98e-08   6.6896898e+10   6.6896829e+10   6.9e+04
  58   7.81e-02   2.44e-04   2.98e-08   6.6896867e+10   6.6896833e+10   3.5e+04
  59   6.42e-02   2.44e-04   2.98e-08   6.6896853e+10   6.6896835e+10   1.8e+04
  60   7.55e-02   4.88e-04   2.98e-08   6.6896839e+10   6.6896836e+10   3.6e+03
  61   5.82e-02   1.95e-03   2.98e-08   6.6896839e+10   6.6896836e+10   2.8e+03
  62   4.32e-02   7.03e-02   2.98e-08   6.6896837e+10   6.6896836e+10   7.9e+02
  63   6.89e-02   2.34e-02   2.98e-08   6.6896836e+10   6.6896836e+10   3.8e+01
Barrier method finished in 240 seconds
Uncrunching matrix
Optimal solution found
Barrier solved problem
  63 barrier iterations in 285s

Final objective                       : 6.689683627938259e+10
  Max primal violation      (abs/rel) : 6.891e-02 / 6.891e-02
  Max dual violation        (abs/rel) : 8.004e-11 / 8.004e-11
  Max complementarity viol. (abs/rel) : 7.998e-03 / 2.909e-18
FICO Xpress v8.8.0, Hyper, solve started 18:58:49, Dec 2, 2022
Heap usage: 7GB (peak 20GB, 0GB system)
Detected container-enforced memory limit of 191752 MB
Minimizing LP 
Original problem has:
  20163761 rows     12348761 cols     88505071 elements
Presolved problem has:
   2183090 rows      2364525 cols      8460964 elements
Presolve finished in 33 seconds
Heap usage: 6GB (peak 20GB, 0GB system)

Coefficient range                    original                 solved        
  Coefficients   [min,max] : [ 1.00e+00,  3.68e+04] / [ 1.00e+00,  1.00e+00]
  RHS and bounds [min,max] : [ 1.66e+03,  8.94e+08] / [ 1.66e+03,  8.94e+08]
  Objective      [min,max] : [ 2.70e-05,  1.41e+07] / [ 2.70e-05,  1.41e+07]

Barrier cache sizes : L1=32K L2=25344K
Using AVX support
Cores per CPU (CORESPERCPU): 18
Barrier starts after 34 seconds, using up to 36 threads, 36 cores
Matrix ordering - Dense cols.: 132184   NZ(L):  36771464   Flops:  12084043374
 
  Its   P.inf      D.inf      U.inf      Primal obj.     Dual obj.      Compl.
   0   2.08e+09   7.76e+05   1.79e+07   2.9913493e+17  -1.5973442e+19   4.9e+19
   1   1.24e+09   4.25e+05   1.07e+07   3.7905311e+17  -9.7393726e+18   2.9e+19
   2   3.31e+08   2.81e+05   2.85e+06   4.5634033e+17  -6.8654106e+18   2.1e+19
   3   1.19e+08   7.83e+04   1.03e+06   4.4655936e+17  -2.3567243e+18   7.0e+18
   4   2.78e+07   2.66e+04   2.40e+05   3.7906984e+17  -1.0227961e+18   3.2e+18
   5   5.95e+06   6.60e+03   5.13e+04   2.6861182e+17  -3.6306141e+17   1.1e+18
   6   1.81e+06   2.48e+03   1.56e+04   1.5735724e+17  -1.6738579e+17   4.9e+17
   7   9.63e+05   1.05e+03   8.30e+03   1.0771039e+17  -8.3922238e+16   2.7e+17
   8   6.79e+05   4.98e+02   5.85e+03   8.4310869e+16  -4.6165660e+16   1.7e+17
   9   5.46e+05   2.17e+02   4.71e+03   7.1296444e+16  -2.4254800e+16   1.1e+17
  10   9.28e+04   7.49e+01   7.99e+02   2.2082206e+16  -1.1739480e+16   4.7e+16
  11   1.71e+04   5.07e+01   1.47e+02   8.2061090e+15  -8.5744849e+15   2.6e+16
  12   7.82e+03   4.06e+01   6.73e+01   5.3199030e+15  -7.0917144e+15   2.1e+16
  13   9.94e+01   1.76e+00   8.57e-01   6.4818130e+14  -5.0785767e+14   1.5e+15
  14   7.18e+01   1.03e+00   6.19e-01   5.1668828e+14  -3.2401553e+14   1.1e+15
  15   3.86e+01   3.80e-01   3.32e-01   3.3442159e+14  -1.4744355e+14   5.8e+14
  16   2.73e+01   9.71e-02   2.17e-01   2.4135419e+14  -5.5939147e+13   3.3e+14
  17   1.54e+01   3.39e-02   8.75e-02   1.2032984e+14  -2.8339873e+13   1.7e+14
  18   9.40e+00   1.73e-02   3.07e-02   5.2732707e+13  -1.6982000e+13   8.2e+13
  19   6.21e+00   1.23e-02   1.74e-02   3.4530406e+13  -1.2988717e+13   5.7e+13
  20   5.61e+00   9.03e-03   1.44e-02   2.9948291e+13  -1.0124942e+13   4.7e+13
  21   1.73e+00   1.50e-03   2.06e-03   9.4002020e+12  -3.0475395e+12   1.4e+13
  22   1.17e+00   7.30e-04   9.84e-04   5.6167827e+12  -1.7235705e+12   7.9e+12
  23   5.62e-01   1.16e-04   3.42e-04   2.8018238e+12  -4.6511665e+11   3.3e+12
  24   6.15e-01   7.68e-05   1.38e-04   1.4878513e+12  -3.2542131e+11   1.8e+12
  25   2.91e+00   2.38e-05   3.36e-05   6.3579937e+11  -9.7531914e+10   7.4e+11
  26   1.18e+00   7.63e-06   3.08e-06   2.2146101e+11   3.3536236e+09   2.2e+11
  27   6.96e-01   7.63e-06   6.63e-07   1.1996552e+11   3.5785921e+10   8.5e+10
  28   1.80e-01   2.29e-05   6.52e-08   7.4095976e+10   4.7949035e+10   2.6e+10
  29   9.96e-02   3.05e-05   5.96e-08   6.6757971e+10   5.1527122e+10   1.5e+10
  30   3.99e-02   3.05e-05   2.98e-08   6.0208296e+10   5.3340185e+10   6.9e+09
  31   2.75e-02   3.05e-05   2.98e-08   5.8485915e+10   5.3927379e+10   4.6e+09
  32   1.58e-02   6.10e-05   2.98e-08   5.6909410e+10   5.4254253e+10   2.7e+09
  33   1.06e-02   6.10e-05   2.98e-08   5.6130470e+10   5.4549570e+10   1.6e+09
  34   7.60e-03   6.10e-05   2.98e-08   5.5680868e+10   5.4621344e+10   1.1e+09
  35   5.45e-03   6.10e-05   2.98e-08   5.5415764e+10   5.4664153e+10   7.5e+08
  36   4.84e-03   1.22e-04   2.98e-08   5.5177774e+10   5.4717514e+10   4.6e+08
  37   4.78e-03   6.10e-05   2.98e-08   5.5042390e+10   5.4737943e+10   3.1e+08
  38   5.14e-03   6.10e-05   2.98e-08   5.4953491e+10   5.4761917e+10   1.9e+08
  39   4.43e-03   1.22e-04   2.98e-08   5.4926803e+10   5.4772159e+10   1.6e+08
  40   6.96e-03   1.22e-04   2.98e-08   5.4872852e+10   5.4781947e+10   9.1e+07
  41   7.40e-03   1.22e-04   2.98e-08   5.4847384e+10   5.4785345e+10   6.2e+07
  42   1.22e-02   2.44e-04   2.98e-08   5.4827752e+10   5.4790348e+10   3.8e+07
  43   1.70e-02   2.44e-04   2.98e-08   5.4815378e+10   5.4792841e+10   2.3e+07
  44   1.51e-02   2.44e-04   2.98e-08   5.4808961e+10   5.4794237e+10   1.5e+07
  45   1.65e-02   2.44e-04   2.98e-08   5.4802993e+10   5.4795128e+10   7.9e+06
  46   1.40e-02   2.44e-04   2.98e-08   5.4800917e+10   5.4795831e+10   5.1e+06
  47   1.24e-02   4.88e-04   2.98e-08   5.4800344e+10   5.4796194e+10   4.2e+06
  48   1.26e-02   4.88e-04   2.98e-08   5.4798760e+10   5.4796331e+10   2.4e+06
  49   1.77e-02   9.77e-04   2.98e-08   5.4797718e+10   5.4796578e+10   1.1e+06
  50   1.87e-02   1.95e-03   2.98e-08   5.4797302e+10   5.4796719e+10   5.9e+05
  51   1.97e-02   1.95e-03   2.98e-08   5.4797240e+10   5.4796769e+10   4.7e+05
  52   1.92e-02   1.95e-03   2.98e-08   5.4797003e+10   5.4796781e+10   2.2e+05
  53   2.25e-02   1.95e-03   2.98e-08   5.4796944e+10   5.4796788e+10   1.6e+05
  54   7.83e-02   1.95e-03   2.98e-08   5.4796881e+10   5.4796794e+10   8.6e+04
  55   5.52e-02   3.91e-03   2.98e-08   5.4796825e+10   5.4796804e+10   2.1e+04
  56   3.61e-02   1.56e-02   2.98e-08   5.4796817e+10   5.4796806e+10   1.1e+04
  57   6.00e-02   3.12e-02   2.98e-08   5.4796810e+10   5.4796808e+10   2.0e+03
  58   1.54e-01   6.25e-02   2.98e-08   5.4796808e+10   5.4796808e+10   4.0e+02
  59   9.30e-02   5.00e-01   2.98e-08   5.4796808e+10   5.4796808e+10   5.1e+00
  60   3.05e-01   2.50e-01   2.98e-08   5.4796808e+10   5.4796808e+10   3.7e-01
  61   5.95e-01   2.50e-01   2.98e-08   5.4796808e+10   5.4796808e+10   1.8e-01
  62   1.62e-01   2.50e-01   2.98e-08   5.4796808e+10   5.4796808e+10   4.3e-02
  63   1.31e-01   2.50e-01   2.98e-08   5.4796808e+10   5.4796808e+10   1.4e-02
  64   9.99e-02   2.50e-01   2.98e-08   5.4796808e+10   5.4796808e+10   9.3e-03
  65   5.37e-02   2.50e-01   2.98e-08   5.4796808e+10   5.4796808e+10   4.9e-03
  66   3.18e-02   2.50e-01   2.98e-08   5.4796808e+10   5.4796808e+10   1.7e-03
  67   2.23e-02   5.00e-01   2.98e-08   5.4796808e+10   5.4796808e+10   6.6e-04
  68   2.91e-02   5.00e-01   2.98e-08   5.4796808e+10   5.4796808e+10   2.8e-04
  69   1.85e-02   5.00e-01   2.98e-08   5.4796808e+10   5.4796808e+10   1.4e-04
  70   1.29e-02   5.00e-01   2.98e-08   5.4796808e+10   5.4796808e+10   9.2e-05
Barrier method finished in 261 seconds
Uncrunching matrix
Optimal solution found
Barrier solved problem
  70 barrier iterations in 300s

Final objective                       : 5.479688054544495e+10
  Max primal violation      (abs/rel) : 7.828e-02 / 7.828e-02
  Max dual violation        (abs/rel) : 2.126e-07 / 2.126e-07
  Max complementarity viol. (abs/rel) : 6.968e+00 / 1.054e-14
FICO Xpress v8.8.0, Hyper, solve started 20:02:11, Dec 2, 2022
Heap usage: 7GB (peak 20GB, 0GB system)
Detected container-enforced memory limit of 191752 MB
Minimizing LP 
Original problem has:
  20191721 rows     12348761 cols     88533031 elements
Presolved problem has:
   2183096 rows      2364531 cols      8460976 elements
Presolve finished in 38 seconds
Heap usage: 6GB (peak 20GB, 0GB system)

Coefficient range                    original                 solved        
  Coefficients   [min,max] : [ 1.00e+00,  3.68e+04] / [ 1.00e+00,  1.00e+00]
  RHS and bounds [min,max] : [ 1.66e+03,  8.94e+08] / [ 1.66e+03,  8.94e+08]
  Objective      [min,max] : [ 2.70e-05,  1.41e+07] / [ 2.70e-05,  1.41e+07]

Barrier cache sizes : L1=32K L2=25344K
Using AVX support
Cores per CPU (CORESPERCPU): 18
Barrier starts after 39 seconds, using up to 36 threads, 36 cores
Matrix ordering - Dense cols.: 132184   NZ(L):  36771500   Flops:  12084043458
 
  Its   P.inf      D.inf      U.inf      Primal obj.     Dual obj.      Compl.
   0   2.08e+09   7.76e+05   1.79e+07   2.9965092e+17  -1.5973452e+19   4.9e+19
   1   1.24e+09   4.25e+05   1.07e+07   3.7980360e+17  -9.7395545e+18   2.9e+19
   2   3.34e+08   2.83e+05   2.88e+06   4.5721459e+17  -6.8967862e+18   2.1e+19
   3   1.22e+08   7.97e+04   1.05e+06   4.4870710e+17  -2.3903926e+18   7.1e+18
   4   3.00e+07   2.84e+04   2.59e+05   3.8378445e+17  -1.0696399e+18   3.3e+18
   5   6.09e+06   5.85e+03   5.24e+04   2.7454428e+17  -3.4346327e+17   1.0e+18
   6   1.57e+06   2.45e+03   1.35e+04   1.4787470e+17  -1.7130605e+17   5.3e+17
   7   6.52e+05   7.36e+02   5.62e+03   9.2904585e+16  -6.8353672e+16   2.3e+17
   8   4.26e+05   3.07e+02   3.67e+03   6.9154751e+16  -3.4698579e+16   1.4e+17
   9   2.52e+05   1.17e+02   2.17e+03   4.6856454e+16  -1.6981149e+16   7.9e+16
  10   5.91e+04   2.63e+01   5.09e+02   1.7462598e+16  -6.5025899e+15   2.8e+16
  11   7.70e+03   7.53e+00   6.64e+01   5.0006568e+15  -2.7310870e+15   1.0e+16
  12   1.32e+03   6.89e-01   1.13e+01   1.1977278e+15  -3.8697069e+14   1.8e+15
  13   1.27e+03   4.02e-01   1.09e+01   1.1620842e+15  -2.5734964e+14   1.6e+15
  14   6.50e+02   2.32e-01   5.60e+00   6.8308990e+14  -1.7550294e+14   9.7e+14
  15   5.38e+02   1.18e-01   4.63e+00   5.8430284e+14  -1.0902012e+14   7.6e+14
  16   3.29e+02   5.14e-02   2.84e+00   3.9168277e+14  -6.5332013e+13   5.0e+14
  17   2.26e+02   2.23e-02   1.95e+00   2.8768369e+14  -3.9943898e+13   3.5e+14
  18   1.24e+02   1.35e-02   1.07e+00   1.7708692e+14  -2.9718191e+13   2.2e+14
  19   2.18e+01   7.45e-03   1.87e-01   5.3977015e+13  -2.0494015e+13   8.6e+13
  20   5.77e+00   1.34e-03   4.97e-02   2.3089298e+13  -6.4580061e+12   3.2e+13
  21   2.58e+00   5.57e-04   1.24e-02   9.4339165e+12  -3.3841747e+12   1.4e+13
  22   1.85e+00   3.09e-04   8.41e-03   7.0958288e+12  -2.0788857e+12   9.6e+12
  23   3.93e+00   1.46e-04   2.96e-03   3.5284488e+12  -1.1358779e+12   4.8e+12
  24   3.58e+00   2.32e-05   1.81e-03   2.4833436e+12  -2.6853869e+11   2.8e+12
  25   4.47e+00   2.38e-06   1.39e-04   6.0920924e+11  -4.6232814e+10   6.6e+11
  26   2.75e+00   9.54e-07   8.32e-05   4.3052936e+11   1.7718106e+10   4.1e+11
  27   4.56e+00   9.54e-07   1.64e-05   1.8086446e+11   4.1815089e+10   1.4e+11
  28   1.68e+00   9.54e-07   4.81e-06   1.0720000e+11   4.8960696e+10   5.8e+10
  29   5.05e-01   1.91e-06   1.37e-06   7.7257124e+10   5.2566962e+10   2.5e+10
  30   8.27e-02   3.81e-06   3.26e-07   6.3133817e+10   5.3947704e+10   9.2e+09
  31   3.67e-02   3.81e-06   1.45e-07   5.9729107e+10   5.4710430e+10   5.0e+09
  32   2.43e-02   3.81e-06   8.94e-08   5.8183340e+10   5.5072264e+10   3.1e+09
  33   1.93e-02   3.81e-06   5.96e-08   5.7516883e+10   5.5194362e+10   2.3e+09
  34   1.48e-02   3.81e-06   5.96e-08   5.6893869e+10   5.5280654e+10   1.6e+09
  35   9.94e-03   7.63e-06   2.98e-08   5.6329603e+10   5.5334020e+10   1.0e+09
  36   1.31e-02   7.63e-06   2.98e-08   5.5797210e+10   5.5368103e+10   4.3e+08
  37   1.54e-02   7.63e-06   2.98e-08   5.5669390e+10   5.5387975e+10   2.8e+08
  38   1.38e-02   7.63e-06   2.98e-08   5.5640859e+10   5.5392144e+10   2.5e+08
  39   3.12e-02   7.63e-06   2.98e-08   5.5550686e+10   5.5411645e+10   1.4e+08
  40   2.12e-02   1.53e-05   2.98e-08   5.5518491e+10   5.5418624e+10   1.0e+08
  41   2.67e-02   1.53e-05   2.98e-08   5.5487367e+10   5.5423944e+10   6.4e+07
  42   2.32e-02   1.53e-05   2.98e-08   5.5470550e+10   5.5426677e+10   4.4e+07
  43   2.97e-02   7.63e-06   2.98e-08   5.5454275e+10   5.5429739e+10   2.5e+07
  44   2.99e-02   1.53e-05   2.98e-08   5.5450350e+10   5.5431060e+10   1.9e+07
  45   1.54e-02   1.53e-05   2.98e-08   5.5442638e+10   5.5431789e+10   1.1e+07
  46   3.44e-02   1.53e-05   2.98e-08   5.5439866e+10   5.5432532e+10   7.4e+06
  47   3.17e-02   3.05e-05   2.98e-08   5.5437145e+10   5.5433017e+10   4.1e+06
  48   2.76e-02   3.05e-05   2.98e-08   5.5435638e+10   5.5433355e+10   2.3e+06
  49   2.94e-02   3.05e-05   2.98e-08   5.5434806e+10   5.5433612e+10   1.2e+06
  50   4.51e-02   6.10e-05   2.98e-08   5.5434382e+10   5.5433688e+10   7.0e+05
  51   4.50e-02   6.10e-05   2.98e-08   5.5434365e+10   5.5433724e+10   6.4e+05
  52   4.65e-02   6.10e-05   2.98e-08   5.5434066e+10   5.5433765e+10   3.0e+05
  53   4.82e-02   1.22e-04   2.98e-08   5.5433887e+10   5.5433791e+10   9.7e+04
  54   3.99e-02   1.22e-04   2.98e-08   5.5433865e+10   5.5433803e+10   6.2e+04
  55   1.12e-01   1.22e-04   2.98e-08   5.5433835e+10   5.5433806e+10   2.9e+04
  56   6.08e-01   2.44e-04   2.98e-08   5.5433817e+10   5.5433808e+10   8.4e+03
  57   3.58e-01   9.77e-04   2.98e-08   5.5433811e+10   5.5433809e+10   2.0e+03
  58   7.49e-01   1.95e-03   2.98e-08   5.5433809e+10   5.5433809e+10   4.2e+02
  59   8.18e-01   3.91e-03   2.98e-08   5.5433809e+10   5.5433809e+10   6.0e+00
Barrier method finished in 234 seconds
Uncrunching matrix
Optimal solution found
Barrier solved problem
  59 barrier iterations in 279s

Final objective                       : 5.543380911338789e+10
  Max primal violation      (abs/rel) : 8.182e-01 / 8.182e-01
  Max dual violation        (abs/rel) : 1.091e-10 / 1.091e-10
  Max complementarity viol. (abs/rel) : 1.509e-01 / 2.012e-16
FICO Xpress v8.8.0, Hyper, solve started 21:02:04, Dec 2, 2022
Heap usage: 7GB (peak 20GB, 0GB system)
Detected container-enforced memory limit of 191752 MB
Minimizing LP 
Original problem has:
  20219681 rows     12348761 cols     88560991 elements
Presolved problem has:
   2183100 rows      2364535 cols      8460984 elements
Presolve finished in 32 seconds
Heap usage: 6GB (peak 20GB, 0GB system)

Coefficient range                    original                 solved        
  Coefficients   [min,max] : [ 1.00e+00,  3.68e+04] / [ 1.00e+00,  1.00e+00]
  RHS and bounds [min,max] : [ 1.66e+03,  8.94e+08] / [ 1.66e+03,  8.94e+08]
  Objective      [min,max] : [ 2.70e-05,  1.41e+07] / [ 2.70e-05,  1.41e+07]

Barrier cache sizes : L1=32K L2=25344K
Using AVX support
Cores per CPU (CORESPERCPU): 18
Barrier starts after 33 seconds, using up to 36 threads, 36 cores
Matrix ordering - Dense cols.: 132184   NZ(L):  36771524   Flops:  12084043514
 
  Its   P.inf      D.inf      U.inf      Primal obj.     Dual obj.      Compl.
   0   2.08e+09   7.76e+05   1.79e+07   2.9971916e+17  -1.5973444e+19   4.9e+19
   1   1.24e+09   4.25e+05   1.07e+07   3.7989872e+17  -9.7391501e+18   2.9e+19
   2   3.42e+08   2.83e+05   2.94e+06   4.5668460e+17  -6.8994954e+18   2.1e+19
   3   1.20e+08   8.06e+04   1.03e+06   4.4968254e+17  -2.4191218e+18   7.2e+18
   4   3.23e+07   2.26e+04   2.79e+05   3.9157184e+17  -9.2669734e+17   2.9e+18
   5   4.88e+06   4.03e+03   4.21e+04   2.5107227e+17  -2.6952571e+17   8.6e+17
   6   1.50e+06   1.73e+03   1.29e+04   1.3762457e+17  -1.3837917e+17   4.2e+17
   7   8.05e+05   5.86e+02   6.94e+03   9.4129546e+16  -5.9321125e+16   2.0e+17
   8   5.07e+05   1.83e+02   4.37e+03   6.7148268e+16  -2.4971033e+16   1.1e+17
   9   1.24e+05   1.05e+02   1.07e+03   2.5431309e+16  -1.6403308e+16   5.6e+16
  10   1.19e+05   1.04e+02   1.03e+03   2.4712781e+16  -1.6285505e+16   5.5e+16
  11   7.67e+04   1.02e+02   6.61e+02   1.8011589e+16  -1.6051824e+16   4.9e+16
  12   7.48e+04   9.65e+01   6.45e+02   1.7701328e+16  -1.5279279e+16   4.7e+16
  13   1.78e+04   8.14e+01   1.53e+02   8.0964090e+15  -1.3195251e+16   3.4e+16
  14   1.76e+04   8.09e+01   1.52e+02   8.0635015e+15  -1.3118904e+16   3.4e+16
  15   8.18e+03   8.06e+00   7.05e+01   5.7187964e+15  -2.6010428e+15   9.9e+15
  16   1.04e+03   1.60e+00   8.94e+00   1.6845389e+15  -8.5137534e+14   3.1e+15
  17   3.16e+02   2.29e-01   2.72e+00   6.3658628e+14  -1.7673400e+14   9.1e+14
  18   2.67e+02   1.57e-01   2.30e+00   5.5427387e+14  -1.3277485e+14   7.5e+14
  19   2.18e+02   7.20e-02   1.88e+00   4.6822384e+14  -7.7886675e+13   5.8e+14
  20   1.31e+02   2.93e-02   1.13e+00   3.1003210e+14  -4.6204332e+13   3.9e+14
  21   9.83e+01   1.32e-02   8.47e-01   2.4344350e+14  -2.9544914e+13   2.9e+14
  22   2.85e+01   6.18e-03   2.46e-01   9.6706155e+13  -2.0079266e+13   1.3e+14
  23   6.99e+00   7.92e-04   6.02e-02   3.3019535e+13  -5.4859373e+12   4.1e+13
  24   4.34e+00   4.57e-04   3.74e-02   2.2871836e+13  -3.8202278e+12   2.8e+13
  25   2.57e+00   9.32e-05   2.21e-02   1.5274676e+13  -1.6009925e+12   1.7e+13
  26   2.59e+01   3.89e-05   1.06e-02   8.7497317e+12  -1.0175663e+12   9.9e+12
  27   1.08e+01   5.72e-06   2.52e-03   3.3264554e+12  -4.0970367e+11   3.8e+12
  28   9.27e+00   2.62e-06   6.09e-04   1.3169166e+12  -2.1460819e+11   1.5e+12
  29   2.37e+00   9.54e-07   1.30e-04   5.2714085e+11  -1.2177498e+10   5.4e+11
  30   1.87e+00   9.54e-07   2.76e-05   2.2739655e+11   3.4643093e+10   1.9e+11
  31   1.20e+00   9.54e-07   3.82e-06   1.0610705e+11   4.8602018e+10   5.8e+10
  32   4.69e-01   1.91e-06   1.14e-06   7.7434615e+10   5.1712485e+10   2.6e+10
  33   1.87e-01   2.86e-06   4.66e-07   6.7102543e+10   5.3973532e+10   1.3e+10
  34   4.99e-02   3.81e-06   1.53e-07   6.0851036e+10   5.4825835e+10   6.0e+09
  35   2.67e-02   3.81e-06   6.81e-08   5.8474853e+10   5.5089810e+10   3.4e+09
  36   1.79e-02   3.81e-06   5.96e-08   5.7443128e+10   5.5266064e+10   2.2e+09
  37   1.27e-02   7.63e-06   5.96e-08   5.6835786e+10   5.5367474e+10   1.5e+09
  38   8.60e-03   7.63e-06   2.98e-08   5.6397075e+10   5.5415241e+10   9.9e+08
  39   5.25e-03   7.63e-06   2.98e-08   5.5991892e+10   5.5469964e+10   5.2e+08
  40   5.34e-03   1.53e-05   2.98e-08   5.5875525e+10   5.5506424e+10   3.7e+08
  41   9.20e-03   7.63e-06   2.98e-08   5.5748778e+10   5.5517804e+10   2.3e+08
  42   8.74e-03   7.63e-06   2.98e-08   5.5709920e+10   5.5531966e+10   1.8e+08
  43   6.77e-03   7.63e-06   2.98e-08   5.5650693e+10   5.5537686e+10   1.1e+08
  44   1.07e-02   1.53e-05   2.98e-08   5.5622139e+10   5.5543823e+10   7.9e+07
  45   7.38e-03   1.53e-05   2.98e-08   5.5598374e+10   5.5547845e+10   5.1e+07
  46   8.26e-03   1.53e-05   2.98e-08   5.5587618e+10   5.5551029e+10   3.7e+07
  47   1.04e-02   1.53e-05   2.98e-08   5.5573350e+10   5.5553460e+10   2.0e+07
  48   9.64e-03   3.05e-05   2.98e-08   5.5565958e+10   5.5554804e+10   1.1e+07
  49   8.88e-03   3.05e-05   2.98e-08   5.5563565e+10   5.5555476e+10   8.1e+06
  50   2.65e-02   3.05e-05   2.98e-08   5.5560776e+10   5.5555932e+10   4.9e+06
  51   2.07e-02   3.05e-05   2.98e-08   5.5559606e+10   5.5556110e+10   3.5e+06
  52   1.19e-02   3.05e-05   2.98e-08   5.5558238e+10   5.5556321e+10   1.9e+06
  53   2.66e-02   6.10e-05   2.98e-08   5.5557546e+10   5.5556467e+10   1.1e+06
  54   2.25e-02   6.10e-05   2.98e-08   5.5557435e+10   5.5556581e+10   8.6e+05
  55   2.92e-02   6.10e-05   2.98e-08   5.5557161e+10   5.5556637e+10   5.3e+05
  56   8.70e-02   1.22e-04   2.98e-08   5.5556932e+10   5.5556711e+10   2.2e+05
  57   5.22e-02   2.44e-04   2.98e-08   5.5556798e+10   5.5556721e+10   7.7e+04
  58   7.04e-02   2.44e-04   2.98e-08   5.5556780e+10   5.5556734e+10   4.6e+04
  59   2.39e-01   4.88e-04   2.98e-08   5.5556749e+10   5.5556736e+10   1.2e+04
  60   1.23e-01   1.95e-03   2.98e-08   5.5556741e+10   5.5556739e+10   2.7e+03
  61   4.80e+00   3.91e-03   2.98e-08   5.5556740e+10   5.5556739e+10   1.2e+03
  62   5.07e-01   1.56e-02   2.98e-08   5.5556739e+10   5.5556739e+10   2.8e+02
  63   2.30e+00   1.56e-02   2.98e-08   5.5556739e+10   5.5556739e+10   2.2e+02
  64   5.82e-01   1.56e-02   2.98e-08   5.5556739e+10   5.5556739e+10   5.4e+01
  65   4.45e-01   1.56e-02   2.98e-08   5.5556739e+10   5.5556739e+10   5.3e+01
  66   1.17e+00   3.12e-02   2.98e-08   5.5556739e+10   5.5556739e+10   2.5e+01
  67   2.06e-01   3.12e-02   2.98e-08   5.5556739e+10   5.5556739e+10   4.4e+00
Barrier method finished in 240 seconds
Uncrunching matrix
Optimal solution found
Barrier solved problem
  67 barrier iterations in 279s

Final objective                       : 5.555673903053270e+10
  Max primal violation      (abs/rel) : 2.057e-01 / 2.057e-01
  Max dual violation        (abs/rel) : 9.459e-11 / 9.459e-11
  Max complementarity viol. (abs/rel) : 4.900e-02 / 8.696e-18
FICO Xpress v8.8.0, Hyper, solve started 21:57:00, Dec 2, 2022
Heap usage: 7GB (peak 20GB, 0GB system)
Detected container-enforced memory limit of 191752 MB
Minimizing LP 
Original problem has:
  20247641 rows     12348761 cols     88588951 elements
Presolved problem has:
   2183101 rows      2364536 cols      8460986 elements
Presolve finished in 34 seconds
Heap usage: 6GB (peak 20GB, 0GB system)

Coefficient range                    original                 solved        
  Coefficients   [min,max] : [ 1.00e+00,  3.68e+04] / [ 1.00e+00,  1.00e+00]
  RHS and bounds [min,max] : [ 1.66e+03,  8.94e+08] / [ 1.66e+03,  8.94e+08]
  Objective      [min,max] : [ 2.70e-05,  1.41e+07] / [ 2.70e-05,  1.41e+07]

Barrier cache sizes : L1=32K L2=25344K
Using AVX support
Cores per CPU (CORESPERCPU): 18
Barrier starts after 36 seconds, using up to 36 threads, 36 cores
Matrix ordering - Dense cols.: 132184   NZ(L):  36771530   Flops:  12084043528
 
  Its   P.inf      D.inf      U.inf      Primal obj.     Dual obj.      Compl.
   0   2.08e+09   7.76e+05   1.79e+07   2.9975655e+17  -1.5973439e+19   4.9e+19
   1   1.24e+09   4.25e+05   1.07e+07   3.7994917e+17  -9.7390877e+18   2.9e+19
   2   3.40e+08   2.83e+05   2.93e+06   4.5690284e+17  -6.8997469e+18   2.1e+19
   3   1.20e+08   8.05e+04   1.03e+06   4.4950252e+17  -2.4153010e+18   7.2e+18
   4   3.23e+07   2.43e+04   2.78e+05   3.9118719e+17  -9.6942737e+17   3.1e+18
   5   5.24e+06   4.28e+03   4.52e+04   2.4842603e+17  -2.6608277e+17   8.8e+17
   6   1.94e+06   1.67e+03   1.67e+04   1.4788787e+17  -1.2807242e+17   4.2e+17
   7   1.05e+06   5.90e+02   9.04e+03   1.0002577e+17  -5.7777095e+16   2.1e+17
   8   5.95e+05   2.21e+02   5.13e+03   6.6319457e+16  -2.7659458e+16   1.2e+17
   9   1.10e+05   4.56e+01   9.45e+02   2.2669618e+16  -9.9334379e+15   4.0e+16
  10   1.76e+04   2.27e+01   1.51e+02   7.3605284e+15  -5.7767099e+15   1.8e+16
  11   3.26e+03   3.52e+00   2.81e+01   2.9471524e+15  -1.5251362e+15   5.6e+15
  12   7.30e+02   7.48e-01   6.29e+00   7.5025391e+14  -3.5545650e+14   1.3e+15
  13   6.63e+02   3.47e-01   5.71e+00   6.9513010e+14  -1.9404234e+14   1.0e+15
  14   5.72e+02   1.97e-01   4.93e+00   6.1612055e+14  -1.2850211e+14   8.1e+14
  15   4.76e+02   9.00e-02   4.10e+00   5.2769888e+14  -7.7021082e+13   6.4e+14
  16   3.36e+02   2.79e-02   2.90e+00   3.9481750e+14  -4.2385394e+13   4.6e+14
  17   2.22e+02   1.37e-02   1.91e+00   2.7905381e+14  -3.0424891e+13   3.3e+14
  18   1.60e+02   4.96e-03   1.38e+00   2.1244508e+14  -1.9530861e+13   2.4e+14
  19   1.11e+01   1.15e-03   9.57e-02   4.3681044e+13  -1.1937929e+13   5.9e+13
  20   2.19e+00   5.18e-04   1.57e-02   1.4608819e+13  -6.6455430e+12   2.3e+13
  21   1.53e+00   2.46e-04   6.03e-03   7.8506568e+12  -3.5741162e+12   1.2e+13
  22   4.58e+01   1.79e-04   4.19e-03   6.0541196e+12  -2.7126854e+12   9.1e+12
  23   1.41e+01   4.63e-05   1.27e-03   2.8938984e+12  -8.9805387e+11   3.9e+12
  24   8.27e+00   2.26e-05   5.68e-04   1.6800951e+12  -4.7002620e+11   2.2e+12
  25   4.72e+00   3.81e-06   6.33e-05   5.6159744e+11  -7.3678083e+10   6.4e+11
  26   4.54e+00   2.38e-06   2.37e-05   3.1292005e+11   1.0433870e+10   3.0e+11
  27   1.82e+00   1.91e-06   4.10e-06   1.4227739e+11   4.0733089e+10   1.0e+11
  28   6.73e-01   2.00e-05   1.51e-06   9.8217334e+10   4.6202283e+10   5.2e+10
  29   3.26e-01   7.63e-06   5.99e-07   7.7774844e+10   5.1387546e+10   2.6e+10
  30   1.05e-01   3.81e-06   1.92e-07   6.5632301e+10   5.4129260e+10   1.2e+10
  31   6.51e-02   3.81e-06   1.13e-07   6.2258120e+10   5.4715664e+10   7.6e+09
  32   2.36e-02   3.81e-06   5.96e-08   5.8598252e+10   5.4985977e+10   3.6e+09
  33   1.25e-02   7.63e-06   2.98e-08   5.7278635e+10   5.5163756e+10   2.1e+09
  34   8.65e-03   7.63e-06   2.98e-08   5.6320098e+10   5.5251133e+10   1.1e+09
  35   5.85e-03   1.53e-05   2.98e-08   5.6034002e+10   5.5339353e+10   7.0e+08
  36   8.49e-03   1.53e-05   2.98e-08   5.5750402e+10   5.5392946e+10   3.6e+08
  37   7.72e-03   1.53e-05   2.98e-08   5.5671468e+10   5.5400426e+10   2.7e+08
  38   1.14e-02   1.53e-05   2.98e-08   5.5592409e+10   5.5416383e+10   1.8e+08
  39   9.53e-03   1.53e-05   2.98e-08   5.5537923e+10   5.5426003e+10   1.1e+08
  40   8.07e-03   1.53e-05   2.98e-08   5.5504831e+10   5.5431943e+10   7.3e+07
  41   1.45e-02   3.05e-05   2.98e-08   5.5487064e+10   5.5437333e+10   5.0e+07
  42   7.78e-03   1.53e-05   2.98e-08   5.5473099e+10   5.5440547e+10   3.3e+07
  43   8.72e-03   3.05e-05   2.98e-08   5.5464331e+10   5.5442892e+10   2.2e+07
  44   2.05e-02   6.10e-05   2.98e-08   5.5454966e+10   5.5444902e+10   1.0e+07
  45   4.65e-02   9.16e-05   2.98e-08   5.5451014e+10   5.5445550e+10   5.5e+06
  46   2.36e-02   6.10e-05   2.98e-08   5.5449632e+10   5.5446070e+10   3.6e+06
  47   2.24e-02   1.22e-04   2.98e-08   5.5449577e+10   5.5446261e+10   3.3e+06
  48   3.17e-02   6.10e-05   5.96e-08   5.5449323e+10   5.5446421e+10   2.9e+06
  49   3.39e-02   6.10e-05   2.98e-08   5.5448102e+10   5.5446538e+10   1.6e+06
  50   1.47e-01   2.44e-04   2.98e-08   5.5447629e+10   5.5446684e+10   9.5e+05
  51   1.50e-01   1.22e-04   2.98e-08   5.5447276e+10   5.5446790e+10   4.9e+05
  52   9.21e-02   4.88e-04   2.98e-08   5.5447006e+10   5.5446864e+10   1.4e+05
  53   3.76e-02   2.93e-03   2.98e-08   5.5446937e+10   5.5446888e+10   4.9e+04
  54   2.34e-02   6.84e-03   2.98e-08   5.5446919e+10   5.5446894e+10   2.5e+04
  55   1.46e-01   3.91e-03   2.98e-08   5.5446902e+10   5.5446896e+10   6.1e+03
  56   5.69e-02   1.56e-02   2.98e-08   5.5446899e+10   5.5446897e+10   2.7e+03
  57   4.54e-02   7.81e-03   2.98e-08   5.5446897e+10   5.5446897e+10   7.1e+02
  58   7.47e-02   3.12e-02   2.98e-08   5.5446897e+10   5.5446897e+10   1.8e+02
  59   7.42e-02   3.12e-02   2.98e-08   5.5446897e+10   5.5446897e+10   1.2e+01
Barrier method finished in 226 seconds
Uncrunching matrix
Optimal solution found
Barrier solved problem
  59 barrier iterations in 267s

Final objective                       : 5.544689676752516e+10
  Max primal violation      (abs/rel) : 7.424e-02 / 7.424e-02
  Max dual violation        (abs/rel) : 1.091e-10 / 1.091e-10
  Max complementarity viol. (abs/rel) : 6.958e-03 / 1.003e-18
FICO Xpress v8.8.0, Hyper, solve started 22:52:54, Dec 2, 2022
Heap usage: 7GB (peak 20GB, 0GB system)
Detected container-enforced memory limit of 191752 MB
Minimizing LP 
Original problem has:
  20275601 rows     12348761 cols     88616911 elements
Presolved problem has:
   2183101 rows      2364536 cols      8460986 elements
Presolve finished in 36 seconds
Heap usage: 6GB (peak 20GB, 0GB system)

Coefficient range                    original                 solved        
  Coefficients   [min,max] : [ 1.00e+00,  3.68e+04] / [ 1.00e+00,  1.00e+00]
  RHS and bounds [min,max] : [ 1.66e+03,  8.94e+08] / [ 1.66e+03,  8.94e+08]
  Objective      [min,max] : [ 2.70e-05,  1.41e+07] / [ 2.70e-05,  1.41e+07]

Barrier cache sizes : L1=32K L2=25344K
Using AVX support
Cores per CPU (CORESPERCPU): 18
Barrier starts after 38 seconds, using up to 36 threads, 36 cores
Matrix ordering - Dense cols.: 132184   NZ(L):  36771530   Flops:  12084043528
 
  Its   P.inf      D.inf      U.inf      Primal obj.     Dual obj.      Compl.
   0   2.08e+09   7.76e+05   1.79e+07   2.9977021e+17  -1.5973439e+19   4.9e+19
   1   1.24e+09   4.25e+05   1.07e+07   3.7996747e+17  -9.7390975e+18   2.9e+19
   2   3.40e+08   2.83e+05   2.93e+06   4.5692827e+17  -6.8999569e+18   2.1e+19
   3   1.20e+08   8.04e+04   1.03e+06   4.4950182e+17  -2.4130764e+18   7.2e+18
   4   2.87e+07   2.76e+04   2.47e+05   3.8512119e+17  -1.0543316e+18   3.3e+18
   5   3.87e+06   7.22e+03   3.33e+04   2.3798158e+17  -3.5207742e+17   1.1e+18
   6   1.49e+06   2.63e+03   1.28e+04   1.5666202e+17  -1.5934044e+17   5.1e+17
   7   6.45e+05   7.60e+02   5.56e+03   9.7576856e+16  -6.2467799e+16   2.2e+17
   8   4.62e+05   3.47e+02   3.98e+03   7.6425972e+16  -3.3934904e+16   1.4e+17
   9   1.50e+05   1.02e+02   1.29e+03   3.4728598e+16  -1.4378152e+16   6.2e+16
  10   2.47e+04   2.35e+01   2.13e+02   1.1200204e+16  -5.3059545e+15   2.2e+16
  11   1.23e+03   1.60e+00   1.06e+01   1.5596123e+15  -7.2510549e+14   2.8e+15
  12   3.64e+02   2.47e-01   3.14e+00   5.4484810e+14  -1.4825593e+14   7.8e+14
  13   3.13e+02   1.81e-01   2.69e+00   4.8052711e+14  -1.1751287e+14   6.6e+14
  14   2.42e+02   9.34e-02   2.09e+00   3.8968997e+14  -7.3833253e+13   5.0e+14
  15   1.45e+02   4.39e-02   1.25e+00   2.5672375e+14  -4.5856698e+13   3.3e+14
  16   9.71e+01   1.94e-02   8.37e-01   1.8482378e+14  -2.7835876e+13   2.3e+14
  17   8.48e+01   7.85e-03   7.31e-01   1.6489986e+14  -1.6771693e+13   1.9e+14
  18   2.51e+01   2.10e-03   2.16e-01   6.5789096e+13  -1.0010754e+13   8.0e+13
  19   4.18e+00   6.72e-04   3.60e-02   2.0399333e+13  -5.3424572e+12   2.8e+13
  20   2.11e+00   3.00e-04   1.81e-02   1.2414056e+13  -2.9450922e+12   1.6e+13
  21   1.05e+01   3.48e-05   5.01e-03   5.2929096e+12  -8.2987938e+11   6.2e+12
  22   7.60e+01   7.75e-06   1.57e-03   2.3895225e+12  -3.1057825e+11   2.7e+12
  23   2.28e+01   1.91e-06   4.84e-04   1.0868608e+12  -9.8383287e+10   1.2e+12
  24   6.58e+00   4.77e-07   1.40e-04   4.9541915e+11   1.2917055e+10   4.8e+11
  25   3.97e+00   9.54e-07   1.97e-05   1.8300603e+11   3.5881555e+10   1.5e+11
  26   1.48e+00   1.91e-06   5.16e-06   1.0725105e+11   4.8905951e+10   5.9e+10
  27   3.87e-01   1.91e-06   1.29e-06   7.5786189e+10   5.2966657e+10   2.3e+10
  28   1.51e-01   2.86e-06   5.68e-07   6.6396627e+10   5.4013644e+10   1.2e+10
  29   5.98e-02   1.91e-06   2.74e-07   6.1794958e+10   5.4714638e+10   7.1e+09
  30   1.78e-02   3.81e-06   8.94e-08   5.8271714e+10   5.4993786e+10   3.3e+09
  31   8.31e-03   3.81e-06   5.96e-08   5.7044715e+10   5.5156252e+10   1.9e+09
  32   4.81e-03   3.81e-06   2.98e-08   5.6239452e+10   5.5243716e+10   1.0e+09
  33   5.65e-03   3.81e-06   2.98e-08   5.5938991e+10   5.5326166e+10   6.2e+08
  34   6.08e-03   7.63e-06   2.98e-08   5.5773319e+10   5.5364885e+10   4.1e+08
  35   6.38e-03   7.63e-06   2.98e-08   5.5720605e+10   5.5381645e+10   3.4e+08
  36   7.25e-03   7.63e-06   2.98e-08   5.5599626e+10   5.5389062e+10   2.1e+08
  37   1.17e-02   7.63e-06   2.98e-08   5.5511174e+10   5.5402574e+10   1.1e+08
  38   1.09e-02   1.53e-05   2.98e-08   5.5480496e+10   5.5408726e+10   7.2e+07
  39   1.13e-02   7.63e-06   2.98e-08   5.5459095e+10   5.5411588e+10   4.8e+07
  40   1.21e-02   1.53e-05   2.98e-08   5.5442660e+10   5.5414493e+10   2.8e+07
  41   1.19e-02   1.53e-05   2.98e-08   5.5433686e+10   5.5417193e+10   1.7e+07
  42   1.05e-02   1.53e-05   2.98e-08   5.5430099e+10   5.5418415e+10   1.2e+07
  43   2.02e-02   1.53e-05   2.98e-08   5.5426712e+10   5.5419152e+10   7.6e+06
  44   1.65e-02   3.05e-05   2.98e-08   5.5423933e+10   5.5419837e+10   4.1e+06
  45   2.43e-02   3.05e-05   2.98e-08   5.5422495e+10   5.5420312e+10   2.2e+06
  46   1.23e-01   6.10e-05   2.98e-08   5.5421776e+10   5.5420594e+10   1.2e+06
  47   1.23e-01   6.10e-05   2.98e-08   5.5421773e+10   5.5420654e+10   1.1e+06
  48   1.12e-01   6.10e-05   2.98e-08   5.5421291e+10   5.5420703e+10   5.9e+05
  49   1.04e-01   6.10e-05   2.98e-08   5.5421231e+10   5.5420737e+10   5.0e+05
  50   9.92e-02   1.22e-04   3.30e-08   5.5421199e+10   5.5420766e+10   4.4e+05
  51   7.65e-02   1.22e-04   2.98e-08   5.5421071e+10   5.5420791e+10   2.8e+05
  52   4.52e-02   1.22e-04   2.98e-08   5.5420970e+10   5.5420815e+10   1.6e+05
  53   4.12e-02   1.22e-04   2.98e-08   5.5420941e+10   5.5420820e+10   1.2e+05
  54   3.98e-02   2.44e-04   2.98e-08   5.5420863e+10   5.5420824e+10   3.9e+04
  55   1.22e-01   2.44e-04   2.98e-08   5.5420836e+10   5.5420824e+10   1.1e+04
  56   1.18e-01   2.44e-04   2.98e-08   5.5420835e+10   5.5420824e+10   1.1e+04
  57   8.54e-02   2.44e-04   2.98e-08   5.5420833e+10   5.5420825e+10   8.8e+03
  58   1.35e-01   4.88e-04   2.98e-08   5.5420827e+10   5.5420825e+10   1.3e+03
  59   2.62e-01   9.77e-04   2.98e-08   5.5420827e+10   5.5420826e+10   9.8e+02
  60   3.82e-01   1.46e-03   2.98e-08   5.5420826e+10   5.5420826e+10   5.0e+01
Barrier method finished in 233 seconds
Uncrunching matrix
Optimal solution found
Barrier solved problem
  60 barrier iterations in 276s

Final objective                       : 5.542082560740940e+10
  Max primal violation      (abs/rel) : 3.818e-01 / 3.818e-01
  Max dual violation        (abs/rel) : 1.091e-10 / 1.091e-10
  Max complementarity viol. (abs/rel) : 1.638e-02 / 8.992e-17
FICO Xpress v8.8.0, Hyper, solve started 0:00:09, Dec 3, 2022
Heap usage: 1364MB (peak 1387MB, 0MB system)
Detected container-enforced memory limit of 191752 MB
Minimizing LP 
Original problem has:
   5026961 rows      3087191 cols     15199001 elements
Presolved problem has:
    155518 rows       213900 cols       626374 elements
Presolve finished in 5 seconds
Heap usage: 1094MB (peak 3997MB, 0MB system)

Coefficient range                    original                 solved        
  Coefficients   [min,max] : [ 1.00e+00,  3.68e+04] / [ 1.00e+00,  1.00e+00]
  RHS and bounds [min,max] : [ 1.00e-02,  1.12e+09] / [ 1.01e-02,  1.12e+09]
  Objective      [min,max] : [ 1.87e-05,  9.56e+05] / [ 1.87e-05,  9.56e+05]

Barrier cache sizes : L1=32K L2=25344K
Using AVX support
Cores per CPU (CORESPERCPU): 18
Barrier starts after 5 seconds, using up to 36 threads, 36 cores
Matrix ordering - Dense cols.:      0   NZ(L):   2720308   Flops:    213653952
 
  Its   P.inf      D.inf      U.inf      Primal obj.     Dual obj.      Compl.
   0   7.75e+09   9.56e+05   2.06e+08   1.6505916e+17  -1.5042712e+18   4.2e+19
   1   2.45e+09   5.37e+05   6.52e+07   2.3185581e+17  -1.3916637e+18   2.4e+19
   2   1.36e+09   1.83e+05   3.61e+07   2.4916983e+17  -1.0499732e+18   1.0e+19
   3   3.72e+07   1.48e+04   9.89e+05   2.0164844e+17  -3.2758229e+17   1.1e+18
   4   1.04e+07   2.47e+03   2.78e+05   1.2178524e+17  -9.7167150e+16   3.2e+17
   5   1.92e+06   6.08e+02   5.10e+04   4.4148902e+16  -3.3101657e+16   1.0e+17
   6   6.51e+05   2.37e+02   1.73e+04   2.1972034e+16  -1.5447090e+16   4.8e+16
   7   6.23e+05   1.83e+02   1.66e+04   2.1248421e+16  -1.2355638e+16   4.2e+16
   8   5.66e+05   1.39e+02   1.51e+04   1.9703308e+16  -9.8009294e+15   3.6e+16
   9   5.28e+05   1.18e+02   1.40e+04   1.8616802e+16  -8.6101329e+15   3.3e+16
  10   3.88e+05   6.75e+01   1.03e+04   1.4553774e+16  -5.5997147e+15   2.4e+16
  11   3.48e+05   4.31e+01   9.25e+03   1.3277646e+16  -4.0506694e+15   2.0e+16
  12   2.77e+05   3.38e+01   7.38e+03   1.0994020e+16  -3.3972896e+15   1.7e+16
  13   2.19e+05   3.02e+01   5.83e+03   9.0623812e+15  -3.1136731e+15   1.4e+16
  14   1.99e+05   1.90e+01   5.30e+03   8.3833282e+15  -2.1756298e+15   1.2e+16
  15   1.56e+05   8.91e+00   4.14e+03   6.8269286e+15  -1.3272612e+15   9.4e+15
  16   1.55e+05   8.83e+00   4.13e+03   6.7996139e+15  -1.3281949e+15   9.4e+15
  17   7.64e+04   3.24e+00   2.03e+03   3.8520336e+15  -7.3515111e+14   5.3e+15
  18   7.48e+04   2.46e+00   1.99e+03   3.7874561e+15  -6.0286917e+14   5.0e+15
  19   5.22e+04   8.20e-01   1.39e+03   2.8165730e+15  -3.1869866e+14   3.5e+15
  20   7.96e+03   4.18e-01   2.12e+02   7.9197771e+14  -2.1229501e+14   1.2e+15
  21   3.45e+03   1.40e-01   9.19e+01   4.5731198e+14  -6.3552596e+13   6.3e+14
  22   1.24e+03   6.39e-02   3.30e+01   2.5098023e+14  -7.1420270e+12   3.1e+14
  23   5.39e+02   2.65e-02   1.43e+01   1.6742417e+14   2.8924230e+13   1.7e+14
  24   1.40e+02   1.06e-02   3.74e+00   1.0866964e+14   4.8317397e+13   7.3e+13
  25   5.10e+01   3.70e-03   1.36e+00   8.9281307e+13   5.9686738e+13   3.4e+13
  26   1.49e+01   1.54e-03   3.96e-01   7.8395180e+13   6.4342223e+13   1.6e+13
  27   4.60e+00   4.06e-04   7.71e-02   7.2951533e+13   6.7459970e+13   5.9e+12
  28   6.75e+00   1.37e-04   3.74e-02   7.1566942e+13   6.8547811e+13   3.1e+12
  29   3.98e+01   3.33e-05   5.66e-03   7.0119012e+13   6.9075560e+13   1.1e+12
  30   2.73e+01   1.42e-05   8.04e-04   6.9643965e+13   6.9236805e+13   4.1e+11
  31   9.04e+00   2.86e-06   1.22e-04   6.9496847e+13   6.9362964e+13   1.3e+11
  32   5.14e+00   2.67e-05   2.84e-05   6.9445011e+13   6.9399888e+13   4.5e+10
  33   1.43e+00   4.77e-06   7.02e-06   6.9419310e+13   6.9406215e+13   1.3e+10
  34   7.53e-01   1.91e-06   2.80e-06   6.9413597e+13   6.9407462e+13   6.2e+09
  35   3.04e-01   3.81e-06   1.06e-06   6.9410464e+13   6.9407958e+13   2.5e+09
  36   6.95e-02   3.81e-06   1.75e-07   6.9408812e+13   6.9408099e+13   7.1e+08
  37   1.16e-01   3.81e-06   7.53e-08   6.9408490e+13   6.9408156e+13   3.3e+08
  38   8.18e-02   7.63e-06   8.05e-08   6.9408391e+13   6.9408177e+13   2.2e+08
  39   6.63e-02   7.63e-06   8.61e-08   6.9408321e+13   6.9408197e+13   1.3e+08
  40   3.99e-02   3.81e-06   4.89e-08   6.9408264e+13   6.9408206e+13   5.8e+07
  41   3.12e-02   7.63e-06   6.83e-08   6.9408238e+13   6.9408212e+13   2.6e+07
  42   2.08e-02   2.29e-05   6.67e-08   6.9408225e+13   6.9408215e+13   9.4e+06
  43   3.70e-02   1.53e-05   4.47e-08   6.9408221e+13   6.9408217e+13   4.3e+06
  44   2.79e-02   3.05e-05   4.16e-08   6.9408219e+13   6.9408217e+13   2.2e+06
  45   3.75e-02   6.10e-05   4.86e-08   6.9408218e+13   6.9408217e+13   7.4e+05
  46   2.54e-02   6.10e-05   5.74e-08   6.9408218e+13   6.9408218e+13   2.9e+05
  47   1.30e-02   4.88e-04   5.94e-08   6.9408218e+13   6.9408218e+13   1.1e+05
  48   8.70e-03   9.77e-04   5.81e-08   6.9408218e+13   6.9408218e+13   3.3e+04
Barrier method finished in 9 seconds
Uncrunching matrix
Optimal solution found
Barrier solved problem
  48 barrier iterations in 15s

Final objective                       : 6.940821765815528e+13
  Max primal violation      (abs/rel) : 8.703e-03 / 8.703e-03
  Max dual violation        (abs/rel) : 3.822e-02 / 3.822e-02
  Max complementarity viol. (abs/rel) : 4.488e+01 / 1.645e-13
FICO Xpress v8.8.0, Hyper, solve started 0:06:33, Dec 3, 2022
Heap usage: 1768MB (peak 3997MB, 0MB system)
Detected container-enforced memory limit of 191752 MB
Minimizing LP 
Original problem has:
   5033951 rows      3087191 cols     15205991 elements
Presolved problem has:
    155321 rows       213703 cols       625980 elements
Presolve finished in 5 seconds
Heap usage: 1370MB (peak 4722MB, 0MB system)

Coefficient range                    original                 solved        
  Coefficients   [min,max] : [ 1.00e+00,  3.68e+04] / [ 1.00e+00,  1.00e+00]
  RHS and bounds [min,max] : [ 1.00e-02,  1.12e+09] / [ 1.01e-02,  1.12e+09]
  Objective      [min,max] : [ 1.87e-05,  9.56e+05] / [ 1.87e-05,  9.56e+05]

Barrier cache sizes : L1=32K L2=25344K
Using AVX support
Cores per CPU (CORESPERCPU): 18
Barrier starts after 5 seconds, using up to 36 threads, 36 cores
Matrix ordering - Dense cols.:      0   NZ(L):   2719126   Flops:    213651194
 
  Its   P.inf      D.inf      U.inf      Primal obj.     Dual obj.      Compl.
   0   7.75e+09   9.56e+05   2.06e+08   1.5761268e+17  -1.5042712e+18   4.2e+19
   1   2.45e+09   5.38e+05   6.52e+07   2.2339416e+17  -1.3917428e+18   2.4e+19
   2   1.35e+09   1.83e+05   3.60e+07   2.4026301e+17  -1.0498127e+18   1.0e+19
   3   3.79e+07   1.49e+04   1.01e+06   1.9392166e+17  -3.2760541e+17   1.1e+18
   4   9.96e+06   2.51e+03   2.65e+05   1.1627564e+17  -9.8570378e+16   3.2e+17
   5   1.41e+06   6.17e+02   3.76e+04   3.6553945e+16  -3.2109831e+16   9.2e+16
   6   4.21e+05   2.58e+02   1.12e+04   1.7418477e+16  -1.5658291e+16   4.4e+16
   7   4.08e+05   1.71e+02   1.09e+04   1.7045549e+16  -1.0905139e+16   3.6e+16
   8   3.61e+05   1.49e+02   9.60e+03   1.5471461e+16  -9.7312774e+15   3.2e+16
   9   2.93e+05   9.07e+01   7.81e+03   1.3177468e+16  -6.4838111e+15   2.4e+16
  10   2.82e+05   6.94e+01   7.49e+03   1.2730782e+16  -5.2970380e+15   2.2e+16
  11   1.84e+05   3.97e+01   4.89e+03   9.0274589e+15  -3.5515073e+15   1.5e+16
  12   1.58e+05   3.67e+01   4.20e+03   7.9571647e+15  -3.3407814e+15   1.4e+16
  13   1.29e+05   1.73e+01   3.43e+03   6.7307149e+15  -1.9377555e+15   1.0e+16
  14   1.11e+05   1.21e+01   2.95e+03   5.9347038e+15  -1.5172550e+15   8.6e+15
  15   5.07e+04   9.17e+00   1.35e+03   3.1834091e+15  -1.2443418e+15   5.3e+15
  16   2.38e+04   5.18e+00   6.33e+02   1.7802378e+15  -8.0654593e+14   3.1e+15
  17   8.01e+03   9.36e-01   2.13e+02   8.1160580e+14  -2.6347448e+14   1.2e+15
  18   8.16e+02   1.45e-01   2.17e+01   1.4320663e+14  -6.5743376e+13   2.4e+14
  19   2.61e+02   5.57e-02   6.93e+00   6.3105101e+13  -3.1909163e+13   1.1e+14
  20   2.26e+01   1.75e-02   6.02e-01   1.6502793e+13  -1.3512319e+13   3.6e+13
  21   1.83e+01   9.09e-03   4.86e-01   1.4135230e+13  -7.8669102e+12   2.5e+13
  22   1.58e+01   5.76e-03   4.20e-01   1.2644948e+13  -5.4533404e+12   2.0e+13
  23   1.27e+01   2.32e-03   3.38e-01   1.0658184e+13  -2.8268164e+12   1.4e+13
  24   9.01e+00   1.16e-03   2.40e-01   8.1005063e+12  -1.7733158e+12   1.0e+13
  25   7.95e+00   4.26e-04   2.11e-01   7.3073157e+12  -9.8860509e+11   8.5e+12
  26   7.80e+00   3.98e-04   2.07e-01   7.1896721e+12  -9.5352611e+11   8.4e+12
  27   5.87e+00   1.34e-04   1.56e-01   5.6984446e+12  -5.9384505e+11   6.4e+12
  28   3.39e+00   7.18e-05   9.01e-02   3.6748457e+12  -4.6225668e+11   4.2e+12
  29   1.47e+01   2.91e-05   7.71e-03   8.8055887e+11  -3.0432563e+11   1.2e+12
  30   1.24e+01   1.09e-05   6.43e-03   7.6559505e+11  -1.4268007e+11   9.1e+11
  31   1.08e+01   3.70e-06   5.45e-03   6.7223930e+11  -6.9069798e+10   7.4e+11
  32   1.31e+01   2.74e-06   3.02e-03   4.2832579e+11  -5.6068379e+10   4.9e+11
  33   1.10e+01   2.03e-06   2.12e-03   3.2645202e+11  -4.2983944e+10   3.7e+11
  34   1.06e+01   1.19e-06   1.26e-03   2.2197402e+11  -2.6220444e+10   2.5e+11
  35   6.07e+00   4.77e-07   5.18e-04   1.2140311e+11  -1.1034129e+09   1.2e+11
  36   4.97e+00   4.77e-07   3.15e-04   8.6431155e+10   1.3038089e+09   8.5e+10
  37   1.61e+00   7.15e-07   3.99e-05   3.4009042e+10   7.2649357e+09   2.7e+10
  38   5.97e-01   4.77e-07   6.81e-06   1.8751844e+10   1.1324964e+10   7.4e+09
  39   2.33e-01   1.91e-06   1.79e-06   1.5566378e+10   1.2594795e+10   3.0e+09
  40   3.98e-02   1.91e-06   2.07e-07   1.3908022e+10   1.3013747e+10   9.0e+08
  41   1.21e-02   3.81e-06   6.79e-08   1.3465835e+10   1.3165539e+10   3.0e+08
  42   6.62e-03   1.53e-05   5.11e-08   1.3359103e+10   1.3212678e+10   1.5e+08
  43   3.10e-03   1.53e-05   5.60e-08   1.3299209e+10   1.3243131e+10   5.6e+07
  44   2.76e-03   3.05e-05   6.74e-08   1.3277677e+10   1.3250098e+10   2.8e+07
  45   3.74e-03   3.05e-05   7.23e-08   1.3264559e+10   1.3253276e+10   1.1e+07
  46   5.65e-03   6.10e-05   5.71e-08   1.3258787e+10   1.3254618e+10   4.2e+06
  47   3.65e-03   1.22e-04   6.66e-08   1.3257143e+10   1.3255275e+10   1.9e+06
  48   4.07e-03   1.22e-04   7.03e-08   1.3256222e+10   1.3255525e+10   7.0e+05
  49   5.29e-03   2.44e-04   7.64e-08   1.3255961e+10   1.3255636e+10   3.3e+05
  50   1.26e-02   7.32e-04   5.71e-08   1.3255788e+10   1.3255691e+10   9.6e+04
  51   9.43e-02   4.88e-04   5.63e-08   1.3255742e+10   1.3255703e+10   3.9e+04
  52   3.77e-02   9.77e-04   5.90e-08   1.3255724e+10   1.3255714e+10   1.1e+04
  53   2.97e-02   3.91e-03   5.89e-08   1.3255719e+10   1.3255717e+10   2.8e+03
  54   7.56e-03   2.50e-01   5.89e-08   1.3255718e+10   1.3255718e+10   3.7e+02
  55   4.99e-03   7.00e+00   6.71e-08   1.3255718e+10   1.3255718e+10   1.4e+02
  56   5.20e-02   5.00e+00   5.10e-08   1.3255718e+10   1.3255718e+10   1.6e+01
  57   3.35e-01   3.00e+00   6.47e-08   1.3255718e+10   1.3255718e+10   1.3e+01
  58   5.55e-01   1.00e+00   5.13e-08   1.3255718e+10   1.3255718e+10   5.7e+00
  59   8.06e-01   1.00e+00   6.43e-08   1.3255718e+10   1.3255718e+10   2.9e+00
  60   8.69e-01   1.00e+00   1.01e-07   1.3255718e+10   1.3255718e+10   2.2e+00
  61   9.45e-01   1.00e+00   7.64e-08   1.3255718e+10   1.3255718e+10   1.4e+00
  62   1.02e+00   1.00e+00   6.99e-08   1.3255718e+10   1.3255718e+10   6.3e-01
  63   1.05e+00   1.00e+00   6.29e-08   1.3255718e+10   1.3255718e+10   2.7e-01
  64   1.43e+00   1.00e+00   6.50e-08   1.3255718e+10   1.3255718e+10   5.9e-02
  65   1.08e+00   1.00e+00   5.16e-08   1.3255718e+10   1.3255718e+10   1.5e-02
  66   1.20e+00   1.00e+00   4.07e-08   1.3255718e+10   1.3255718e+10   1.1e-03
  67   1.53e+00   1.00e+00   5.59e-08   1.3255718e+10   1.3255718e+10   1.3e-04
  68   1.57e+00   7.45e-09   5.63e-08   1.3255718e+10   1.3255718e+10   4.0e-05
Barrier method finished in 14 seconds
Uncrunching matrix
Optimal solution found
Barrier solved problem
  68 barrier iterations in 20s

Final objective                       : 1.325571774285336e+10
  Max primal violation      (abs/rel) : 1.566e+00 / 1.566e+00
  Max dual violation        (abs/rel) : 9.799e-07 / 9.799e-07
  Max complementarity viol. (abs/rel) : 3.985e+01 / 1.077e-16
FICO Xpress v8.8.0, Hyper, solve started 0:12:08, Dec 3, 2022
Heap usage: 1788MB (peak 4722MB, 0MB system)
Detected container-enforced memory limit of 191752 MB
Minimizing LP 
Original problem has:
   5040941 rows      3087191 cols     15212981 elements
Presolved problem has:
    155416 rows       213798 cols       626170 elements
Presolve finished in 5 seconds
Heap usage: 1390MB (peak 4742MB, 0MB system)

Coefficient range                    original                 solved        
  Coefficients   [min,max] : [ 1.00e+00,  3.68e+04] / [ 1.00e+00,  1.00e+00]
  RHS and bounds [min,max] : [ 1.00e-02,  1.12e+09] / [ 1.01e-02,  1.12e+09]
  Objective      [min,max] : [ 1.87e-05,  9.56e+05] / [ 1.87e-05,  9.56e+05]

Barrier cache sizes : L1=32K L2=25344K
Using AVX support
Cores per CPU (CORESPERCPU): 18
Barrier starts after 5 seconds, using up to 36 threads, 36 cores
Matrix ordering - Dense cols.:      0   NZ(L):   2719696   Flops:    213652524
 
  Its   P.inf      D.inf      U.inf      Primal obj.     Dual obj.      Compl.
   0   7.75e+09   9.56e+05   2.06e+08   1.5936576e+17  -1.5042712e+18   4.2e+19
   1   2.45e+09   5.38e+05   6.52e+07   2.2544295e+17  -1.3917159e+18   2.4e+19
   2   1.35e+09   1.83e+05   3.60e+07   2.4243019e+17  -1.0499888e+18   1.0e+19
   3   3.77e+07   1.48e+04   1.00e+06   1.9580624e+17  -3.2739575e+17   1.1e+18
   4   1.06e+07   2.37e+03   2.81e+05   1.1860298e+17  -9.5452963e+16   3.1e+17
   5   1.54e+06   6.46e+02   4.08e+04   3.8791267e+16  -3.4726501e+16   9.7e+16
   6   2.96e+05   2.50e+02   7.88e+03   1.5493769e+16  -1.6016928e+16   4.2e+16
   7   2.87e+05   1.68e+02   7.63e+03   1.5142497e+16  -1.1237215e+16   3.4e+16
   8   2.57e+05   1.51e+02   6.83e+03   1.3918705e+16  -1.0281217e+16   3.1e+16
   9   2.23e+05   9.38e+01   5.93e+03   1.2506141e+16  -6.9397790e+15   2.4e+16
  10   1.97e+05   6.27e+01   5.24e+03   1.1325815e+16  -5.0739585e+15   2.0e+16
  11   1.59e+05   4.47e+01   4.23e+03   9.4811002e+15  -3.9386811e+15   1.6e+16
  12   1.19e+05   3.99e+01   3.18e+03   7.5034547e+15  -3.6074435e+15   1.4e+16
  13   9.40e+04   2.42e+01   2.50e+03   6.2003629e+15  -2.4303905e+15   1.0e+16
  14   7.49e+04   1.68e+01   1.99e+03   5.1581064e+15  -1.8346412e+15   8.3e+15
  15   3.57e+04   8.98e+00   9.50e+02   2.9021428e+15  -1.1611724e+15   4.9e+15
  16   1.54e+04   2.42e+00   4.10e+02   1.5320372e+15  -4.8046012e+14   2.3e+15
  17   5.44e+03   1.47e+00   1.45e+02   6.9563754e+14  -3.3408165e+14   1.2e+15
  18   7.57e+02   2.53e-01   2.01e+01   1.7741037e+14  -9.0737540e+13   3.2e+14
  19   1.75e+02   6.55e-02   4.66e+00   6.7701278e+13  -3.4214144e+13   1.2e+14
  20   1.29e+01   4.05e-02   3.44e-01   1.3563124e+13  -2.2644197e+13   4.8e+13
  21   5.93e+00   1.27e-02   1.58e-01   8.8317830e+12  -8.4544032e+12   2.1e+13
  22   5.72e+00   1.11e-02   1.52e-01   8.6023431e+12  -7.5368468e+12   2.0e+13
  23   4.52e+00   1.44e-03   1.20e-01   7.3155904e+12  -1.8624553e+12   9.7e+12
  24   4.49e+00   1.41e-03   1.19e-01   7.2688170e+12  -1.8521632e+12   9.7e+12
  25   4.07e+00   1.39e-03   1.08e-01   6.7108372e+12  -1.8364792e+12   9.1e+12
  26   3.93e+00   8.89e-04   1.05e-01   6.5311578e+12  -1.3238687e+12   8.2e+12
  27   3.73e+00   7.85e-04   9.93e-02   6.2454429e+12  -1.2422435e+12   7.8e+12
  28   1.50e+00   4.54e-04   4.00e-02   3.1613660e+12  -8.7424779e+11   4.2e+12
  29   1.35e+00   3.21e-04   3.59e-02   2.8970968e+12  -6.9797620e+11   3.7e+12
  30   7.33e-01   2.07e-04   1.52e-02   1.5354940e+12  -5.1105558e+11   2.1e+12
  31   2.06e+00   1.68e-04   6.19e-03   8.1333593e+11  -4.3133165e+11   1.3e+12
  32   1.60e+01   4.80e-05   1.29e-03   3.2878368e+11  -1.5847071e+11   4.9e+11
  33   1.56e+01   4.51e-05   1.25e-03   3.2101225e+11  -1.5164191e+11   4.8e+11
  34   9.97e+00   2.57e-05   5.57e-04   1.9063295e+11  -9.0266755e+10   2.8e+11
  35   5.35e+00   4.53e-06   2.20e-04   1.0975369e+11  -1.4516618e+10   1.2e+11
  36   3.10e+00   3.10e-06   9.85e-05   6.7114260e+10  -6.8086808e+09   7.4e+10
  37   2.17e+00   1.91e-06   3.01e-05   3.7704637e+10   2.5619144e+09   3.5e+10
  38   8.86e-01   1.43e-06   8.83e-06   2.3855616e+10   8.3698415e+09   1.6e+10
  39   4.40e-01   1.91e-06   1.91e-06   1.7074870e+10   1.2095488e+10   5.0e+09
  40   1.40e-01   1.72e-05   4.13e-07   1.4549208e+10   1.2557306e+10   2.0e+09
  41   3.64e-02   5.72e-06   8.03e-08   1.3553230e+10   1.2875624e+10   6.8e+08
  42   1.82e-02   7.63e-06   5.43e-08   1.3318207e+10   1.3010417e+10   3.1e+08
  43   7.82e-03   1.53e-05   6.04e-08   1.3184345e+10   1.3047950e+10   1.4e+08
  44   6.99e-03   3.05e-05   5.22e-08   1.3119183e+10   1.3063092e+10   5.6e+07
  45   6.44e-03   3.05e-05   5.69e-08   1.3092056e+10   1.3069288e+10   2.3e+07
  46   6.81e-03   3.05e-05   5.76e-08   1.3081931e+10   1.3072005e+10   1.0e+07
  47   5.17e-03   6.10e-05   4.84e-08   1.3077082e+10   1.3073300e+10   3.8e+06
  48   4.10e-03   6.10e-05   4.91e-08   1.3075281e+10   1.3073727e+10   1.6e+06
  49   7.05e-03   1.22e-04   4.46e-08   1.3074665e+10   1.3073963e+10   7.0e+05
  50   5.94e-03   2.44e-04   6.33e-08   1.3074453e+10   1.3074059e+10   4.0e+05
  51   5.79e-03   2.44e-04   5.23e-08   1.3074229e+10   1.3074104e+10   1.3e+05
  52   2.71e-02   4.88e-04   5.74e-08   1.3074175e+10   1.3074125e+10   5.0e+04
  53   1.12e-02   9.77e-03   4.10e-08   1.3074149e+10   1.3074133e+10   1.7e+04
  54   2.82e-02   4.30e-02   6.75e-08   1.3074143e+10   1.3074136e+10   6.7e+03
  55   1.48e-02   4.69e-02   5.22e-08   1.3074139e+10   1.3074137e+10   2.1e+03
  56   3.03e-02   6.25e-02   5.31e-08   1.3074138e+10   1.3074138e+10   4.9e+02
  57   1.64e-02   2.34e-02   5.59e-08   1.3074138e+10   1.3074138e+10   3.0e+01
  58   1.97e+00   2.34e-02   9.90e-08   1.3074138e+10   1.3074138e+10   2.8e+01
  59   1.45e+00   1.56e-02   9.31e-08   1.3074138e+10   1.3074138e+10   2.1e+01
  60   7.45e-01   1.56e-02   8.20e-08   1.3074138e+10   1.3074138e+10   1.0e+01
  61   4.84e-01   3.12e-02   6.71e-08   1.3074138e+10   1.3074138e+10   5.2e+00
  62   4.76e-01   3.12e-02   1.10e-07   1.3074138e+10   1.3074138e+10   5.1e+00
  63   7.89e-01   3.12e-02   7.46e-08   1.3074138e+10   1.3074138e+10   2.4e+00
  64   9.74e-01   3.12e-02   6.97e-08   1.3074138e+10   1.3074138e+10   8.4e-01
  65   1.04e+00   3.12e-02   6.71e-08   1.3074138e+10   1.3074138e+10   2.5e-01
  66   1.05e+00   6.25e-02   6.39e-08   1.3074138e+10   1.3074138e+10   2.1e-01
  67   1.05e+00   3.12e-02   8.63e-08   1.3074138e+10   1.3074138e+10   2.1e-01
  68   1.06e+00   6.25e-02   8.05e-08   1.3074138e+10   1.3074138e+10   1.5e-01
  69   1.06e+00   6.25e-02   1.12e-07   1.3074138e+10   1.3074138e+10   1.3e-01
  70   1.06e+00   6.25e-02   1.19e-07   1.3074138e+10   1.3074138e+10   1.3e-01
  71   1.06e+00   1.25e-01   8.41e-08   1.3074138e+10   1.3074138e+10   8.0e-02
  72   1.08e+00   6.25e-02   5.96e-08   1.3074138e+10   1.3074138e+10   2.4e-03
  73   1.08e+00   6.25e-02   5.83e-08   1.3074138e+10   1.3074138e+10   1.9e-04
  74   1.12e+00   6.25e-02   2.98e-08   1.3074138e+10   1.3074138e+10   3.6e-05
  75   1.08e+00   6.25e-02   5.96e-08   1.3074138e+10   1.3074138e+10   1.4e-05
  76   1.08e+00   6.25e-02   7.45e-08   1.3074138e+10   1.3074138e+10   5.7e-06
Barrier method finished in 16 seconds
?249 Warning: insufficient improvement found
Uncrunching matrix
 
   Its         Obj Value      S   Ninf  Nneg        Sum Inf  Time
     0       1.30745E+10      B   1319     0        .105427    22
Problem is unsolved
SERA directory not specified in input arguments, setting to default directory
STARTING DATA PRE-PROCESSING 
Processing Temporal Data
Processing Nodes
Processing Demand
Processing Existings
Processing Links
Processing Pathways
Creating Infrastructure options
 59.013392 seconds (222.18 M allocations: 22.670 GiB, 23.86% gc time, 0.80% compilation time)

OPTIMIZING FROM 2026 TO 2045 

STARTING OPTIMIZATION MODEL CREATION
CREATING VARIABLES AND EXPRESSIONS
918.353566 seconds (1.13 G allocations: 68.083 GiB, 88.57% gc time, 2.34% compilation time)
POPULATING EXPRESSIONS
338.632399 seconds (853.95 M allocations: 123.221 GiB, 22.51% gc time, 0.08% compilation time)
CREATING CONSTRAINTS
681.227026 seconds (662.29 M allocations: 42.585 GiB, 85.14% gc time, 0.39% compilation time)
POPULATED CORE OPTIMIZATION MODEL, STARTING ITERATIONS
READING COST DATA FOR ITERATION 1
269.470498 seconds (235.29 M allocations: 21.163 GiB, 74.39% gc time, 0.36% compilation time)
CREATING EXPRESSIONS FOR CAPITAL AND FIXED COST
1768.095047 seconds (450.26 M allocations: 38.903 GiB, 97.58% gc time, 0.15% compilation time)
BUILDING OBJECTIVE FUNCTION
 68.855207 seconds (114.16 M allocations: 4.250 GiB, 65.97% gc time, 1.76% compilation time)
Optimizing for iteration 1
2067.719147 seconds (978.81 M allocations: 43.221 GiB, 67.14% gc time, 3.66% compilation time)
OPTIMAL
2.7947004640723656e10
 =  1.0
READING COST DATA FOR ITERATION 2
462.157302 seconds (187.60 M allocations: 20.166 GiB, 85.44% gc time, 0.01% compilation time)
CREATING EXPRESSIONS FOR CAPITAL AND FIXED COST
2089.640824 seconds (451.50 M allocations: 38.777 GiB, 98.04% gc time, 0.01% compilation time)
BUILDING OBJECTIVE FUNCTION
136.710414 seconds (129.02 M allocations: 4.714 GiB, 82.44% gc time)
Optimizing for iteration 2
287.910214 seconds (134 allocations: 153.629 MiB, 0.80% gc time)
OPTIMAL
6.689683627938981e10
 =  0.5822372746599659
READING COST DATA FOR ITERATION 3
583.889912 seconds (185.61 M allocations: 20.110 GiB, 88.04% gc time)
CREATING EXPRESSIONS FOR CAPITAL AND FIXED COST
2749.821136 seconds (451.30 M allocations: 38.767 GiB, 98.24% gc time)
BUILDING OBJECTIVE FUNCTION
177.415219 seconds (129.02 M allocations: 4.714 GiB, 84.10% gc time)
Optimizing for iteration 3
300.810568 seconds (132 allocations: 153.842 MiB, 0.01% gc time)
OPTIMAL
5.479688054542968e10
 =  0.22081468166609838
READING COST DATA FOR ITERATION 4
570.555395 seconds (185.42 M allocations: 20.091 GiB, 87.95% gc time)
CREATING EXPRESSIONS FOR CAPITAL AND FIXED COST
2578.579607 seconds (451.30 M allocations: 38.767 GiB, 98.20% gc time)
BUILDING OBJECTIVE FUNCTION
171.890094 seconds (129.02 M allocations: 4.714 GiB, 83.93% gc time)
Optimizing for iteration 4
279.462479 seconds (132 allocations: 154.055 MiB, 0.01% gc time)
OPTIMAL
5.543380911340667e10
 =  0.01148989358894903
READING COST DATA FOR ITERATION 5
581.454464 seconds (185.37 M allocations: 20.218 GiB, 88.09% gc time)
CREATING EXPRESSIONS FOR CAPITAL AND FIXED COST
2351.261694 seconds (451.30 M allocations: 38.767 GiB, 98.06% gc time)
BUILDING OBJECTIVE FUNCTION
143.065960 seconds (129.02 M allocations: 4.714 GiB, 82.46% gc time)
Optimizing for iteration 5
279.615076 seconds (132 allocations: 154.268 MiB, 0.01% gc time)
OPTIMAL
5.555673903053495e10
 =  0.0022126913726389537
READING COST DATA FOR ITERATION 6
488.438302 seconds (185.36 M allocations: 20.042 GiB, 86.35% gc time)
CREATING EXPRESSIONS FOR CAPITAL AND FIXED COST
2215.094468 seconds (451.30 M allocations: 38.767 GiB, 98.00% gc time)
BUILDING OBJECTIVE FUNCTION
143.506960 seconds (129.02 M allocations: 4.714 GiB, 82.65% gc time)
Optimizing for iteration 6
268.016915 seconds (132 allocations: 154.482 MiB, 0.01% gc time)
OPTIMAL
5.544689676795333e10
 =  0.0019810353583551974
READING COST DATA FOR ITERATION 7
490.269149 seconds (185.36 M allocations: 20.186 GiB, 86.31% gc time)
CREATING EXPRESSIONS FOR CAPITAL AND FIXED COST
2254.020249 seconds (451.30 M allocations: 38.767 GiB, 98.02% gc time)
BUILDING OBJECTIVE FUNCTION
144.818422 seconds (129.02 M allocations: 4.714 GiB, 83.04% gc time)
Optimizing for iteration 7
276.826374 seconds (132 allocations: 154.695 MiB, 0.01% gc time)
OPTIMAL
5.542082560777172e10
 =  0.0004704217201750827
ITERATIONS COMPLETED
WRITING RESULTS TO FILE
212.131462 seconds (189.80 M allocations: 7.707 GiB, 87.13% gc time, 0.73% compilation time)

OPTIMIZING FROM 2046 TO 2050 

STARTING OPTIMIZATION MODEL CREATION
CREATING VARIABLES AND EXPRESSIONS
1341.064368 seconds (288.98 M allocations: 17.111 GiB, 97.75% gc time)
POPULATING EXPRESSIONS
 31.682812 seconds (63.50 M allocations: 8.948 GiB, 39.04% gc time)
CREATING CONSTRAINTS
622.349305 seconds (163.69 M allocations: 8.867 GiB, 95.69% gc time)
POPULATED CORE OPTIMIZATION MODEL, STARTING ITERATIONS
READING COST DATA FOR ITERATION 1
185.506509 seconds (43.13 M allocations: 4.941 GiB, 91.39% gc time)
CREATING EXPRESSIONS FOR CAPITAL AND FIXED COST
 70.771278 seconds (29.79 M allocations: 2.869 GiB, 96.43% gc time)
BUILDING OBJECTIVE FUNCTION
  4.574441 seconds (25.57 M allocations: 1000.610 MiB)
Optimizing for iteration 1
1068.691448 seconds (211.90 M allocations: 9.765 GiB, 94.75% gc time)
OPTIMAL
6.940821765816118e13
 =  1.0
READING COST DATA FOR ITERATION 2
114.929669 seconds (43.91 M allocations: 4.931 GiB, 84.93% gc time)
CREATING EXPRESSIONS FOR CAPITAL AND FIXED COST
 73.688073 seconds (30.14 M allocations: 2.874 GiB, 96.27% gc time)
BUILDING OBJECTIVE FUNCTION
 73.320105 seconds (29.60 M allocations: 1.110 GiB, 93.15% gc time)
Optimizing for iteration 2
 23.374427 seconds (134 allocations: 38.411 MiB, 11.01% gc time)
OPTIMAL
1.3255717742854574e10
 =  5235.096528652762
READING COST DATA FOR ITERATION 3
190.996961 seconds (43.85 M allocations: 4.929 GiB, 91.67% gc time)
CREATING EXPRESSIONS FOR CAPITAL AND FIXED COST
 71.994995 seconds (30.14 M allocations: 2.874 GiB, 96.17% gc time)
BUILDING OBJECTIVE FUNCTION
  5.009983 seconds (29.60 M allocations: 1.110 GiB)
Optimizing for iteration 3
 22.224954 seconds (160 allocations: 38.465 MiB)
NUMERICAL_ERROR
